================================================================================
NETWORK EVENTS - DHCP
================================================================================
Generated: 2026-02-24 14:44:46
Total Events: 220

Summary:
  Errors: 0
  Warnings: 1
  Information: 219

================================================================================

Event #1
--------------------------------------------------------------------------------
Level: Information
Source: Microsoft-Windows-Dhcp-Client
Event ID: 50065
Time: /Date(1771924155533
Message: DHCP has found a match in the cache for Service Set Identifier(SSID) RSN2OfficeWLAN(Hexadecimal value of SSID: 2535E423F4666696365675C414E4) for the Network Card with the network address 0xD0577E0C60CF

Event #2
--------------------------------------------------------------------------------
Level: Information
Source: Microsoft-Windows-Dhcp-Client
Event ID: 50067
Time: /Date(1771924155533
Message: DHCP has received a Service Set Identifier(SSID) RSN2OfficeWLAN(Hexadecimal value of SSID: 2535E423F4666696365675C414E4) for the Network Card with the network address 0xD0577E0C60CF

Event #3
--------------------------------------------------------------------------------
Level: Information
Source: Microsoft-Windows-Dhcp-Client
Event ID: 50065
Time: /Date(1771924128175
Message: DHCP has found a match in the cache for Service Set Identifier(SSID) RSN2OfficeWLAN(Hexadecimal value of SSID: 2535E423F4666696365675C414E4) for the Network Card with the network address 0xD0577E0C60CF

Event #4
--------------------------------------------------------------------------------
Level: Information
Source: Microsoft-Windows-Dhcp-Client
Event ID: 50067
Time: /Date(1771924128175
Message: DHCP has received a Service Set Identifier(SSID) RSN2OfficeWLAN(Hexadecimal value of SSID: 2535E423F4666696365675C414E4) for the Network Card with the network address 0xD0577E0C60CF

Event #5
--------------------------------------------------------------------------------
Level: Information
Source: Microsoft-Windows-Dhcp-Client
Event ID: 50065
Time: /Date(1771922989699
Message: DHCP has found a match in the cache for Service Set Identifier(SSID) RSN2OfficeWLAN(Hexadecimal value of SSID: 2535E423F4666696365675C414E4) for the Network Card with the network address 0xD0577E0C60CF

Event #6
--------------------------------------------------------------------------------
Level: Information
Source: Microsoft-Windows-Dhcp-Client
Event ID: 50067
Time: /Date(1771922989699
Message: DHCP has received a Service Set Identifier(SSID) RSN2OfficeWLAN(Hexadecimal value of SSID: 2535E423F4666696365675C414E4) for the Network Card with the network address 0xD0577E0C60CF

Event #7
--------------------------------------------------------------------------------
Level: Information
Source: Microsoft-Windows-Dhcp-Client
Event ID: 50065
Time: /Date(1771922974132
Message: DHCP has found a match in the cache for Service Set Identifier(SSID) RSN2OfficeWLAN(Hexadecimal value of SSID: 2535E423F4666696365675C414E4) for the Network Card with the network address 0xD0577E0C60CF

Event #8
--------------------------------------------------------------------------------
Level: Information
Source: Microsoft-Windows-Dhcp-Client
Event ID: 50067
Time: /Date(1771922974132
Message: DHCP has received a Service Set Identifier(SSID) RSN2OfficeWLAN(Hexadecimal value of SSID: 2535E423F4666696365675C414E4) for the Network Card with the network address 0xD0577E0C60CF

Event #9
--------------------------------------------------------------------------------
Level: Information
Source: Microsoft-Windows-Dhcp-Client
Event ID: 50065
Time: /Date(1771922128871
Message: DHCP has found a match in the cache for Service Set Identifier(SSID) RSN2OfficeWLAN(Hexadecimal value of SSID: 2535E423F4666696365675C414E4) for the Network Card with the network address 0xD0577E0C60CF

Event #10
--------------------------------------------------------------------------------
Level: Information
Source: Microsoft-Windows-Dhcp-Client
Event ID: 50067
Time: /Date(1771922128871
Message: DHCP has received a Service Set Identifier(SSID) RSN2OfficeWLAN(Hexadecimal value of SSID: 2535E423F4666696365675C414E4) for the Network Card with the network address 0xD0577E0C60CF

Event #11
--------------------------------------------------------------------------------
Level: Information
Source: Microsoft-Windows-Dhcp-Client
Event ID: 50065
Time: /Date(1771922064119
Message: DHCP has found a match in the cache for Service Set Identifier(SSID) RSN2OfficeWLAN(Hexadecimal value of SSID: 2535E423F4666696365675C414E4) for the Network Card with the network address 0xD0577E0C60CF

Event #12
--------------------------------------------------------------------------------
Level: Information
Source: Microsoft-Windows-Dhcp-Client
Event ID: 50067
Time: /Date(1771922064119
Message: DHCP has received a Service Set Identifier(SSID) RSN2OfficeWLAN(Hexadecimal value of SSID: 2535E423F4666696365675C414E4) for the Network Card with the network address 0xD0577E0C60CF

Event #13
--------------------------------------------------------------------------------
Level: Information
Source: Microsoft-Windows-Dhcp-Client
Event ID: 50065
Time: /Date(1771921802336
Message: DHCP has found a match in the cache for Service Set Identifier(SSID) RSN2OfficeWLAN(Hexadecimal value of SSID: 2535E423F4666696365675C414E4) for the Network Card with the network address 0xD0577E0C60CF

Event #14
--------------------------------------------------------------------------------
Level: Information
Source: Microsoft-Windows-Dhcp-Client
Event ID: 50067
Time: /Date(1771921802336
Message: DHCP has received a Service Set Identifier(SSID) RSN2OfficeWLAN(Hexadecimal value of SSID: 2535E423F4666696365675C414E4) for the Network Card with the network address 0xD0577E0C60CF

Event #15
--------------------------------------------------------------------------------
Level: Information
Source: Microsoft-Windows-Dhcp-Client
Event ID: 50065
Time: /Date(1771921733548
Message: DHCP has found a match in the cache for Service Set Identifier(SSID) RSN2OfficeWLAN(Hexadecimal value of SSID: 2535E423F4666696365675C414E4) for the Network Card with the network address 0xD0577E0C60CF

Event #16
--------------------------------------------------------------------------------
Level: Information
Source: Microsoft-Windows-Dhcp-Client
Event ID: 50067
Time: /Date(1771921733548
Message: DHCP has received a Service Set Identifier(SSID) RSN2OfficeWLAN(Hexadecimal value of SSID: 2535E423F4666696365675C414E4) for the Network Card with the network address 0xD0577E0C60CF

Event #17
--------------------------------------------------------------------------------
Level: Information
Source: Microsoft-Windows-Dhcp-Client
Event ID: 50065
Time: /Date(1771920843441
Message: DHCP has found a match in the cache for Service Set Identifier(SSID) RSN2OfficeWLAN(Hexadecimal value of SSID: 2535E423F4666696365675C414E4) for the Network Card with the network address 0xD0577E0C60CF

Event #18
--------------------------------------------------------------------------------
Level: Information
Source: Microsoft-Windows-Dhcp-Client
Event ID: 50067
Time: /Date(1771920843441
Message: DHCP has received a Service Set Identifier(SSID) RSN2OfficeWLAN(Hexadecimal value of SSID: 2535E423F4666696365675C414E4) for the Network Card with the network address 0xD0577E0C60CF

Event #19
--------------------------------------------------------------------------------
Level: Information
Source: Microsoft-Windows-Dhcp-Client
Event ID: 50065
Time: /Date(1771920433031
Message: DHCP has found a match in the cache for Service Set Identifier(SSID) RSN2OfficeWLAN(Hexadecimal value of SSID: 2535E423F4666696365675C414E4) for the Network Card with the network address 0xD0577E0C60CF

Event #20
--------------------------------------------------------------------------------
Level: Information
Source: Microsoft-Windows-Dhcp-Client
Event ID: 50067
Time: /Date(1771920433031
Message: DHCP has received a Service Set Identifier(SSID) RSN2OfficeWLAN(Hexadecimal value of SSID: 2535E423F4666696365675C414E4) for the Network Card with the network address 0xD0577E0C60CF

Event #21
--------------------------------------------------------------------------------
Level: Information
Source: Microsoft-Windows-Dhcp-Client
Event ID: 50065
Time: /Date(1771920429254
Message: DHCP has found a match in the cache for Service Set Identifier(SSID) RSN2OfficeWLAN(Hexadecimal value of SSID: 2535E423F4666696365675C414E4) for the Network Card with the network address 0xD0577E0C60CF

Event #22
--------------------------------------------------------------------------------
Level: Information
Source: Microsoft-Windows-Dhcp-Client
Event ID: 50067
Time: /Date(1771920429254
Message: DHCP has received a Service Set Identifier(SSID) RSN2OfficeWLAN(Hexadecimal value of SSID: 2535E423F4666696365675C414E4) for the Network Card with the network address 0xD0577E0C60CF

Event #23
--------------------------------------------------------------------------------
Level: Information
Source: Microsoft-Windows-Dhcp-Client
Event ID: 50065
Time: /Date(1771920246568
Message: DHCP has found a match in the cache for Service Set Identifier(SSID) RSN2OfficeWLAN(Hexadecimal value of SSID: 2535E423F4666696365675C414E4) for the Network Card with the network address 0xD0577E0C60CF

Event #24
--------------------------------------------------------------------------------
Level: Information
Source: Microsoft-Windows-Dhcp-Client
Event ID: 50067
Time: /Date(1771920246568
Message: DHCP has received a Service Set Identifier(SSID) RSN2OfficeWLAN(Hexadecimal value of SSID: 2535E423F4666696365675C414E4) for the Network Card with the network address 0xD0577E0C60CF

Event #25
--------------------------------------------------------------------------------
Level: Information
Source: Microsoft-Windows-Dhcp-Client
Event ID: 50065
Time: /Date(1771920242139
Message: DHCP has found a match in the cache for Service Set Identifier(SSID) RSN2OfficeWLAN(Hexadecimal value of SSID: 2535E423F4666696365675C414E4) for the Network Card with the network address 0xD0577E0C60CF

Event #26
--------------------------------------------------------------------------------
Level: Information
Source: Microsoft-Windows-Dhcp-Client
Event ID: 50067
Time: /Date(1771920242139
Message: DHCP has received a Service Set Identifier(SSID) RSN2OfficeWLAN(Hexadecimal value of SSID: 2535E423F4666696365675C414E4) for the Network Card with the network address 0xD0577E0C60CF

Event #27
--------------------------------------------------------------------------------
Level: Information
Source: Microsoft-Windows-Dhcp-Client
Event ID: 50065
Time: /Date(1771920235399
Message: DHCP has found a match in the cache for Service Set Identifier(SSID) RSN2OfficeWLAN(Hexadecimal value of SSID: 2535E423F4666696365675C414E4) for the Network Card with the network address 0xD0577E0C60CF

Event #28
--------------------------------------------------------------------------------
Level: Information
Source: Microsoft-Windows-Dhcp-Client
Event ID: 50067
Time: /Date(1771920235399
Message: DHCP has received a Service Set Identifier(SSID) RSN2OfficeWLAN(Hexadecimal value of SSID: 2535E423F4666696365675C414E4) for the Network Card with the network address 0xD0577E0C60CF

Event #29
--------------------------------------------------------------------------------
Level: Information
Source: Microsoft-Windows-Dhcp-Client
Event ID: 50065
Time: /Date(1771920114599
Message: DHCP has found a match in the cache for Service Set Identifier(SSID) RSN2OfficeWLAN(Hexadecimal value of SSID: 2535E423F4666696365675C414E4) for the Network Card with the network address 0xD0577E0C60CF

Event #30
--------------------------------------------------------------------------------
Level: Information
Source: Microsoft-Windows-Dhcp-Client
Event ID: 50067
Time: /Date(1771920114599
Message: DHCP has received a Service Set Identifier(SSID) RSN2OfficeWLAN(Hexadecimal value of SSID: 2535E423F4666696365675C414E4) for the Network Card with the network address 0xD0577E0C60CF

Event #31
--------------------------------------------------------------------------------
Level: Information
Source: Microsoft-Windows-Dhcp-Client
Event ID: 50065
Time: /Date(1771919931710
Message: DHCP has found a match in the cache for Service Set Identifier(SSID) RSN2OfficeWLAN(Hexadecimal value of SSID: 2535E423F4666696365675C414E4) for the Network Card with the network address 0xD0577E0C60CF

Event #32
--------------------------------------------------------------------------------
Level: Information
Source: Microsoft-Windows-Dhcp-Client
Event ID: 50067
Time: /Date(1771919931710
Message: DHCP has received a Service Set Identifier(SSID) RSN2OfficeWLAN(Hexadecimal value of SSID: 2535E423F4666696365675C414E4) for the Network Card with the network address 0xD0577E0C60CF

Event #33
--------------------------------------------------------------------------------
Level: Information
Source: Microsoft-Windows-Dhcp-Client
Event ID: 50065
Time: /Date(1771919838078
Message: DHCP has found a match in the cache for Service Set Identifier(SSID) RSN2OfficeWLAN(Hexadecimal value of SSID: 2535E423F4666696365675C414E4) for the Network Card with the network address 0xD0577E0C60CF

Event #34
--------------------------------------------------------------------------------
Level: Information
Source: Microsoft-Windows-Dhcp-Client
Event ID: 50067
Time: /Date(1771919838078
Message: DHCP has received a Service Set Identifier(SSID) RSN2OfficeWLAN(Hexadecimal value of SSID: 2535E423F4666696365675C414E4) for the Network Card with the network address 0xD0577E0C60CF

Event #35
--------------------------------------------------------------------------------
Level: Information
Source: Microsoft-Windows-Dhcp-Client
Event ID: 50065
Time: /Date(1771919739690
Message: DHCP has found a match in the cache for Service Set Identifier(SSID) RSN2OfficeWLAN(Hexadecimal value of SSID: 2535E423F4666696365675C414E4) for the Network Card with the network address 0xD0577E0C60CF

Event #36
--------------------------------------------------------------------------------
Level: Information
Source: Microsoft-Windows-Dhcp-Client
Event ID: 50067
Time: /Date(1771919739690
Message: DHCP has received a Service Set Identifier(SSID) RSN2OfficeWLAN(Hexadecimal value of SSID: 2535E423F4666696365675C414E4) for the Network Card with the network address 0xD0577E0C60CF

Event #37
--------------------------------------------------------------------------------
Level: Information
Source: Microsoft-Windows-Dhcp-Client
Event ID: 50065
Time: /Date(1771919736984
Message: DHCP has found a match in the cache for Service Set Identifier(SSID) RSN2OfficeWLAN(Hexadecimal value of SSID: 2535E423F4666696365675C414E4) for the Network Card with the network address 0xD0577E0C60CF

Event #38
--------------------------------------------------------------------------------
Level: Information
Source: Microsoft-Windows-Dhcp-Client
Event ID: 50067
Time: /Date(1771919736984
Message: DHCP has received a Service Set Identifier(SSID) RSN2OfficeWLAN(Hexadecimal value of SSID: 2535E423F4666696365675C414E4) for the Network Card with the network address 0xD0577E0C60CF

Event #39
--------------------------------------------------------------------------------
Level: Information
Source: Microsoft-Windows-Dhcp-Client
Event ID: 50065
Time: /Date(1771919727019
Message: DHCP has found a match in the cache for Service Set Identifier(SSID) RSN2OfficeWLAN(Hexadecimal value of SSID: 2535E423F4666696365675C414E4) for the Network Card with the network address 0xD0577E0C60CF

Event #40
--------------------------------------------------------------------------------
Level: Information
Source: Microsoft-Windows-Dhcp-Client
Event ID: 50067
Time: /Date(1771919727019
Message: DHCP has received a Service Set Identifier(SSID) RSN2OfficeWLAN(Hexadecimal value of SSID: 2535E423F4666696365675C414E4) for the Network Card with the network address 0xD0577E0C60CF

Event #41
--------------------------------------------------------------------------------
Level: Information
Source: Microsoft-Windows-Dhcp-Client
Event ID: 50065
Time: /Date(1771919724951
Message: DHCP has found a match in the cache for Service Set Identifier(SSID) RSN2OfficeWLAN(Hexadecimal value of SSID: 2535E423F4666696365675C414E4) for the Network Card with the network address 0xD0577E0C60CF

Event #42
--------------------------------------------------------------------------------
Level: Information
Source: Microsoft-Windows-Dhcp-Client
Event ID: 50067
Time: /Date(1771919724950
Message: DHCP has received a Service Set Identifier(SSID) RSN2OfficeWLAN(Hexadecimal value of SSID: 2535E423F4666696365675C414E4) for the Network Card with the network address 0xD0577E0C60CF

Event #43
--------------------------------------------------------------------------------
Level: Information
Source: Microsoft-Windows-Dhcp-Client
Event ID: 50065
Time: /Date(1771919541844
Message: DHCP has found a match in the cache for Service Set Identifier(SSID) RSN2OfficeWLAN(Hexadecimal value of SSID: 2535E423F4666696365675C414E4) for the Network Card with the network address 0xD0577E0C60CF

Event #44
--------------------------------------------------------------------------------
Level: Information
Source: Microsoft-Windows-Dhcp-Client
Event ID: 50067
Time: /Date(1771919541844
Message: DHCP has received a Service Set Identifier(SSID) RSN2OfficeWLAN(Hexadecimal value of SSID: 2535E423F4666696365675C414E4) for the Network Card with the network address 0xD0577E0C60CF

Event #45
--------------------------------------------------------------------------------
Level: Information
Source: Microsoft-Windows-Dhcp-Client
Event ID: 50065
Time: /Date(1771919539773
Message: DHCP has found a match in the cache for Service Set Identifier(SSID) RSN2OfficeWLAN(Hexadecimal value of SSID: 2535E423F4666696365675C414E4) for the Network Card with the network address 0xD0577E0C60CF

Event #46
--------------------------------------------------------------------------------
Level: Information
Source: Microsoft-Windows-Dhcp-Client
Event ID: 50067
Time: /Date(1771919539773
Message: DHCP has received a Service Set Identifier(SSID) RSN2OfficeWLAN(Hexadecimal value of SSID: 2535E423F4666696365675C414E4) for the Network Card with the network address 0xD0577E0C60CF

Event #47
--------------------------------------------------------------------------------
Level: Information
Source: Microsoft-Windows-Dhcp-Client
Event ID: 50065
Time: /Date(1771919474197
Message: DHCP has found a match in the cache for Service Set Identifier(SSID) RSN2OfficeWLAN(Hexadecimal value of SSID: 2535E423F4666696365675C414E4) for the Network Card with the network address 0xD0577E0C60CF

Event #48
--------------------------------------------------------------------------------
Level: Information
Source: Microsoft-Windows-Dhcp-Client
Event ID: 50067
Time: /Date(1771919474197
Message: DHCP has received a Service Set Identifier(SSID) RSN2OfficeWLAN(Hexadecimal value of SSID: 2535E423F4666696365675C414E4) for the Network Card with the network address 0xD0577E0C60CF

Event #49
--------------------------------------------------------------------------------
Level: Information
Source: Microsoft-Windows-Dhcp-Client
Event ID: 50065
Time: /Date(1771914906063
Message: DHCP has found a match in the cache for Service Set Identifier(SSID) RSN2OfficeWLAN(Hexadecimal value of SSID: 2535E423F4666696365675C414E4) for the Network Card with the network address 0xD0577E0C60CF

Event #50
--------------------------------------------------------------------------------
Level: Information
Source: Microsoft-Windows-Dhcp-Client
Event ID: 50067
Time: /Date(1771914906063
Message: DHCP has received a Service Set Identifier(SSID) RSN2OfficeWLAN(Hexadecimal value of SSID: 2535E423F4666696365675C414E4) for the Network Card with the network address 0xD0577E0C60CF

Event #51
--------------------------------------------------------------------------------
Level: Information
Source: Microsoft-Windows-Dhcp-Client
Event ID: 50065
Time: /Date(1771914899001
Message: DHCP has found a match in the cache for Service Set Identifier(SSID) RSN2OfficeWLAN(Hexadecimal value of SSID: 2535E423F4666696365675C414E4) for the Network Card with the network address 0xD0577E0C60CF

Event #52
--------------------------------------------------------------------------------
Level: Information
Source: Microsoft-Windows-Dhcp-Client
Event ID: 50067
Time: /Date(1771914899001
Message: DHCP has received a Service Set Identifier(SSID) RSN2OfficeWLAN(Hexadecimal value of SSID: 2535E423F4666696365675C414E4) for the Network Card with the network address 0xD0577E0C60CF

Event #53
--------------------------------------------------------------------------------
Level: Information
Source: Microsoft-Windows-Dhcp-Client
Event ID: 50065
Time: /Date(1771914863878
Message: DHCP has found a match in the cache for Service Set Identifier(SSID) RSN2OfficeWLAN(Hexadecimal value of SSID: 2535E423F4666696365675C414E4) for the Network Card with the network address 0xD0577E0C60CF

Event #54
--------------------------------------------------------------------------------
Level: Information
Source: Microsoft-Windows-Dhcp-Client
Event ID: 50067
Time: /Date(1771914863878
Message: DHCP has received a Service Set Identifier(SSID) RSN2OfficeWLAN(Hexadecimal value of SSID: 2535E423F4666696365675C414E4) for the Network Card with the network address 0xD0577E0C60CF

Event #55
--------------------------------------------------------------------------------
Level: Information
Source: Microsoft-Windows-Dhcp-Client
Event ID: 50065
Time: /Date(1771912554941
Message: DHCP has found a match in the cache for Service Set Identifier(SSID) RSN2OfficeWLAN(Hexadecimal value of SSID: 2535E423F4666696365675C414E4) for the Network Card with the network address 0xD0577E0C60CF

Event #56
--------------------------------------------------------------------------------
Level: Information
Source: Microsoft-Windows-Dhcp-Client
Event ID: 50067
Time: /Date(1771912554941
Message: DHCP has received a Service Set Identifier(SSID) RSN2OfficeWLAN(Hexadecimal value of SSID: 2535E423F4666696365675C414E4) for the Network Card with the network address 0xD0577E0C60CF

Event #57
--------------------------------------------------------------------------------
Level: Information
Source: Microsoft-Windows-Dhcp-Client
Event ID: 50065
Time: /Date(1771912547698
Message: DHCP has found a match in the cache for Service Set Identifier(SSID) RSN2OfficeWLAN(Hexadecimal value of SSID: 2535E423F4666696365675C414E4) for the Network Card with the network address 0xD0577E0C60CF

Event #58
--------------------------------------------------------------------------------
Level: Information
Source: Microsoft-Windows-Dhcp-Client
Event ID: 50067
Time: /Date(1771912547698
Message: DHCP has received a Service Set Identifier(SSID) RSN2OfficeWLAN(Hexadecimal value of SSID: 2535E423F4666696365675C414E4) for the Network Card with the network address 0xD0577E0C60CF

Event #59
--------------------------------------------------------------------------------
Level: Information
Source: Microsoft-Windows-Dhcp-Client
Event ID: 50065
Time: /Date(1771912487072
Message: DHCP has found a match in the cache for Service Set Identifier(SSID) RSN2OfficeWLAN(Hexadecimal value of SSID: 2535E423F4666696365675C414E4) for the Network Card with the network address 0xD0577E0C60CF

Event #60
--------------------------------------------------------------------------------
Level: Information
Source: Microsoft-Windows-Dhcp-Client
Event ID: 50067
Time: /Date(1771912487072
Message: DHCP has received a Service Set Identifier(SSID) RSN2OfficeWLAN(Hexadecimal value of SSID: 2535E423F4666696365675C414E4) for the Network Card with the network address 0xD0577E0C60CF

Event #61
--------------------------------------------------------------------------------
Level: Information
Source: Microsoft-Windows-Dhcp-Client
Event ID: 50065
Time: /Date(1771912479450
Message: DHCP has found a match in the cache for Service Set Identifier(SSID) RSN2OfficeWLAN(Hexadecimal value of SSID: 2535E423F4666696365675C414E4) for the Network Card with the network address 0xD0577E0C60CF

Event #62
--------------------------------------------------------------------------------
Level: Information
Source: Microsoft-Windows-Dhcp-Client
Event ID: 50067
Time: /Date(1771912479450
Message: DHCP has received a Service Set Identifier(SSID) RSN2OfficeWLAN(Hexadecimal value of SSID: 2535E423F4666696365675C414E4) for the Network Card with the network address 0xD0577E0C60CF

Event #63
--------------------------------------------------------------------------------
Level: Information
Source: Microsoft-Windows-Dhcp-Client
Event ID: 50065
Time: /Date(1771912463475
Message: DHCP has found a match in the cache for Service Set Identifier(SSID) RSN2OfficeWLAN(Hexadecimal value of SSID: 2535E423F4666696365675C414E4) for the Network Card with the network address 0xD0577E0C60CF

Event #64
--------------------------------------------------------------------------------
Level: Information
Source: Microsoft-Windows-Dhcp-Client
Event ID: 50067
Time: /Date(1771912463475
Message: DHCP has received a Service Set Identifier(SSID) RSN2OfficeWLAN(Hexadecimal value of SSID: 2535E423F4666696365675C414E4) for the Network Card with the network address 0xD0577E0C60CF

Event #65
--------------------------------------------------------------------------------
Level: Information
Source: Microsoft-Windows-Dhcp-Client
Event ID: 50065
Time: /Date(1771912457511
Message: DHCP has found a match in the cache for Service Set Identifier(SSID) RSN2OfficeWLAN(Hexadecimal value of SSID: 2535E423F4666696365675C414E4) for the Network Card with the network address 0xD0577E0C60CF

Event #66
--------------------------------------------------------------------------------
Level: Information
Source: Microsoft-Windows-Dhcp-Client
Event ID: 50067
Time: /Date(1771912457511
Message: DHCP has received a Service Set Identifier(SSID) RSN2OfficeWLAN(Hexadecimal value of SSID: 2535E423F4666696365675C414E4) for the Network Card with the network address 0xD0577E0C60CF

Event #67
--------------------------------------------------------------------------------
Level: Information
Source: Microsoft-Windows-Dhcp-Client
Event ID: 50065
Time: /Date(1771912451937
Message: DHCP has found a match in the cache for Service Set Identifier(SSID) RSN2OfficeWLAN(Hexadecimal value of SSID: 2535E423F4666696365675C414E4) for the Network Card with the network address 0xD0577E0C60CF

Event #68
--------------------------------------------------------------------------------
Level: Information
Source: Microsoft-Windows-Dhcp-Client
Event ID: 50067
Time: /Date(1771912451937
Message: DHCP has received a Service Set Identifier(SSID) RSN2OfficeWLAN(Hexadecimal value of SSID: 2535E423F4666696365675C414E4) for the Network Card with the network address 0xD0577E0C60CF

Event #69
--------------------------------------------------------------------------------
Level: Information
Source: Microsoft-Windows-Dhcp-Client
Event ID: 50065
Time: /Date(1771912393278
Message: DHCP has found a match in the cache for Service Set Identifier(SSID) RSN2OfficeWLAN(Hexadecimal value of SSID: 2535E423F4666696365675C414E4) for the Network Card with the network address 0xD0577E0C60CF

Event #70
--------------------------------------------------------------------------------
Level: Information
Source: Microsoft-Windows-Dhcp-Client
Event ID: 50067
Time: /Date(1771912393278
Message: DHCP has received a Service Set Identifier(SSID) RSN2OfficeWLAN(Hexadecimal value of SSID: 2535E423F4666696365675C414E4) for the Network Card with the network address 0xD0577E0C60CF

Event #71
--------------------------------------------------------------------------------
Level: Information
Source: Microsoft-Windows-Dhcp-Client
Event ID: 50065
Time: /Date(1771911709650
Message: DHCP has found a match in the cache for Service Set Identifier(SSID) RSN2OfficeWLAN(Hexadecimal value of SSID: 2535E423F4666696365675C414E4) for the Network Card with the network address 0xD0577E0C60CF

Event #72
--------------------------------------------------------------------------------
Level: Information
Source: Microsoft-Windows-Dhcp-Client
Event ID: 50067
Time: /Date(1771911709650
Message: DHCP has received a Service Set Identifier(SSID) RSN2OfficeWLAN(Hexadecimal value of SSID: 2535E423F4666696365675C414E4) for the Network Card with the network address 0xD0577E0C60CF

Event #73
--------------------------------------------------------------------------------
Level: Information
Source: Microsoft-Windows-Dhcp-Client
Event ID: 50065
Time: /Date(1771911571002
Message: DHCP has found a match in the cache for Service Set Identifier(SSID) RSN2OfficeWLAN(Hexadecimal value of SSID: 2535E423F4666696365675C414E4) for the Network Card with the network address 0xD0577E0C60CF

Event #74
--------------------------------------------------------------------------------
Level: Information
Source: Microsoft-Windows-Dhcp-Client
Event ID: 50067
Time: /Date(1771911571002
Message: DHCP has received a Service Set Identifier(SSID) RSN2OfficeWLAN(Hexadecimal value of SSID: 2535E423F4666696365675C414E4) for the Network Card with the network address 0xD0577E0C60CF

Event #75
--------------------------------------------------------------------------------
Level: Information
Source: Microsoft-Windows-Dhcp-Client
Event ID: 50065
Time: /Date(1771911445231
Message: DHCP has found a match in the cache for Service Set Identifier(SSID) RSN2OfficeWLAN(Hexadecimal value of SSID: 2535E423F4666696365675C414E4) for the Network Card with the network address 0xD0577E0C60CF

Event #76
--------------------------------------------------------------------------------
Level: Information
Source: Microsoft-Windows-Dhcp-Client
Event ID: 50067
Time: /Date(1771911445231
Message: DHCP has received a Service Set Identifier(SSID) RSN2OfficeWLAN(Hexadecimal value of SSID: 2535E423F4666696365675C414E4) for the Network Card with the network address 0xD0577E0C60CF

Event #77
--------------------------------------------------------------------------------
Level: Information
Source: Microsoft-Windows-Dhcp-Client
Event ID: 50065
Time: /Date(1771910406696
Message: DHCP has found a match in the cache for Service Set Identifier(SSID) RSN2OfficeWLAN(Hexadecimal value of SSID: 2535E423F4666696365675C414E4) for the Network Card with the network address 0xD0577E0C60CF

Event #78
--------------------------------------------------------------------------------
Level: Information
Source: Microsoft-Windows-Dhcp-Client
Event ID: 50067
Time: /Date(1771910406696
Message: DHCP has received a Service Set Identifier(SSID) RSN2OfficeWLAN(Hexadecimal value of SSID: 2535E423F4666696365675C414E4) for the Network Card with the network address 0xD0577E0C60CF

Event #79
--------------------------------------------------------------------------------
Level: Information
Source: Microsoft-Windows-Dhcp-Client
Event ID: 50065
Time: /Date(1771910401044
Message: DHCP has found a match in the cache for Service Set Identifier(SSID) RSN2OfficeWLAN(Hexadecimal value of SSID: 2535E423F4666696365675C414E4) for the Network Card with the network address 0xD0577E0C60CF

Event #80
--------------------------------------------------------------------------------
Level: Information
Source: Microsoft-Windows-Dhcp-Client
Event ID: 50067
Time: /Date(1771910401044
Message: DHCP has received a Service Set Identifier(SSID) RSN2OfficeWLAN(Hexadecimal value of SSID: 2535E423F4666696365675C414E4) for the Network Card with the network address 0xD0577E0C60CF

Event #81
--------------------------------------------------------------------------------
Level: Information
Source: Microsoft-Windows-Dhcp-Client
Event ID: 50065
Time: /Date(1771909896170
Message: DHCP has found a match in the cache for Service Set Identifier(SSID) RSN2OfficeWLAN(Hexadecimal value of SSID: 2535E423F4666696365675C414E4) for the Network Card with the network address 0xD0577E0C60CF

Event #82
--------------------------------------------------------------------------------
Level: Information
Source: Microsoft-Windows-Dhcp-Client
Event ID: 50067
Time: /Date(1771909896170
Message: DHCP has received a Service Set Identifier(SSID) RSN2OfficeWLAN(Hexadecimal value of SSID: 2535E423F4666696365675C414E4) for the Network Card with the network address 0xD0577E0C60CF

Event #83
--------------------------------------------------------------------------------
Level: Information
Source: Microsoft-Windows-Dhcp-Client
Event ID: 50065
Time: /Date(1771909887101
Message: DHCP has found a match in the cache for Service Set Identifier(SSID) RSN2OfficeWLAN(Hexadecimal value of SSID: 2535E423F4666696365675C414E4) for the Network Card with the network address 0xD0577E0C60CF

Event #84
--------------------------------------------------------------------------------
Level: Information
Source: Microsoft-Windows-Dhcp-Client
Event ID: 50067
Time: /Date(1771909887101
Message: DHCP has received a Service Set Identifier(SSID) RSN2OfficeWLAN(Hexadecimal value of SSID: 2535E423F4666696365675C414E4) for the Network Card with the network address 0xD0577E0C60CF

Event #85
--------------------------------------------------------------------------------
Level: Information
Source: Microsoft-Windows-Dhcp-Client
Event ID: 50065
Time: /Date(1771909498399
Message: DHCP has found a match in the cache for Service Set Identifier(SSID) RSN2OfficeWLAN(Hexadecimal value of SSID: 2535E423F4666696365675C414E4) for the Network Card with the network address 0xD0577E0C60CF

Event #86
--------------------------------------------------------------------------------
Level: Information
Source: Microsoft-Windows-Dhcp-Client
Event ID: 50067
Time: /Date(1771909498399
Message: DHCP has received a Service Set Identifier(SSID) RSN2OfficeWLAN(Hexadecimal value of SSID: 2535E423F4666696365675C414E4) for the Network Card with the network address 0xD0577E0C60CF

Event #87
--------------------------------------------------------------------------------
Level: Information
Source: Microsoft-Windows-Dhcp-Client
Event ID: 50065
Time: /Date(1771909488791
Message: DHCP has found a match in the cache for Service Set Identifier(SSID) RSN2OfficeWLAN(Hexadecimal value of SSID: 2535E423F4666696365675C414E4) for the Network Card with the network address 0xD0577E0C60CF

Event #88
--------------------------------------------------------------------------------
Level: Information
Source: Microsoft-Windows-Dhcp-Client
Event ID: 50067
Time: /Date(1771909488791
Message: DHCP has received a Service Set Identifier(SSID) RSN2OfficeWLAN(Hexadecimal value of SSID: 2535E423F4666696365675C414E4) for the Network Card with the network address 0xD0577E0C60CF

Event #89
--------------------------------------------------------------------------------
Level: Information
Source: Microsoft-Windows-Dhcp-Client
Event ID: 50065
Time: /Date(1771909482417
Message: DHCP has found a match in the cache for Service Set Identifier(SSID) RSN2OfficeWLAN(Hexadecimal value of SSID: 2535E423F4666696365675C414E4) for the Network Card with the network address 0xD0577E0C60CF

Event #90
--------------------------------------------------------------------------------
Level: Information
Source: Microsoft-Windows-Dhcp-Client
Event ID: 50067
Time: /Date(1771909482417
Message: DHCP has received a Service Set Identifier(SSID) RSN2OfficeWLAN(Hexadecimal value of SSID: 2535E423F4666696365675C414E4) for the Network Card with the network address 0xD0577E0C60CF

Event #91
--------------------------------------------------------------------------------
Level: Information
Source: Microsoft-Windows-Dhcp-Client
Event ID: 50065
Time: /Date(1771909457306
Message: DHCP has found a match in the cache for Service Set Identifier(SSID) RSN2OfficeWLAN(Hexadecimal value of SSID: 2535E423F4666696365675C414E4) for the Network Card with the network address 0xD0577E0C60CF

Event #92
--------------------------------------------------------------------------------
Level: Information
Source: Microsoft-Windows-Dhcp-Client
Event ID: 50067
Time: /Date(1771909457306
Message: DHCP has received a Service Set Identifier(SSID) RSN2OfficeWLAN(Hexadecimal value of SSID: 2535E423F4666696365675C414E4) for the Network Card with the network address 0xD0577E0C60CF

Event #93
--------------------------------------------------------------------------------
Level: Information
Source: Microsoft-Windows-Dhcp-Client
Event ID: 50065
Time: /Date(1771909450513
Message: DHCP has found a match in the cache for Service Set Identifier(SSID) RSN2OfficeWLAN(Hexadecimal value of SSID: 2535E423F4666696365675C414E4) for the Network Card with the network address 0xD0577E0C60CF

Event #94
--------------------------------------------------------------------------------
Level: Information
Source: Microsoft-Windows-Dhcp-Client
Event ID: 50067
Time: /Date(1771909450513
Message: DHCP has received a Service Set Identifier(SSID) RSN2OfficeWLAN(Hexadecimal value of SSID: 2535E423F4666696365675C414E4) for the Network Card with the network address 0xD0577E0C60CF

Event #95
--------------------------------------------------------------------------------
Level: Information
Source: Microsoft-Windows-Dhcp-Client
Event ID: 50065
Time: /Date(1771909432519
Message: DHCP has found a match in the cache for Service Set Identifier(SSID) RSN2OfficeWLAN(Hexadecimal value of SSID: 2535E423F4666696365675C414E4) for the Network Card with the network address 0xD0577E0C60CF

Event #96
--------------------------------------------------------------------------------
Level: Information
Source: Microsoft-Windows-Dhcp-Client
Event ID: 50067
Time: /Date(1771909432519
Message: DHCP has received a Service Set Identifier(SSID) RSN2OfficeWLAN(Hexadecimal value of SSID: 2535E423F4666696365675C414E4) for the Network Card with the network address 0xD0577E0C60CF

Event #97
--------------------------------------------------------------------------------
Level: Information
Source: Microsoft-Windows-Dhcp-Client
Event ID: 50065
Time: /Date(1771909426683
Message: DHCP has found a match in the cache for Service Set Identifier(SSID) RSN2OfficeWLAN(Hexadecimal value of SSID: 2535E423F4666696365675C414E4) for the Network Card with the network address 0xD0577E0C60CF

Event #98
--------------------------------------------------------------------------------
Level: Information
Source: Microsoft-Windows-Dhcp-Client
Event ID: 50067
Time: /Date(1771909426683
Message: DHCP has received a Service Set Identifier(SSID) RSN2OfficeWLAN(Hexadecimal value of SSID: 2535E423F4666696365675C414E4) for the Network Card with the network address 0xD0577E0C60CF

Event #99
--------------------------------------------------------------------------------
Level: Information
Source: Microsoft-Windows-Dhcp-Client
Event ID: 50065
Time: /Date(1771909418653
Message: DHCP has found a match in the cache for Service Set Identifier(SSID) RSN2OfficeWLAN(Hexadecimal value of SSID: 2535E423F4666696365675C414E4) for the Network Card with the network address 0xD0577E0C60CF

Event #100
--------------------------------------------------------------------------------
Level: Information
Source: Microsoft-Windows-Dhcp-Client
Event ID: 50067
Time: /Date(1771909418653
Message: DHCP has received a Service Set Identifier(SSID) RSN2OfficeWLAN(Hexadecimal value of SSID: 2535E423F4666696365675C414E4) for the Network Card with the network address 0xD0577E0C60CF

Event #101
--------------------------------------------------------------------------------
Level: Information
Source: Microsoft-Windows-Dhcp-Client
Event ID: 50065
Time: /Date(1771909412782
Message: DHCP has found a match in the cache for Service Set Identifier(SSID) RSN2OfficeWLAN(Hexadecimal value of SSID: 2535E423F4666696365675C414E4) for the Network Card with the network address 0xD0577E0C60CF

Event #102
--------------------------------------------------------------------------------
Level: Information
Source: Microsoft-Windows-Dhcp-Client
Event ID: 50067
Time: /Date(1771909412782
Message: DHCP has received a Service Set Identifier(SSID) RSN2OfficeWLAN(Hexadecimal value of SSID: 2535E423F4666696365675C414E4) for the Network Card with the network address 0xD0577E0C60CF

Event #103
--------------------------------------------------------------------------------
Level: Information
Source: Microsoft-Windows-Dhcp-Client
Event ID: 50065
Time: /Date(1771909407043
Message: DHCP has found a match in the cache for Service Set Identifier(SSID) RSN2OfficeWLAN(Hexadecimal value of SSID: 2535E423F4666696365675C414E4) for the Network Card with the network address 0xD0577E0C60CF

Event #104
--------------------------------------------------------------------------------
Level: Information
Source: Microsoft-Windows-Dhcp-Client
Event ID: 50067
Time: /Date(1771909407043
Message: DHCP has received a Service Set Identifier(SSID) RSN2OfficeWLAN(Hexadecimal value of SSID: 2535E423F4666696365675C414E4) for the Network Card with the network address 0xD0577E0C60CF

Event #105
--------------------------------------------------------------------------------
Level: Information
Source: Microsoft-Windows-Dhcp-Client
Event ID: 50065
Time: /Date(1771909403279
Message: DHCP has found a match in the cache for Service Set Identifier(SSID) RSN2OfficeWLAN(Hexadecimal value of SSID: 2535E423F4666696365675C414E4) for the Network Card with the network address 0xD0577E0C60CF

Event #106
--------------------------------------------------------------------------------
Level: Information
Source: Microsoft-Windows-Dhcp-Client
Event ID: 50067
Time: /Date(1771909403279
Message: DHCP has received a Service Set Identifier(SSID) RSN2OfficeWLAN(Hexadecimal value of SSID: 2535E423F4666696365675C414E4) for the Network Card with the network address 0xD0577E0C60CF

Event #107
--------------------------------------------------------------------------------
Level: Information
Source: Microsoft-Windows-Dhcp-Client
Event ID: 50065
Time: /Date(1771909393811
Message: DHCP has found a match in the cache for Service Set Identifier(SSID) RSN2OfficeWLAN(Hexadecimal value of SSID: 2535E423F4666696365675C414E4) for the Network Card with the network address 0xD0577E0C60CF

Event #108
--------------------------------------------------------------------------------
Level: Information
Source: Microsoft-Windows-Dhcp-Client
Event ID: 50067
Time: /Date(1771909393811
Message: DHCP has received a Service Set Identifier(SSID) RSN2OfficeWLAN(Hexadecimal value of SSID: 2535E423F4666696365675C414E4) for the Network Card with the network address 0xD0577E0C60CF

Event #109
--------------------------------------------------------------------------------
Level: Information
Source: Microsoft-Windows-Dhcp-Client
Event ID: 50065
Time: /Date(1771909378715
Message: DHCP has found a match in the cache for Service Set Identifier(SSID) RSN2OfficeWLAN(Hexadecimal value of SSID: 2535E423F4666696365675C414E4) for the Network Card with the network address 0xD0577E0C60CF

Event #110
--------------------------------------------------------------------------------
Level: Information
Source: Microsoft-Windows-Dhcp-Client
Event ID: 50067
Time: /Date(1771909378715
Message: DHCP has received a Service Set Identifier(SSID) RSN2OfficeWLAN(Hexadecimal value of SSID: 2535E423F4666696365675C414E4) for the Network Card with the network address 0xD0577E0C60CF

Event #111
--------------------------------------------------------------------------------
Level: Information
Source: Microsoft-Windows-Dhcp-Client
Event ID: 50065
Time: /Date(1771909344342
Message: DHCP has found a match in the cache for Service Set Identifier(SSID) RSN2OfficeWLAN(Hexadecimal value of SSID: 2535E423F4666696365675C414E4) for the Network Card with the network address 0xD0577E0C60CF

Event #112
--------------------------------------------------------------------------------
Level: Information
Source: Microsoft-Windows-Dhcp-Client
Event ID: 50067
Time: /Date(1771909344342
Message: DHCP has received a Service Set Identifier(SSID) RSN2OfficeWLAN(Hexadecimal value of SSID: 2535E423F4666696365675C414E4) for the Network Card with the network address 0xD0577E0C60CF

Event #113
--------------------------------------------------------------------------------
Level: Information
Source: Microsoft-Windows-Dhcp-Client
Event ID: 50065
Time: /Date(1771909275518
Message: DHCP has found a match in the cache for Service Set Identifier(SSID) RSN2OfficeWLAN(Hexadecimal value of SSID: 2535E423F4666696365675C414E4) for the Network Card with the network address 0xD0577E0C60CF

Event #114
--------------------------------------------------------------------------------
Level: Information
Source: Microsoft-Windows-Dhcp-Client
Event ID: 50067
Time: /Date(1771909275518
Message: DHCP has received a Service Set Identifier(SSID) RSN2OfficeWLAN(Hexadecimal value of SSID: 2535E423F4666696365675C414E4) for the Network Card with the network address 0xD0577E0C60CF

Event #115
--------------------------------------------------------------------------------
Level: Information
Source: Microsoft-Windows-Dhcp-Client
Event ID: 50065
Time: /Date(1771909195030
Message: DHCP has found a match in the cache for Service Set Identifier(SSID) RSN2OfficeWLAN(Hexadecimal value of SSID: 2535E423F4666696365675C414E4) for the Network Card with the network address 0xD0577E0C60CF

Event #116
--------------------------------------------------------------------------------
Level: Information
Source: Microsoft-Windows-Dhcp-Client
Event ID: 50067
Time: /Date(1771909195029
Message: DHCP has received a Service Set Identifier(SSID) RSN2OfficeWLAN(Hexadecimal value of SSID: 2535E423F4666696365675C414E4) for the Network Card with the network address 0xD0577E0C60CF

Event #117
--------------------------------------------------------------------------------
Level: Information
Source: Microsoft-Windows-Dhcp-Client
Event ID: 50065
Time: /Date(1771908337547
Message: DHCP has found a match in the cache for Service Set Identifier(SSID) RSN2OfficeWLAN(Hexadecimal value of SSID: 2535E423F4666696365675C414E4) for the Network Card with the network address 0xD0577E0C60CF

Event #118
--------------------------------------------------------------------------------
Level: Information
Source: Microsoft-Windows-Dhcp-Client
Event ID: 50067
Time: /Date(1771908337547
Message: DHCP has received a Service Set Identifier(SSID) RSN2OfficeWLAN(Hexadecimal value of SSID: 2535E423F4666696365675C414E4) for the Network Card with the network address 0xD0577E0C60CF

Event #119
--------------------------------------------------------------------------------
Level: Information
Source: Microsoft-Windows-Dhcp-Client
Event ID: 50065
Time: /Date(1771908324223
Message: DHCP has found a match in the cache for Service Set Identifier(SSID) RSN2OfficeWLAN(Hexadecimal value of SSID: 2535E423F4666696365675C414E4) for the Network Card with the network address 0xD0577E0C60CF

Event #120
--------------------------------------------------------------------------------
Level: Information
Source: Microsoft-Windows-Dhcp-Client
Event ID: 50067
Time: /Date(1771908324223
Message: DHCP has received a Service Set Identifier(SSID) RSN2OfficeWLAN(Hexadecimal value of SSID: 2535E423F4666696365675C414E4) for the Network Card with the network address 0xD0577E0C60CF

Event #121
--------------------------------------------------------------------------------
Level: Information
Source: Microsoft-Windows-Dhcp-Client
Event ID: 50065
Time: /Date(1771908317273
Message: DHCP has found a match in the cache for Service Set Identifier(SSID) RSN2OfficeWLAN(Hexadecimal value of SSID: 2535E423F4666696365675C414E4) for the Network Card with the network address 0xD0577E0C60CF

Event #122
--------------------------------------------------------------------------------
Level: Information
Source: Microsoft-Windows-Dhcp-Client
Event ID: 50067
Time: /Date(1771908317273
Message: DHCP has received a Service Set Identifier(SSID) RSN2OfficeWLAN(Hexadecimal value of SSID: 2535E423F4666696365675C414E4) for the Network Card with the network address 0xD0577E0C60CF

Event #123
--------------------------------------------------------------------------------
Level: Information
Source: Microsoft-Windows-Dhcp-Client
Event ID: 50065
Time: /Date(1771908301370
Message: DHCP has found a match in the cache for Service Set Identifier(SSID) RSN2OfficeWLAN(Hexadecimal value of SSID: 2535E423F4666696365675C414E4) for the Network Card with the network address 0xD0577E0C60CF

Event #124
--------------------------------------------------------------------------------
Level: Information
Source: Microsoft-Windows-Dhcp-Client
Event ID: 50067
Time: /Date(1771908301370
Message: DHCP has received a Service Set Identifier(SSID) RSN2OfficeWLAN(Hexadecimal value of SSID: 2535E423F4666696365675C414E4) for the Network Card with the network address 0xD0577E0C60CF

Event #125
--------------------------------------------------------------------------------
Level: Information
Source: Microsoft-Windows-Dhcp-Client
Event ID: 50065
Time: /Date(1771908149171
Message: DHCP has found a match in the cache for Service Set Identifier(SSID) RSN2OfficeWLAN(Hexadecimal value of SSID: 2535E423F4666696365675C414E4) for the Network Card with the network address 0xD0577E0C60CF

Event #126
--------------------------------------------------------------------------------
Level: Information
Source: Microsoft-Windows-Dhcp-Client
Event ID: 50067
Time: /Date(1771908149171
Message: DHCP has received a Service Set Identifier(SSID) RSN2OfficeWLAN(Hexadecimal value of SSID: 2535E423F4666696365675C414E4) for the Network Card with the network address 0xD0577E0C60CF

Event #127
--------------------------------------------------------------------------------
Level: Information
Source: Microsoft-Windows-Dhcp-Client
Event ID: 50065
Time: /Date(1771908142981
Message: DHCP has found a match in the cache for Service Set Identifier(SSID) RSN2OfficeWLAN(Hexadecimal value of SSID: 2535E423F4666696365675C414E4) for the Network Card with the network address 0xD0577E0C60CF

Event #128
--------------------------------------------------------------------------------
Level: Information
Source: Microsoft-Windows-Dhcp-Client
Event ID: 50067
Time: /Date(1771908142981
Message: DHCP has received a Service Set Identifier(SSID) RSN2OfficeWLAN(Hexadecimal value of SSID: 2535E423F4666696365675C414E4) for the Network Card with the network address 0xD0577E0C60CF

Event #129
--------------------------------------------------------------------------------
Level: Information
Source: Microsoft-Windows-Dhcp-Client
Event ID: 50065
Time: /Date(1771908117608
Message: DHCP has found a match in the cache for Service Set Identifier(SSID) RSN2OfficeWLAN(Hexadecimal value of SSID: 2535E423F4666696365675C414E4) for the Network Card with the network address 0xD0577E0C60CF

Event #130
--------------------------------------------------------------------------------
Level: Information
Source: Microsoft-Windows-Dhcp-Client
Event ID: 50067
Time: /Date(1771908117608
Message: DHCP has received a Service Set Identifier(SSID) RSN2OfficeWLAN(Hexadecimal value of SSID: 2535E423F4666696365675C414E4) for the Network Card with the network address 0xD0577E0C60CF

Event #131
--------------------------------------------------------------------------------
Level: Information
Source: Microsoft-Windows-Dhcp-Client
Event ID: 50065
Time: /Date(1771908037557
Message: DHCP has found a match in the cache for Service Set Identifier(SSID) RSN2OfficeWLAN(Hexadecimal value of SSID: 2535E423F4666696365675C414E4) for the Network Card with the network address 0xD0577E0C60CF

Event #132
--------------------------------------------------------------------------------
Level: Information
Source: Microsoft-Windows-Dhcp-Client
Event ID: 50067
Time: /Date(1771908037557
Message: DHCP has received a Service Set Identifier(SSID) RSN2OfficeWLAN(Hexadecimal value of SSID: 2535E423F4666696365675C414E4) for the Network Card with the network address 0xD0577E0C60CF

Event #133
--------------------------------------------------------------------------------
Level: Information
Source: Microsoft-Windows-Dhcp-Client
Event ID: 50065
Time: /Date(1771907378083
Message: DHCP has found a match in the cache for Service Set Identifier(SSID) RSN2OfficeWLAN(Hexadecimal value of SSID: 2535E423F4666696365675C414E4) for the Network Card with the network address 0xD0577E0C60CF

Event #134
--------------------------------------------------------------------------------
Level: Information
Source: Microsoft-Windows-Dhcp-Client
Event ID: 50067
Time: /Date(1771907378083
Message: DHCP has received a Service Set Identifier(SSID) RSN2OfficeWLAN(Hexadecimal value of SSID: 2535E423F4666696365675C414E4) for the Network Card with the network address 0xD0577E0C60CF

Event #135
--------------------------------------------------------------------------------
Level: Information
Source: Microsoft-Windows-Dhcp-Client
Event ID: 50065
Time: /Date(1771907337318
Message: DHCP has found a match in the cache for Service Set Identifier(SSID) RSN2OfficeWLAN(Hexadecimal value of SSID: 2535E423F4666696365675C414E4) for the Network Card with the network address 0xD0577E0C60CF

Event #136
--------------------------------------------------------------------------------
Level: Information
Source: Microsoft-Windows-Dhcp-Client
Event ID: 50067
Time: /Date(1771907337318
Message: DHCP has received a Service Set Identifier(SSID) RSN2OfficeWLAN(Hexadecimal value of SSID: 2535E423F4666696365675C414E4) for the Network Card with the network address 0xD0577E0C60CF

Event #137
--------------------------------------------------------------------------------
Level: Information
Source: Microsoft-Windows-Dhcp-Client
Event ID: 50065
Time: /Date(1771907224058
Message: DHCP has found a match in the cache for Service Set Identifier(SSID) RSN2OfficeWLAN(Hexadecimal value of SSID: 2535E423F4666696365675C414E4) for the Network Card with the network address 0xD0577E0C60CF

Event #138
--------------------------------------------------------------------------------
Level: Information
Source: Microsoft-Windows-Dhcp-Client
Event ID: 50067
Time: /Date(1771907224058
Message: DHCP has received a Service Set Identifier(SSID) RSN2OfficeWLAN(Hexadecimal value of SSID: 2535E423F4666696365675C414E4) for the Network Card with the network address 0xD0577E0C60CF

Event #139
--------------------------------------------------------------------------------
Level: Information
Source: Microsoft-Windows-Dhcp-Client
Event ID: 50065
Time: /Date(1771906764001
Message: DHCP has found a match in the cache for Service Set Identifier(SSID) RSN2OfficeWLAN(Hexadecimal value of SSID: 2535E423F4666696365675C414E4) for the Network Card with the network address 0xD0577E0C60CF

Event #140
--------------------------------------------------------------------------------
Level: Information
Source: Microsoft-Windows-Dhcp-Client
Event ID: 50067
Time: /Date(1771906764001
Message: DHCP has received a Service Set Identifier(SSID) RSN2OfficeWLAN(Hexadecimal value of SSID: 2535E423F4666696365675C414E4) for the Network Card with the network address 0xD0577E0C60CF

Event #141
--------------------------------------------------------------------------------
Level: Information
Source: Microsoft-Windows-Dhcp-Client
Event ID: 50065
Time: /Date(1771906651204
Message: DHCP has found a match in the cache for Service Set Identifier(SSID) RSN2OfficeWLAN(Hexadecimal value of SSID: 2535E423F4666696365675C414E4) for the Network Card with the network address 0xD0577E0C60CF

Event #142
--------------------------------------------------------------------------------
Level: Information
Source: Microsoft-Windows-Dhcp-Client
Event ID: 50067
Time: /Date(1771906651204
Message: DHCP has received a Service Set Identifier(SSID) RSN2OfficeWLAN(Hexadecimal value of SSID: 2535E423F4666696365675C414E4) for the Network Card with the network address 0xD0577E0C60CF

Event #143
--------------------------------------------------------------------------------
Level: Information
Source: Microsoft-Windows-Dhcp-Client
Event ID: 50065
Time: /Date(1771906478989
Message: DHCP has found a match in the cache for Service Set Identifier(SSID) RSN2OfficeWLAN(Hexadecimal value of SSID: 2535E423F4666696365675C414E4) for the Network Card with the network address 0xD0577E0C60CF

Event #144
--------------------------------------------------------------------------------
Level: Information
Source: Microsoft-Windows-Dhcp-Client
Event ID: 50067
Time: /Date(1771906478989
Message: DHCP has received a Service Set Identifier(SSID) RSN2OfficeWLAN(Hexadecimal value of SSID: 2535E423F4666696365675C414E4) for the Network Card with the network address 0xD0577E0C60CF

Event #145
--------------------------------------------------------------------------------
Level: Information
Source: Microsoft-Windows-Dhcp-Client
Event ID: 50065
Time: /Date(1771905696818
Message: DHCP has found a match in the cache for Service Set Identifier(SSID) RSN2OfficeWLAN(Hexadecimal value of SSID: 2535E423F4666696365675C414E4) for the Network Card with the network address 0xD0577E0C60CF

Event #146
--------------------------------------------------------------------------------
Level: Information
Source: Microsoft-Windows-Dhcp-Client
Event ID: 50067
Time: /Date(1771905696818
Message: DHCP has received a Service Set Identifier(SSID) RSN2OfficeWLAN(Hexadecimal value of SSID: 2535E423F4666696365675C414E4) for the Network Card with the network address 0xD0577E0C60CF

Event #147
--------------------------------------------------------------------------------
Level: Information
Source: Microsoft-Windows-Dhcp-Client
Event ID: 50065
Time: /Date(1771905668822
Message: DHCP has found a match in the cache for Service Set Identifier(SSID) RSN2OfficeWLAN(Hexadecimal value of SSID: 2535E423F4666696365675C414E4) for the Network Card with the network address 0xD0577E0C60CF

Event #148
--------------------------------------------------------------------------------
Level: Information
Source: Microsoft-Windows-Dhcp-Client
Event ID: 50067
Time: /Date(1771905668822
Message: DHCP has received a Service Set Identifier(SSID) RSN2OfficeWLAN(Hexadecimal value of SSID: 2535E423F4666696365675C414E4) for the Network Card with the network address 0xD0577E0C60CF

Event #149
--------------------------------------------------------------------------------
Level: Information
Source: Microsoft-Windows-Dhcp-Client
Event ID: 50066
Time: /Date(1771905668675
Message: DHCP has plumbed an address using Service Set Identifier(SSID) RSN2OfficeWLAN(Hexadecimal value of SSID: 2535E423F4666696365675C414E4) for the Network Card with the network address 0xD0577E0C60CF

Event #150
--------------------------------------------------------------------------------
Level: Information
Source: Microsoft-Windows-Dhcp-Client
Event ID: 50065
Time: /Date(1771905661353
Message: DHCP has found a match in the cache for Service Set Identifier(SSID) RSN2OfficeWLAN(Hexadecimal value of SSID: 2535E423F4666696365675C414E4) for the Network Card with the network address 0xD0577E0C60CF

Event #151
--------------------------------------------------------------------------------
Level: Information
Source: Microsoft-Windows-Dhcp-Client
Event ID: 50067
Time: /Date(1771905661353
Message: DHCP has received a Service Set Identifier(SSID) RSN2OfficeWLAN(Hexadecimal value of SSID: 2535E423F4666696365675C414E4) for the Network Card with the network address 0xD0577E0C60CF

Event #152
--------------------------------------------------------------------------------
Level: Information
Source: Microsoft-Windows-Dhcp-Client
Event ID: 50065
Time: /Date(1771866259389
Message: DHCP has found a match in the cache for Service Set Identifier(SSID) Sunil 5G(Hexadecimal value of SSID: 3557E696C6025374) for the Network Card with the network address 0xD0577E0C60CF

Event #153
--------------------------------------------------------------------------------
Level: Information
Source: Microsoft-Windows-Dhcp-Client
Event ID: 50067
Time: /Date(1771866259389
Message: DHCP has received a Service Set Identifier(SSID) Sunil 5G(Hexadecimal value of SSID: 3557E696C6025374) for the Network Card with the network address 0xD0577E0C60CF

Event #154
--------------------------------------------------------------------------------
Level: Information
Source: Microsoft-Windows-Dhcp-Client
Event ID: 50065
Time: /Date(1771863558002
Message: DHCP has found a match in the cache for Service Set Identifier(SSID) Sunil 5G(Hexadecimal value of SSID: 3557E696C6025374) for the Network Card with the network address 0xD0577E0C60CF

Event #155
--------------------------------------------------------------------------------
Level: Information
Source: Microsoft-Windows-Dhcp-Client
Event ID: 50067
Time: /Date(1771863558002
Message: DHCP has received a Service Set Identifier(SSID) Sunil 5G(Hexadecimal value of SSID: 3557E696C6025374) for the Network Card with the network address 0xD0577E0C60CF

Event #156
--------------------------------------------------------------------------------
Level: Information
Source: Microsoft-Windows-Dhcp-Client
Event ID: 50065
Time: /Date(1771858823092
Message: DHCP has found a match in the cache for Service Set Identifier(SSID) Sunil 5G(Hexadecimal value of SSID: 3557E696C6025374) for the Network Card with the network address 0xD0577E0C60CF

Event #157
--------------------------------------------------------------------------------
Level: Information
Source: Microsoft-Windows-Dhcp-Client
Event ID: 50067
Time: /Date(1771858823092
Message: DHCP has received a Service Set Identifier(SSID) Sunil 5G(Hexadecimal value of SSID: 3557E696C6025374) for the Network Card with the network address 0xD0577E0C60CF

Event #158
--------------------------------------------------------------------------------
Level: Information
Source: Microsoft-Windows-Dhcp-Client
Event ID: 50065
Time: /Date(1771856908421
Message: DHCP has found a match in the cache for Service Set Identifier(SSID) Sunil 5G(Hexadecimal value of SSID: 3557E696C6025374) for the Network Card with the network address 0xD0577E0C60CF

Event #159
--------------------------------------------------------------------------------
Level: Information
Source: Microsoft-Windows-Dhcp-Client
Event ID: 50067
Time: /Date(1771856908421
Message: DHCP has received a Service Set Identifier(SSID) Sunil 5G(Hexadecimal value of SSID: 3557E696C6025374) for the Network Card with the network address 0xD0577E0C60CF

Event #160
--------------------------------------------------------------------------------
Level: Information
Source: Microsoft-Windows-Dhcp-Client
Event ID: 50067
Time: /Date(1771856888730
Message: DHCP has received a Service Set Identifier(SSID) Sunil 5G(Hexadecimal value of SSID: 3557E696C6025374) for the Network Card with the network address 0xD0577E0C60CF

Event #161
--------------------------------------------------------------------------------
Level: Warning
Source: Microsoft-Windows-Dhcp-Client
Event ID: 1003
Time: /Date(1771842349014
Message: Your computer was not able to renew its address from the network (from the DHCP Server) for the Network Card with network address 0xD0577E0C60CF.  The following error occurred: 0x490. Your computer will continue to try and obtain an address on its own from the network address (DHCP) server.

Event #162
--------------------------------------------------------------------------------
Level: Information
Source: Microsoft-Windows-Dhcp-Client
Event ID: 50065
Time: /Date(1771842347846
Message: DHCP has found a match in the cache for Service Set Identifier(SSID) TSNOfficeWLAN(Hexadecimal value of SSID: 4535E4F4666696365675C414E4) for the Network Card with the network address 0xD0577E0C60CF

Event #163
--------------------------------------------------------------------------------
Level: Information
Source: Microsoft-Windows-Dhcp-Client
Event ID: 50067
Time: /Date(1771842347846
Message: DHCP has received a Service Set Identifier(SSID) TSNOfficeWLAN(Hexadecimal value of SSID: 4535E4F4666696365675C414E4) for the Network Card with the network address 0xD0577E0C60CF

Event #164
--------------------------------------------------------------------------------
Level: Information
Source: Microsoft-Windows-Dhcp-Client
Event ID: 50065
Time: /Date(1771842303788
Message: DHCP has found a match in the cache for Service Set Identifier(SSID) TSNOfficeWLAN(Hexadecimal value of SSID: 4535E4F4666696365675C414E4) for the Network Card with the network address 0xD0577E0C60CF

Event #165
--------------------------------------------------------------------------------
Level: Information
Source: Microsoft-Windows-Dhcp-Client
Event ID: 50067
Time: /Date(1771842303788
Message: DHCP has received a Service Set Identifier(SSID) TSNOfficeWLAN(Hexadecimal value of SSID: 4535E4F4666696365675C414E4) for the Network Card with the network address 0xD0577E0C60CF

Event #166
--------------------------------------------------------------------------------
Level: Information
Source: Microsoft-Windows-Dhcp-Client
Event ID: 50065
Time: /Date(1771842272819
Message: DHCP has found a match in the cache for Service Set Identifier(SSID) TSNOfficeWLAN(Hexadecimal value of SSID: 4535E4F4666696365675C414E4) for the Network Card with the network address 0xD0577E0C60CF

Event #167
--------------------------------------------------------------------------------
Level: Information
Source: Microsoft-Windows-Dhcp-Client
Event ID: 50067
Time: /Date(1771842272819
Message: DHCP has received a Service Set Identifier(SSID) TSNOfficeWLAN(Hexadecimal value of SSID: 4535E4F4666696365675C414E4) for the Network Card with the network address 0xD0577E0C60CF

Event #168
--------------------------------------------------------------------------------
Level: Information
Source: Microsoft-Windows-Dhcp-Client
Event ID: 50065
Time: /Date(1771842216040
Message: DHCP has found a match in the cache for Service Set Identifier(SSID) TSNOfficeWLAN(Hexadecimal value of SSID: 4535E4F4666696365675C414E4) for the Network Card with the network address 0xD0577E0C60CF

Event #169
--------------------------------------------------------------------------------
Level: Information
Source: Microsoft-Windows-Dhcp-Client
Event ID: 50067
Time: /Date(1771842216040
Message: DHCP has received a Service Set Identifier(SSID) TSNOfficeWLAN(Hexadecimal value of SSID: 4535E4F4666696365675C414E4) for the Network Card with the network address 0xD0577E0C60CF

Event #170
--------------------------------------------------------------------------------
Level: Information
Source: Microsoft-Windows-Dhcp-Client
Event ID: 50065
Time: /Date(1771842008141
Message: DHCP has found a match in the cache for Service Set Identifier(SSID) TSNOfficeWLAN(Hexadecimal value of SSID: 4535E4F4666696365675C414E4) for the Network Card with the network address 0xD0577E0C60CF

Event #171
--------------------------------------------------------------------------------
Level: Information
Source: Microsoft-Windows-Dhcp-Client
Event ID: 50067
Time: /Date(1771842008141
Message: DHCP has received a Service Set Identifier(SSID) TSNOfficeWLAN(Hexadecimal value of SSID: 4535E4F4666696365675C414E4) for the Network Card with the network address 0xD0577E0C60CF

Event #172
--------------------------------------------------------------------------------
Level: Information
Source: Microsoft-Windows-Dhcp-Client
Event ID: 50065
Time: /Date(1771841756388
Message: DHCP has found a match in the cache for Service Set Identifier(SSID) TSNOfficeWLAN(Hexadecimal value of SSID: 4535E4F4666696365675C414E4) for the Network Card with the network address 0xD0577E0C60CF

Event #173
--------------------------------------------------------------------------------
Level: Information
Source: Microsoft-Windows-Dhcp-Client
Event ID: 50067
Time: /Date(1771841756388
Message: DHCP has received a Service Set Identifier(SSID) TSNOfficeWLAN(Hexadecimal value of SSID: 4535E4F4666696365675C414E4) for the Network Card with the network address 0xD0577E0C60CF

Event #174
--------------------------------------------------------------------------------
Level: Information
Source: Microsoft-Windows-Dhcp-Client
Event ID: 50065
Time: /Date(1771841297440
Message: DHCP has found a match in the cache for Service Set Identifier(SSID) TSNOfficeWLAN(Hexadecimal value of SSID: 4535E4F4666696365675C414E4) for the Network Card with the network address 0xD0577E0C60CF

Event #175
--------------------------------------------------------------------------------
Level: Information
Source: Microsoft-Windows-Dhcp-Client
Event ID: 50067
Time: /Date(1771841297440
Message: DHCP has received a Service Set Identifier(SSID) TSNOfficeWLAN(Hexadecimal value of SSID: 4535E4F4666696365675C414E4) for the Network Card with the network address 0xD0577E0C60CF

Event #176
--------------------------------------------------------------------------------
Level: Information
Source: Microsoft-Windows-Dhcp-Client
Event ID: 50065
Time: /Date(1771841280370
Message: DHCP has found a match in the cache for Service Set Identifier(SSID) TSNOfficeWLAN(Hexadecimal value of SSID: 4535E4F4666696365675C414E4) for the Network Card with the network address 0xD0577E0C60CF

Event #177
--------------------------------------------------------------------------------
Level: Information
Source: Microsoft-Windows-Dhcp-Client
Event ID: 50067
Time: /Date(1771841280370
Message: DHCP has received a Service Set Identifier(SSID) TSNOfficeWLAN(Hexadecimal value of SSID: 4535E4F4666696365675C414E4) for the Network Card with the network address 0xD0577E0C60CF

Event #178
--------------------------------------------------------------------------------
Level: Information
Source: Microsoft-Windows-Dhcp-Client
Event ID: 50076
Time: /Date(1771841274748
Message: DHCP has not plumbed an address using Service Set Identifier(SSID) TSNOfficeWLAN(Hexadecimal value of SSID: 4535E4F4666696365675C414E4) for the Network Card with the network address 0xD0577E0C60CF since the lease has expired

Event #179
--------------------------------------------------------------------------------
Level: Information
Source: Microsoft-Windows-Dhcp-Client
Event ID: 50065
Time: /Date(1771841274338
Message: DHCP has found a match in the cache for Service Set Identifier(SSID) TSNOfficeWLAN(Hexadecimal value of SSID: 4535E4F4666696365675C414E4) for the Network Card with the network address 0xD0577E0C60CF

Event #180
--------------------------------------------------------------------------------
Level: Information
Source: Microsoft-Windows-Dhcp-Client
Event ID: 50067
Time: /Date(1771841274338
Message: DHCP has received a Service Set Identifier(SSID) TSNOfficeWLAN(Hexadecimal value of SSID: 4535E4F4666696365675C414E4) for the Network Card with the network address 0xD0577E0C60CF

Event #181
--------------------------------------------------------------------------------
Level: Information
Source: Microsoft-Windows-Dhcp-Client
Event ID: 50065
Time: /Date(1771841240559
Message: DHCP has found a match in the cache for Service Set Identifier(SSID) RSN2OfficeWLAN(Hexadecimal value of SSID: 2535E423F4666696365675C414E4) for the Network Card with the network address 0xD0577E0C60CF

Event #182
--------------------------------------------------------------------------------
Level: Information
Source: Microsoft-Windows-Dhcp-Client
Event ID: 50067
Time: /Date(1771841240559
Message: DHCP has received a Service Set Identifier(SSID) RSN2OfficeWLAN(Hexadecimal value of SSID: 2535E423F4666696365675C414E4) for the Network Card with the network address 0xD0577E0C60CF

Event #183
--------------------------------------------------------------------------------
Level: Information
Source: Microsoft-Windows-Dhcp-Client
Event ID: 50065
Time: /Date(1771841235034
Message: DHCP has found a match in the cache for Service Set Identifier(SSID) RSN2OfficeWLAN(Hexadecimal value of SSID: 2535E423F4666696365675C414E4) for the Network Card with the network address 0xD0577E0C60CF

Event #184
--------------------------------------------------------------------------------
Level: Information
Source: Microsoft-Windows-Dhcp-Client
Event ID: 50067
Time: /Date(1771841235034
Message: DHCP has received a Service Set Identifier(SSID) RSN2OfficeWLAN(Hexadecimal value of SSID: 2535E423F4666696365675C414E4) for the Network Card with the network address 0xD0577E0C60CF

Event #185
--------------------------------------------------------------------------------
Level: Information
Source: Microsoft-Windows-Dhcp-Client
Event ID: 50065
Time: /Date(1771841222874
Message: DHCP has found a match in the cache for Service Set Identifier(SSID) RSN2OfficeWLAN(Hexadecimal value of SSID: 2535E423F4666696365675C414E4) for the Network Card with the network address 0xD0577E0C60CF

Event #186
--------------------------------------------------------------------------------
Level: Information
Source: Microsoft-Windows-Dhcp-Client
Event ID: 50067
Time: /Date(1771841222874
Message: DHCP has received a Service Set Identifier(SSID) RSN2OfficeWLAN(Hexadecimal value of SSID: 2535E423F4666696365675C414E4) for the Network Card with the network address 0xD0577E0C60CF

Event #187
--------------------------------------------------------------------------------
Level: Information
Source: Microsoft-Windows-Dhcp-Client
Event ID: 50065
Time: /Date(1771841209963
Message: DHCP has found a match in the cache for Service Set Identifier(SSID) RSN2OfficeWLAN(Hexadecimal value of SSID: 2535E423F4666696365675C414E4) for the Network Card with the network address 0xD0577E0C60CF

Event #188
--------------------------------------------------------------------------------
Level: Information
Source: Microsoft-Windows-Dhcp-Client
Event ID: 50067
Time: /Date(1771841209963
Message: DHCP has received a Service Set Identifier(SSID) RSN2OfficeWLAN(Hexadecimal value of SSID: 2535E423F4666696365675C414E4) for the Network Card with the network address 0xD0577E0C60CF

Event #189
--------------------------------------------------------------------------------
Level: Information
Source: Microsoft-Windows-Dhcp-Client
Event ID: 50065
Time: /Date(1771840958731
Message: DHCP has found a match in the cache for Service Set Identifier(SSID) RSN2OfficeWLAN(Hexadecimal value of SSID: 2535E423F4666696365675C414E4) for the Network Card with the network address 0xD0577E0C60CF

Event #190
--------------------------------------------------------------------------------
Level: Information
Source: Microsoft-Windows-Dhcp-Client
Event ID: 50067
Time: /Date(1771840958731
Message: DHCP has received a Service Set Identifier(SSID) RSN2OfficeWLAN(Hexadecimal value of SSID: 2535E423F4666696365675C414E4) for the Network Card with the network address 0xD0577E0C60CF

Event #191
--------------------------------------------------------------------------------
Level: Information
Source: Microsoft-Windows-Dhcp-Client
Event ID: 50065
Time: /Date(1771840952305
Message: DHCP has found a match in the cache for Service Set Identifier(SSID) RSN2OfficeWLAN(Hexadecimal value of SSID: 2535E423F4666696365675C414E4) for the Network Card with the network address 0xD0577E0C60CF

Event #192
--------------------------------------------------------------------------------
Level: Information
Source: Microsoft-Windows-Dhcp-Client
Event ID: 50067
Time: /Date(1771840952305
Message: DHCP has received a Service Set Identifier(SSID) RSN2OfficeWLAN(Hexadecimal value of SSID: 2535E423F4666696365675C414E4) for the Network Card with the network address 0xD0577E0C60CF

Event #193
--------------------------------------------------------------------------------
Level: Information
Source: Microsoft-Windows-Dhcp-Client
Event ID: 50065
Time: /Date(1771840433271
Message: DHCP has found a match in the cache for Service Set Identifier(SSID) RSN2OfficeWLAN(Hexadecimal value of SSID: 2535E423F4666696365675C414E4) for the Network Card with the network address 0xD0577E0C60CF

Event #194
--------------------------------------------------------------------------------
Level: Information
Source: Microsoft-Windows-Dhcp-Client
Event ID: 50067
Time: /Date(1771840433271
Message: DHCP has received a Service Set Identifier(SSID) RSN2OfficeWLAN(Hexadecimal value of SSID: 2535E423F4666696365675C414E4) for the Network Card with the network address 0xD0577E0C60CF

Event #195
--------------------------------------------------------------------------------
Level: Information
Source: Microsoft-Windows-Dhcp-Client
Event ID: 50065
Time: /Date(1771840095739
Message: DHCP has found a match in the cache for Service Set Identifier(SSID) RSN2OfficeWLAN(Hexadecimal value of SSID: 2535E423F4666696365675C414E4) for the Network Card with the network address 0xD0577E0C60CF

Event #196
--------------------------------------------------------------------------------
Level: Information
Source: Microsoft-Windows-Dhcp-Client
Event ID: 50067
Time: /Date(1771840095739
Message: DHCP has received a Service Set Identifier(SSID) RSN2OfficeWLAN(Hexadecimal value of SSID: 2535E423F4666696365675C414E4) for the Network Card with the network address 0xD0577E0C60CF

Event #197
--------------------------------------------------------------------------------
Level: Information
Source: Microsoft-Windows-Dhcp-Client
Event ID: 50065
Time: /Date(1771840067672
Message: DHCP has found a match in the cache for Service Set Identifier(SSID) RSN2OfficeWLAN(Hexadecimal value of SSID: 2535E423F4666696365675C414E4) for the Network Card with the network address 0xD0577E0C60CF

Event #198
--------------------------------------------------------------------------------
Level: Information
Source: Microsoft-Windows-Dhcp-Client
Event ID: 50067
Time: /Date(1771840067672
Message: DHCP has received a Service Set Identifier(SSID) RSN2OfficeWLAN(Hexadecimal value of SSID: 2535E423F4666696365675C414E4) for the Network Card with the network address 0xD0577E0C60CF

Event #199
--------------------------------------------------------------------------------
Level: Information
Source: Microsoft-Windows-Dhcp-Client
Event ID: 50065
Time: /Date(1771839985953
Message: DHCP has found a match in the cache for Service Set Identifier(SSID) RSN2OfficeWLAN(Hexadecimal value of SSID: 2535E423F4666696365675C414E4) for the Network Card with the network address 0xD0577E0C60CF

Event #200
--------------------------------------------------------------------------------
Level: Information
Source: Microsoft-Windows-Dhcp-Client
Event ID: 50067
Time: /Date(1771839985953
Message: DHCP has received a Service Set Identifier(SSID) RSN2OfficeWLAN(Hexadecimal value of SSID: 2535E423F4666696365675C414E4) for the Network Card with the network address 0xD0577E0C60CF

Event #201
--------------------------------------------------------------------------------
Level: Information
Source: Microsoft-Windows-Dhcp-Client
Event ID: 50065
Time: /Date(1771839957754
Message: DHCP has found a match in the cache for Service Set Identifier(SSID) RSN2OfficeWLAN(Hexadecimal value of SSID: 2535E423F4666696365675C414E4) for the Network Card with the network address 0xD0577E0C60CF

Event #202
--------------------------------------------------------------------------------
Level: Information
Source: Microsoft-Windows-Dhcp-Client
Event ID: 50067
Time: /Date(1771839957754
Message: DHCP has received a Service Set Identifier(SSID) RSN2OfficeWLAN(Hexadecimal value of SSID: 2535E423F4666696365675C414E4) for the Network Card with the network address 0xD0577E0C60CF

Event #203
--------------------------------------------------------------------------------
Level: Information
Source: Microsoft-Windows-Dhcp-Client
Event ID: 50065
Time: /Date(1771839899026
Message: DHCP has found a match in the cache for Service Set Identifier(SSID) RSN2OfficeWLAN(Hexadecimal value of SSID: 2535E423F4666696365675C414E4) for the Network Card with the network address 0xD0577E0C60CF

Event #204
--------------------------------------------------------------------------------
Level: Information
Source: Microsoft-Windows-Dhcp-Client
Event ID: 50067
Time: /Date(1771839899026
Message: DHCP has received a Service Set Identifier(SSID) RSN2OfficeWLAN(Hexadecimal value of SSID: 2535E423F4666696365675C414E4) for the Network Card with the network address 0xD0577E0C60CF

Event #205
--------------------------------------------------------------------------------
Level: Information
Source: Microsoft-Windows-Dhcp-Client
Event ID: 50065
Time: /Date(1771839758984
Message: DHCP has found a match in the cache for Service Set Identifier(SSID) RSN2OfficeWLAN(Hexadecimal value of SSID: 2535E423F4666696365675C414E4) for the Network Card with the network address 0xD0577E0C60CF

Event #206
--------------------------------------------------------------------------------
Level: Information
Source: Microsoft-Windows-Dhcp-Client
Event ID: 50067
Time: /Date(1771839758984
Message: DHCP has received a Service Set Identifier(SSID) RSN2OfficeWLAN(Hexadecimal value of SSID: 2535E423F4666696365675C414E4) for the Network Card with the network address 0xD0577E0C60CF

Event #207
--------------------------------------------------------------------------------
Level: Information
Source: Microsoft-Windows-Dhcp-Client
Event ID: 50065
Time: /Date(1771839347477
Message: DHCP has found a match in the cache for Service Set Identifier(SSID) RSN2OfficeWLAN(Hexadecimal value of SSID: 2535E423F4666696365675C414E4) for the Network Card with the network address 0xD0577E0C60CF

Event #208
--------------------------------------------------------------------------------
Level: Information
Source: Microsoft-Windows-Dhcp-Client
Event ID: 50067
Time: /Date(1771839347477
Message: DHCP has received a Service Set Identifier(SSID) RSN2OfficeWLAN(Hexadecimal value of SSID: 2535E423F4666696365675C414E4) for the Network Card with the network address 0xD0577E0C60CF

Event #209
--------------------------------------------------------------------------------
Level: Information
Source: Microsoft-Windows-Dhcp-Client
Event ID: 50065
Time: /Date(1771839207115
Message: DHCP has found a match in the cache for Service Set Identifier(SSID) RSN2OfficeWLAN(Hexadecimal value of SSID: 2535E423F4666696365675C414E4) for the Network Card with the network address 0xD0577E0C60CF

Event #210
--------------------------------------------------------------------------------
Level: Information
Source: Microsoft-Windows-Dhcp-Client
Event ID: 50067
Time: /Date(1771839207115
Message: DHCP has received a Service Set Identifier(SSID) RSN2OfficeWLAN(Hexadecimal value of SSID: 2535E423F4666696365675C414E4) for the Network Card with the network address 0xD0577E0C60CF

Event #211
--------------------------------------------------------------------------------
Level: Information
Source: Microsoft-Windows-Dhcp-Client
Event ID: 50065
Time: /Date(1771839154509
Message: DHCP has found a match in the cache for Service Set Identifier(SSID) RSN2OfficeWLAN(Hexadecimal value of SSID: 2535E423F4666696365675C414E4) for the Network Card with the network address 0xD0577E0C60CF

Event #212
--------------------------------------------------------------------------------
Level: Information
Source: Microsoft-Windows-Dhcp-Client
Event ID: 50067
Time: /Date(1771839154509
Message: DHCP has received a Service Set Identifier(SSID) RSN2OfficeWLAN(Hexadecimal value of SSID: 2535E423F4666696365675C414E4) for the Network Card with the network address 0xD0577E0C60CF

Event #213
--------------------------------------------------------------------------------
Level: Information
Source: Microsoft-Windows-Dhcp-Client
Event ID: 50065
Time: /Date(1771839045108
Message: DHCP has found a match in the cache for Service Set Identifier(SSID) RSN2OfficeWLAN(Hexadecimal value of SSID: 2535E423F4666696365675C414E4) for the Network Card with the network address 0xD0577E0C60CF

Event #214
--------------------------------------------------------------------------------
Level: Information
Source: Microsoft-Windows-Dhcp-Client
Event ID: 50067
Time: /Date(1771839045108
Message: DHCP has received a Service Set Identifier(SSID) RSN2OfficeWLAN(Hexadecimal value of SSID: 2535E423F4666696365675C414E4) for the Network Card with the network address 0xD0577E0C60CF

Event #215
--------------------------------------------------------------------------------
Level: Information
Source: Microsoft-Windows-Dhcp-Client
Event ID: 50065
Time: /Date(1771838976562
Message: DHCP has found a match in the cache for Service Set Identifier(SSID) RSN2OfficeWLAN(Hexadecimal value of SSID: 2535E423F4666696365675C414E4) for the Network Card with the network address 0xD0577E0C60CF

Event #216
--------------------------------------------------------------------------------
Level: Information
Source: Microsoft-Windows-Dhcp-Client
Event ID: 50067
Time: /Date(1771838976562
Message: DHCP has received a Service Set Identifier(SSID) RSN2OfficeWLAN(Hexadecimal value of SSID: 2535E423F4666696365675C414E4) for the Network Card with the network address 0xD0577E0C60CF

Event #217
--------------------------------------------------------------------------------
Level: Information
Source: Microsoft-Windows-Dhcp-Client
Event ID: 50065
Time: /Date(1771838955162
Message: DHCP has found a match in the cache for Service Set Identifier(SSID) RSN2OfficeWLAN(Hexadecimal value of SSID: 2535E423F4666696365675C414E4) for the Network Card with the network address 0xD0577E0C60CF

Event #218
--------------------------------------------------------------------------------
Level: Information
Source: Microsoft-Windows-Dhcp-Client
Event ID: 50067
Time: /Date(1771838955162
Message: DHCP has received a Service Set Identifier(SSID) RSN2OfficeWLAN(Hexadecimal value of SSID: 2535E423F4666696365675C414E4) for the Network Card with the network address 0xD0577E0C60CF

Event #219
--------------------------------------------------------------------------------
Level: Information
Source: Microsoft-Windows-Dhcp-Client
Event ID: 50065
Time: /Date(1771838930509
Message: DHCP has found a match in the cache for Service Set Identifier(SSID) RSN2OfficeWLAN(Hexadecimal value of SSID: 2535E423F4666696365675C414E4) for the Network Card with the network address 0xD0577E0C60CF

Event #220
--------------------------------------------------------------------------------
Level: Information
Source: Microsoft-Windows-Dhcp-Client
Event ID: 50067
Time: /Date(1771838930509
Message: DHCP has received a Service Set Identifier(SSID) RSN2OfficeWLAN(Hexadecimal value of SSID: 2535E423F4666696365675C414E4) for the Network Card with the network address 0xD0577E0C60CF

