================================================================================
WINDOWS EVENT LOGS - Network
================================================================================
Generated: 2026-01-26 12:13:30
Total Events: 200

Summary:
  Errors: 4
  Warnings: 0
  Critical: 0

================================================================================

Event #1
--------------------------------------------------------------------------------
Level: Information
Source: Software Protection Platform Service
Event ID: 16384
Time: 2026-01-26 11:54:02
Message: <The description for Event ID ( 16384 ) in Source ( 'Software Protection Platform Service' ) could not be found. It contains the following insertion string(s):'2126-01-02T06:24:02Z, RulesEngine'.>

Event #2
--------------------------------------------------------------------------------
Level: Information
Source: Software Protection Platform Service
Event ID: 16394
Time: 2026-01-26 11:53:05
Message: <The description for Event ID ( 16394 ) in Source ( 'Software Protection Platform Service' ) could not be found. It contains the following insertion string(s):''.>

Event #3
--------------------------------------------------------------------------------
Level: Information
Source: Windows Error Reporting
Event ID: 1001
Time: 2026-01-26 11:51:48
Message: <The description for Event ID ( 1001 ) in Source ( 'Windows Error Reporting' ) could not be found. It contains the following insertion string(s):', 0, LiveKernelEvent, Not available, 0, 117, ffffca0ccff792e0, fffff80178e32b20, 0, ffffca0c8f179080, 10_0_26100, 0_0, 256_1, , , \r\n\\\\?\\C:\\windows\\LiveKernelReports\\WATCHDOG\\WATCHDOG-20260107-1116.dmp\r\n\\\\?\\C:\\windows\\SystemTemp\\WER-1630784890-0.sysdata.xml\r\n\\\\?\\C:\\ProgramData\\Microsoft\\Windows\\WER\\Temp\\WER.0c562836-be45-4a12

Event #4
--------------------------------------------------------------------------------
Level: Information
Source: Windows Error Reporting
Event ID: 1001
Time: 2026-01-26 11:51:48
Message: <The description for Event ID ( 1001 ) in Source ( 'Windows Error Reporting' ) could not be found. It contains the following insertion string(s):', 0, AppTermFailureEvent, Not available, 0, , , , , , , , , , , \r\n\\\\?\\C:\\Windows\\SystemTemp\\WER.7e69ca9e-1930-41fb-9a98-e358b14627c3.tmpatk.kdmp\r\n\\\\?\\C:\\Windows\\SystemTemp\\WER.70052fc3-2a71-4f21-b805-6ca35adcc532.tmp.appcompat.txt\r\n\\\\?\\C:\\ProgramData\\Microsoft\\Windows\\WER\\Temp\\WER.a3d1dd9b-5141-43c1-8013-6bd64ccb9677.tmp.WERI

Event #5
--------------------------------------------------------------------------------
Level: Information
Source: Windows Error Reporting
Event ID: 1001
Time: 2026-01-26 11:51:48
Message: <The description for Event ID ( 1001 ) in Source ( 'Windows Error Reporting' ) could not be found. It contains the following insertion string(s):', 0, LiveKernelEvent, Not available, 0, 117, ffffae0ff9789010, fffff80146b42b20, 0, ffffae0fe6107080, 10_0_26100, 0_0, 256_1, , , \r\n\\\\?\\C:\\windows\\LiveKernelReports\\WATCHDOG\\WATCHDOG-20251211-1044.dmp\r\n\\\\?\\C:\\windows\\SystemTemp\\WER-1478140437-0.sysdata.xml\r\n\\\\?\\C:\\ProgramData\\Microsoft\\Windows\\WER\\Temp\\WER.2fa5fe41-6670-4424

Event #6
--------------------------------------------------------------------------------
Level: Information
Source: Windows Error Reporting
Event ID: 1001
Time: 2026-01-26 11:51:48
Message: <The description for Event ID ( 1001 ) in Source ( 'Windows Error Reporting' ) could not be found. It contains the following insertion string(s):', 0, AppTermFailureEvent, Not available, 0, , , , , , , , , , , \r\n\\\\?\\C:\\Windows\\SystemTemp\\WER.d728db0b-9bfa-479c-9b15-3aa13ca6f999.tmpatk.kdmp\r\n\\\\?\\C:\\Windows\\SystemTemp\\WER.52091f09-1fc6-4b16-bb27-5a54b7858176.tmp.appcompat.txt\r\n\\\\?\\C:\\ProgramData\\Microsoft\\Windows\\WER\\Temp\\WER.1d4f772e-251d-41eb-bd2a-fd6b39a0bf21.tmp.WERI

Event #7
--------------------------------------------------------------------------------
Level: Information
Source: Windows Error Reporting
Event ID: 1001
Time: 2026-01-26 11:51:47
Message: <The description for Event ID ( 1001 ) in Source ( 'Windows Error Reporting' ) could not be found. It contains the following insertion string(s):', 0, LiveKernelEvent, Not available, 0, 141, ffffc008701f2010, fffff8015a883280, 0, ffffc0086aced080, 10_0_26100, 0_0, 256_1, , , \r\n\\\\?\\C:\\windows\\SystemTemp\\WER-24874687-0.sysdata.xml\r\n\\\\?\\C:\\ProgramData\\Microsoft\\Windows\\WER\\Temp\\WER.48f29511-bc19-4b61-b449-9fb3d0605cf8.tmp.WERInternalMetadata.xml\r\n\\\\?\\C:\\ProgramData\\Microso

Event #8
--------------------------------------------------------------------------------
Level: Information
Source: Software Protection Platform Service
Event ID: 16384
Time: 2026-01-26 11:50:52
Message: <The description for Event ID ( 16384 ) in Source ( 'Software Protection Platform Service' ) could not be found. It contains the following insertion string(s):'2126-01-02T06:20:52Z, RulesEngine'.>

Event #9
--------------------------------------------------------------------------------
Level: Information
Source: Software Protection Platform Service
Event ID: 16394
Time: 2026-01-26 11:50:21
Message: <The description for Event ID ( 16394 ) in Source ( 'Software Protection Platform Service' ) could not be found. It contains the following insertion string(s):''.>

Event #10
--------------------------------------------------------------------------------
Level: Information
Source: edgeupdate
Event ID: 0
Time: 2026-01-26 11:49:38
Message: <The description for Event ID ( 0 ) in Source ( 'edgeupdate' ) could not be found. It contains the following insertion string(s):'Service stopped'.>

Event #11
--------------------------------------------------------------------------------
Level: Information
Source: Software Protection Platform Service
Event ID: 16384
Time: 2026-01-26 11:49:35
Message: <The description for Event ID ( 16384 ) in Source ( 'Software Protection Platform Service' ) could not be found. It contains the following insertion string(s):'2126-01-02T06:19:35Z, RulesEngine'.>

Event #12
--------------------------------------------------------------------------------
Level: Information
Source: Microsoft-Windows-AppXDeploymentServer/Operational
Event ID: 2562
Time: 2026-01-26 11:49:03
Message: <The description for Event ID ( 2562 ) in Source ( 'Microsoft-Windows-AppXDeploymentServer/Operational' ) could not be found. It contains the following insertion string(s):'MSIXDeployment, windows.applicationData, DeleteMachineFolder, Package Microsoft.Winget.Source_2026.125.1329.37_neutral__8wekyb3d8bbwe removed machine folder C:\\ProgramData\\Microsoft\\Windows\\AppRepository\\Families\\ApplicationData\\Microsoft.Winget.Source_8wekyb3d8bbwe: The system cannot find the path specified.'.>

Event #13
--------------------------------------------------------------------------------
Level: Information
Source: Software Protection Platform Service
Event ID: 16394
Time: 2026-01-26 11:48:54
Message: <The description for Event ID ( 16394 ) in Source ( 'Software Protection Platform Service' ) could not be found. It contains the following insertion string(s):''.>

Event #14
--------------------------------------------------------------------------------
Level: Information
Source: Windows Error Reporting
Event ID: 1001
Time: 2026-01-26 11:48:53
Message: <The description for Event ID ( 1001 ) in Source ( 'Windows Error Reporting' ) could not be found. It contains the following insertion string(s):', 0, LiveKernelEvent, Not available, 0, 117, ffffca0ccff792e0, fffff80178e32b20, 0, ffffca0c8f179080, 10_0_26100, 0_0, 256_1, , , \r\n\\\\?\\C:\\windows\\LiveKernelReports\\WATCHDOG\\WATCHDOG-20260107-1116.dmp\r\n\\\\?\\C:\\windows\\SystemTemp\\WER-1630784890-0.sysdata.xml\r\n\\\\?\\C:\\ProgramData\\Microsoft\\Windows\\WER\\Temp\\WER.0c562836-be45-4a12

Event #15
--------------------------------------------------------------------------------
Level: Information
Source: Windows Error Reporting
Event ID: 1001
Time: 2026-01-26 11:48:52
Message: <The description for Event ID ( 1001 ) in Source ( 'Windows Error Reporting' ) could not be found. It contains the following insertion string(s):', 0, AppTermFailureEvent, Not available, 0, , , , , , , , , , , \r\n\\\\?\\C:\\Windows\\SystemTemp\\WER.7e69ca9e-1930-41fb-9a98-e358b14627c3.tmpatk.kdmp\r\n\\\\?\\C:\\Windows\\SystemTemp\\WER.70052fc3-2a71-4f21-b805-6ca35adcc532.tmp.appcompat.txt\r\n\\\\?\\C:\\ProgramData\\Microsoft\\Windows\\WER\\Temp\\WER.a3d1dd9b-5141-43c1-8013-6bd64ccb9677.tmp.WERI

Event #16
--------------------------------------------------------------------------------
Level: Information
Source: Windows Error Reporting
Event ID: 1001
Time: 2026-01-26 11:48:52
Message: <The description for Event ID ( 1001 ) in Source ( 'Windows Error Reporting' ) could not be found. It contains the following insertion string(s):', 0, LiveKernelEvent, Not available, 0, 117, ffffae0ff9789010, fffff80146b42b20, 0, ffffae0fe6107080, 10_0_26100, 0_0, 256_1, , , \r\n\\\\?\\C:\\windows\\LiveKernelReports\\WATCHDOG\\WATCHDOG-20251211-1044.dmp\r\n\\\\?\\C:\\windows\\SystemTemp\\WER-1478140437-0.sysdata.xml\r\n\\\\?\\C:\\ProgramData\\Microsoft\\Windows\\WER\\Temp\\WER.2fa5fe41-6670-4424

Event #17
--------------------------------------------------------------------------------
Level: Information
Source: Windows Error Reporting
Event ID: 1001
Time: 2026-01-26 11:48:52
Message: <The description for Event ID ( 1001 ) in Source ( 'Windows Error Reporting' ) could not be found. It contains the following insertion string(s):', 0, AppTermFailureEvent, Not available, 0, , , , , , , , , , , \r\n\\\\?\\C:\\Windows\\SystemTemp\\WER.d728db0b-9bfa-479c-9b15-3aa13ca6f999.tmpatk.kdmp\r\n\\\\?\\C:\\Windows\\SystemTemp\\WER.52091f09-1fc6-4b16-bb27-5a54b7858176.tmp.appcompat.txt\r\n\\\\?\\C:\\ProgramData\\Microsoft\\Windows\\WER\\Temp\\WER.1d4f772e-251d-41eb-bd2a-fd6b39a0bf21.tmp.WERI

Event #18
--------------------------------------------------------------------------------
Level: Information
Source: Windows Error Reporting
Event ID: 1001
Time: 2026-01-26 11:48:52
Message: <The description for Event ID ( 1001 ) in Source ( 'Windows Error Reporting' ) could not be found. It contains the following insertion string(s):', 0, LiveKernelEvent, Not available, 0, 141, ffffc008701f2010, fffff8015a883280, 0, ffffc0086aced080, 10_0_26100, 0_0, 256_1, , , \r\n\\\\?\\C:\\windows\\SystemTemp\\WER-24874687-0.sysdata.xml\r\n\\\\?\\C:\\ProgramData\\Microsoft\\Windows\\WER\\Temp\\WER.48f29511-bc19-4b61-b449-9fb3d0605cf8.tmp.WERInternalMetadata.xml\r\n\\\\?\\C:\\ProgramData\\Microso

Event #19
--------------------------------------------------------------------------------
Level: Information
Source: Windows Error Reporting
Event ID: 1001
Time: 2026-01-26 11:48:51
Message: <The description for Event ID ( 1001 ) in Source ( 'Windows Error Reporting' ) could not be found. It contains the following insertion string(s):', 0, LiveKernelEvent, Not available, 0, 117, ffffca0ccff792e0, fffff80178e32b20, 0, ffffca0c8f179080, 10_0_26100, 0_0, 256_1, , , \r\n\\\\?\\C:\\windows\\LiveKernelReports\\WATCHDOG\\WATCHDOG-20260107-1116.dmp\r\n\\\\?\\C:\\windows\\SystemTemp\\WER-1630784890-0.sysdata.xml\r\n\\\\?\\C:\\ProgramData\\Microsoft\\Windows\\WER\\Temp\\WER.0c562836-be45-4a12

Event #20
--------------------------------------------------------------------------------
Level: Information
Source: Windows Error Reporting
Event ID: 1001
Time: 2026-01-26 11:48:50
Message: <The description for Event ID ( 1001 ) in Source ( 'Windows Error Reporting' ) could not be found. It contains the following insertion string(s):', 0, AppTermFailureEvent, Not available, 0, , , , , , , , , , , \r\n\\\\?\\C:\\Windows\\SystemTemp\\WER.7e69ca9e-1930-41fb-9a98-e358b14627c3.tmpatk.kdmp\r\n\\\\?\\C:\\Windows\\SystemTemp\\WER.70052fc3-2a71-4f21-b805-6ca35adcc532.tmp.appcompat.txt\r\n\\\\?\\C:\\ProgramData\\Microsoft\\Windows\\WER\\Temp\\WER.a3d1dd9b-5141-43c1-8013-6bd64ccb9677.tmp.WERI

Event #21
--------------------------------------------------------------------------------
Level: Information
Source: Windows Error Reporting
Event ID: 1001
Time: 2026-01-26 11:48:49
Message: <The description for Event ID ( 1001 ) in Source ( 'Windows Error Reporting' ) could not be found. It contains the following insertion string(s):', 0, LiveKernelEvent, Not available, 0, 117, ffffae0ff9789010, fffff80146b42b20, 0, ffffae0fe6107080, 10_0_26100, 0_0, 256_1, , , \r\n\\\\?\\C:\\windows\\LiveKernelReports\\WATCHDOG\\WATCHDOG-20251211-1044.dmp\r\n\\\\?\\C:\\windows\\SystemTemp\\WER-1478140437-0.sysdata.xml\r\n\\\\?\\C:\\ProgramData\\Microsoft\\Windows\\WER\\Temp\\WER.2fa5fe41-6670-4424

Event #22
--------------------------------------------------------------------------------
Level: Information
Source: Windows Error Reporting
Event ID: 1001
Time: 2026-01-26 11:48:49
Message: <The description for Event ID ( 1001 ) in Source ( 'Windows Error Reporting' ) could not be found. It contains the following insertion string(s):', 0, AppTermFailureEvent, Not available, 0, , , , , , , , , , , \r\n\\\\?\\C:\\Windows\\SystemTemp\\WER.d728db0b-9bfa-479c-9b15-3aa13ca6f999.tmpatk.kdmp\r\n\\\\?\\C:\\Windows\\SystemTemp\\WER.52091f09-1fc6-4b16-bb27-5a54b7858176.tmp.appcompat.txt\r\n\\\\?\\C:\\ProgramData\\Microsoft\\Windows\\WER\\Temp\\WER.1d4f772e-251d-41eb-bd2a-fd6b39a0bf21.tmp.WERI

Event #23
--------------------------------------------------------------------------------
Level: Information
Source: Windows Error Reporting
Event ID: 1001
Time: 2026-01-26 11:48:48
Message: <The description for Event ID ( 1001 ) in Source ( 'Windows Error Reporting' ) could not be found. It contains the following insertion string(s):', 0, LiveKernelEvent, Not available, 0, 141, ffffc008701f2010, fffff8015a883280, 0, ffffc0086aced080, 10_0_26100, 0_0, 256_1, , , \r\n\\\\?\\C:\\windows\\SystemTemp\\WER-24874687-0.sysdata.xml\r\n\\\\?\\C:\\ProgramData\\Microsoft\\Windows\\WER\\Temp\\WER.48f29511-bc19-4b61-b449-9fb3d0605cf8.tmp.WERInternalMetadata.xml\r\n\\\\?\\C:\\ProgramData\\Microso

Event #24
--------------------------------------------------------------------------------
Level: Information
Source: HotKeyServiceUWP
Event ID: 0
Time: 2026-01-26 11:48:49
Message: <The description for Event ID ( 0 ) in Source ( 'HotKeyServiceUWP' ) could not be found. It contains the following insertion string(s):'PowerEvent-default - 0xa'.>

Event #25
--------------------------------------------------------------------------------
Level: Information
Source: IT Cloud Service
Event ID: 0
Time: 2026-01-26 11:48:49
Message: <The description for Event ID ( 0 ) in Source ( 'IT Cloud Service' ) could not be found. It contains the following insertion string(s):'PowerEvent handled successfully by the service.'.>

Event #26
--------------------------------------------------------------------------------
Level: Information
Source: Updater Utility Service Components Controller
Event ID: 0
Time: 2026-01-26 11:48:49
Message: <The description for Event ID ( 0 ) in Source ( 'Updater Utility Service Components Controller' ) could not be found. It contains the following insertion string(s):'PowerEvent handled successfully by the service.'.>

Event #27
--------------------------------------------------------------------------------
Level: Information
Source: HotKeyServiceUWP
Event ID: 0
Time: 2026-01-26 11:48:49
Message: <The description for Event ID ( 0 ) in Source ( 'HotKeyServiceUWP' ) could not be found. It contains the following insertion string(s):'PowerEvent-default - 0xa'.>

Event #28
--------------------------------------------------------------------------------
Level: Information
Source: HotKeyServiceUWP
Event ID: 0
Time: 2026-01-26 11:48:46
Message: <The description for Event ID ( 0 ) in Source ( 'HotKeyServiceUWP' ) could not be found. It contains the following insertion string(s):'PowerEvent-default - 0xa'.>

Event #29
--------------------------------------------------------------------------------
Level: Information
Source: IT Cloud Service
Event ID: 0
Time: 2026-01-26 11:48:46
Message: <The description for Event ID ( 0 ) in Source ( 'IT Cloud Service' ) could not be found. It contains the following insertion string(s):'PowerEvent handled successfully by the service.'.>

Event #30
--------------------------------------------------------------------------------
Level: Information
Source: Updater Utility Service Components Controller
Event ID: 0
Time: 2026-01-26 11:48:46
Message: <The description for Event ID ( 0 ) in Source ( 'Updater Utility Service Components Controller' ) could not be found. It contains the following insertion string(s):'PowerEvent handled successfully by the service.'.>

Event #31
--------------------------------------------------------------------------------
Level: Information
Source: HotKeyServiceUWP
Event ID: 0
Time: 2026-01-26 11:48:46
Message: <The description for Event ID ( 0 ) in Source ( 'HotKeyServiceUWP' ) could not be found. It contains the following insertion string(s):'PowerEvent-default - 0xa'.>

Event #32
--------------------------------------------------------------------------------
Level: Information
Source: Software Protection Platform Service
Event ID: 16384
Time: 2026-01-26 11:46:56
Message: <The description for Event ID ( 16384 ) in Source ( 'Software Protection Platform Service' ) could not be found. It contains the following insertion string(s):'2126-01-02T06:16:56Z, RulesEngine'.>

Event #33
--------------------------------------------------------------------------------
Level: Information
Source: Software Protection Platform Service
Event ID: 16394
Time: 2026-01-26 11:46:25
Message: <The description for Event ID ( 16394 ) in Source ( 'Software Protection Platform Service' ) could not be found. It contains the following insertion string(s):''.>

Event #34
--------------------------------------------------------------------------------
Level: Information
Source: Software Protection Platform Service
Event ID: 16384
Time: 2026-01-26 11:45:21
Message: <The description for Event ID ( 16384 ) in Source ( 'Software Protection Platform Service' ) could not be found. It contains the following insertion string(s):'2126-01-02T06:15:21Z, RulesEngine'.>

Event #35
--------------------------------------------------------------------------------
Level: Information
Source: Software Protection Platform Service
Event ID: 16394
Time: 2026-01-26 11:44:51
Message: <The description for Event ID ( 16394 ) in Source ( 'Software Protection Platform Service' ) could not be found. It contains the following insertion string(s):''.>

Event #36
--------------------------------------------------------------------------------
Level: Information
Source: edgeupdate
Event ID: 0
Time: 2026-01-26 11:39:41
Message: <The description for Event ID ( 0 ) in Source ( 'edgeupdate' ) could not be found. It contains the following insertion string(s):'Service stopped'.>

Event #37
--------------------------------------------------------------------------------
Level: Information
Source: Software Protection Platform Service
Event ID: 16384
Time: 2026-01-26 11:38:46
Message: <The description for Event ID ( 16384 ) in Source ( 'Software Protection Platform Service' ) could not be found. It contains the following insertion string(s):'2126-01-02T06:08:46Z, RulesEngine'.>

Event #38
--------------------------------------------------------------------------------
Level: Information
Source: Software Protection Platform Service
Event ID: 16394
Time: 2026-01-26 11:38:15
Message: <The description for Event ID ( 16394 ) in Source ( 'Software Protection Platform Service' ) could not be found. It contains the following insertion string(s):''.>

Event #39
--------------------------------------------------------------------------------
Level: Information
Source: HotKeyServiceUWP
Event ID: 0
Time: 2026-01-26 11:38:13
Message: <The description for Event ID ( 0 ) in Source ( 'HotKeyServiceUWP' ) could not be found. It contains the following insertion string(s):'PowerEvent-default - 0xa'.>

Event #40
--------------------------------------------------------------------------------
Level: Information
Source: IT Cloud Service
Event ID: 0
Time: 2026-01-26 11:38:12
Message: <The description for Event ID ( 0 ) in Source ( 'IT Cloud Service' ) could not be found. It contains the following insertion string(s):'PowerEvent handled successfully by the service.'.>

Event #41
--------------------------------------------------------------------------------
Level: Information
Source: IT Cloud Service
Event ID: 0
Time: 2026-01-26 11:38:12
Message: <The description for Event ID ( 0 ) in Source ( 'IT Cloud Service' ) could not be found. It contains the following insertion string(s):'PowerEvent handled successfully by the service.'.>

Event #42
--------------------------------------------------------------------------------
Level: Information
Source: Updater Utility Service Components Controller
Event ID: 0
Time: 2026-01-26 11:38:12
Message: <The description for Event ID ( 0 ) in Source ( 'Updater Utility Service Components Controller' ) could not be found. It contains the following insertion string(s):'PowerEvent handled successfully by the service.'.>

Event #43
--------------------------------------------------------------------------------
Level: Information
Source: Updater Utility Service Components Controller
Event ID: 0
Time: 2026-01-26 11:38:12
Message: <The description for Event ID ( 0 ) in Source ( 'Updater Utility Service Components Controller' ) could not be found. It contains the following insertion string(s):'PowerEvent handled successfully by the service.'.>

Event #44
--------------------------------------------------------------------------------
Level: Information
Source: HotKeyServiceUWP
Event ID: 0
Time: 2026-01-26 11:38:12
Message: <The description for Event ID ( 0 ) in Source ( 'HotKeyServiceUWP' ) could not be found. It contains the following insertion string(s):'PowerEvent-default - 0xa'.>

Event #45
--------------------------------------------------------------------------------
Level: Information
Source: HotKeyServiceUWP
Event ID: 0
Time: 2026-01-26 11:38:12
Message: <The description for Event ID ( 0 ) in Source ( 'HotKeyServiceUWP' ) could not be found. It contains the following insertion string(s):'HP Audio Analytics Service (8.10.50.393) in OnStart'.>

Event #46
--------------------------------------------------------------------------------
Level: Information
Source: HotKeyServiceUWP
Event ID: 0
Time: 2026-01-26 11:38:09
Message: <The description for Event ID ( 0 ) in Source ( 'HotKeyServiceUWP' ) could not be found. It contains the following insertion string(s):'HP Audio Analytics Service in OnStop'.>

Event #47
--------------------------------------------------------------------------------
Level: Information
Source: HotKeyServiceUWP
Event ID: 0
Time: 2026-01-26 11:38:03
Message: <The description for Event ID ( 0 ) in Source ( 'HotKeyServiceUWP' ) could not be found. It contains the following insertion string(s):'OnSessionChange - Type = 0x8'.>

Event #48
--------------------------------------------------------------------------------
Level: Information
Source: HotKeyServiceUWP
Event ID: 0
Time: 2026-01-26 11:38:03
Message: <The description for Event ID ( 0 ) in Source ( 'HotKeyServiceUWP' ) could not be found. It contains the following insertion string(s):'OnSessionChange - Type = 0x8'.>

Event #49
--------------------------------------------------------------------------------
Level: Information
Source: HotKeyServiceUWP
Event ID: 0
Time: 2026-01-26 11:38:01
Message: <The description for Event ID ( 0 ) in Source ( 'HotKeyServiceUWP' ) could not be found. It contains the following insertion string(s):'PowerEvent-default - 0x7'.>

Event #50
--------------------------------------------------------------------------------
Level: Information
Source: IT Cloud Service
Event ID: 0
Time: 2026-01-26 11:38:00
Message: <The description for Event ID ( 0 ) in Source ( 'IT Cloud Service' ) could not be found. It contains the following insertion string(s):'PowerEvent handled successfully by the service.'.>

Event #51
--------------------------------------------------------------------------------
Level: Information
Source: Updater Utility Service Components Controller
Event ID: 0
Time: 2026-01-26 11:37:59
Message: <The description for Event ID ( 0 ) in Source ( 'Updater Utility Service Components Controller' ) could not be found. It contains the following insertion string(s):'PowerEvent handled successfully by the service.'.>

Event #52
--------------------------------------------------------------------------------
Level: Information
Source: HotKeyServiceUWP
Event ID: 0
Time: 2026-01-26 11:37:58
Message: <The description for Event ID ( 0 ) in Source ( 'HotKeyServiceUWP' ) could not be found. It contains the following insertion string(s):'PowerEvent-default - 0x7'.>

Event #53
--------------------------------------------------------------------------------
Level: Information
Source: ISH Offload Item Service
Event ID: 3
Time: 2026-01-26 11:37:58
Message: <The description for Event ID ( 3 ) in Source ( 'ISH Offload Item Service' ) could not be found. It contains the following insertion string(s):'ISH Offload Item Service, Service send 2 offload items success.'.>

Event #54
--------------------------------------------------------------------------------
Level: Information
Source: ISH Offload Item Service
Event ID: 3
Time: 2026-01-26 11:37:58
Message: <The description for Event ID ( 3 ) in Source ( 'ISH Offload Item Service' ) could not be found. It contains the following insertion string(s):'ISH Offload Item Service, Heci Device interface connected successfully.'.>

Event #55
--------------------------------------------------------------------------------
Level: Information
Source: ISH Offload Item Service
Event ID: 3
Time: 2026-01-26 11:37:58
Message: <The description for Event ID ( 3 ) in Source ( 'ISH Offload Item Service' ) could not be found. It contains the following insertion string(s):'ISH Offload Item Service, Heci Device state changed. IsDeviceRemove: 0'.>

Event #56
--------------------------------------------------------------------------------
Level: Information
Source: IT Cloud Service
Event ID: 0
Time: 2026-01-25 23:34:14
Message: <The description for Event ID ( 0 ) in Source ( 'IT Cloud Service' ) could not be found. It contains the following insertion string(s):'PowerEvent handled successfully by the service.'.>

Event #57
--------------------------------------------------------------------------------
Level: Information
Source: Updater Utility Service Components Controller
Event ID: 0
Time: 2026-01-25 23:34:14
Message: <The description for Event ID ( 0 ) in Source ( 'Updater Utility Service Components Controller' ) could not be found. It contains the following insertion string(s):'PowerEvent handled successfully by the service.'.>

Event #58
--------------------------------------------------------------------------------
Level: Information
Source: HotKeyServiceUWP
Event ID: 0
Time: 2026-01-25 22:44:36
Message: <The description for Event ID ( 0 ) in Source ( 'HotKeyServiceUWP' ) could not be found. It contains the following insertion string(s):'OnSessionChange - Type = 0x7'.>

Event #59
--------------------------------------------------------------------------------
Level: Information
Source: HotKeyServiceUWP
Event ID: 0
Time: 2026-01-25 22:44:36
Message: <The description for Event ID ( 0 ) in Source ( 'HotKeyServiceUWP' ) could not be found. It contains the following insertion string(s):'OnSessionChange - Type = 0x7'.>

Event #60
--------------------------------------------------------------------------------
Level: Information
Source: Windows Error Reporting
Event ID: 1001
Time: 2026-01-25 22:38:36
Message: <The description for Event ID ( 1001 ) in Source ( 'Windows Error Reporting' ) could not be found. It contains the following insertion string(s):', 0, LiveKernelEvent, Not available, 0, 117, ffffca0ccff792e0, fffff80178e32b20, 0, ffffca0c8f179080, 10_0_26100, 0_0, 256_1, , , \r\n\\\\?\\C:\\windows\\LiveKernelReports\\WATCHDOG\\WATCHDOG-20260107-1116.dmp\r\n\\\\?\\C:\\windows\\SystemTemp\\WER-1630784890-0.sysdata.xml\r\n\\\\?\\C:\\ProgramData\\Microsoft\\Windows\\WER\\Temp\\WER.0c562836-be45-4a12

Event #61
--------------------------------------------------------------------------------
Level: Information
Source: Windows Error Reporting
Event ID: 1001
Time: 2026-01-25 22:38:34
Message: <The description for Event ID ( 1001 ) in Source ( 'Windows Error Reporting' ) could not be found. It contains the following insertion string(s):', 0, AppTermFailureEvent, Not available, 0, , , , , , , , , , , \r\n\\\\?\\C:\\Windows\\SystemTemp\\WER.7e69ca9e-1930-41fb-9a98-e358b14627c3.tmpatk.kdmp\r\n\\\\?\\C:\\Windows\\SystemTemp\\WER.70052fc3-2a71-4f21-b805-6ca35adcc532.tmp.appcompat.txt\r\n\\\\?\\C:\\ProgramData\\Microsoft\\Windows\\WER\\Temp\\WER.a3d1dd9b-5141-43c1-8013-6bd64ccb9677.tmp.WERI

Event #62
--------------------------------------------------------------------------------
Level: Information
Source: Windows Error Reporting
Event ID: 1001
Time: 2026-01-25 22:38:33
Message: <The description for Event ID ( 1001 ) in Source ( 'Windows Error Reporting' ) could not be found. It contains the following insertion string(s):', 0, LiveKernelEvent, Not available, 0, 117, ffffae0ff9789010, fffff80146b42b20, 0, ffffae0fe6107080, 10_0_26100, 0_0, 256_1, , , \r\n\\\\?\\C:\\windows\\LiveKernelReports\\WATCHDOG\\WATCHDOG-20251211-1044.dmp\r\n\\\\?\\C:\\windows\\SystemTemp\\WER-1478140437-0.sysdata.xml\r\n\\\\?\\C:\\ProgramData\\Microsoft\\Windows\\WER\\Temp\\WER.2fa5fe41-6670-4424

Event #63
--------------------------------------------------------------------------------
Level: Information
Source: Windows Error Reporting
Event ID: 1001
Time: 2026-01-25 22:38:33
Message: <The description for Event ID ( 1001 ) in Source ( 'Windows Error Reporting' ) could not be found. It contains the following insertion string(s):', 0, AppTermFailureEvent, Not available, 0, , , , , , , , , , , \r\n\\\\?\\C:\\Windows\\SystemTemp\\WER.d728db0b-9bfa-479c-9b15-3aa13ca6f999.tmpatk.kdmp\r\n\\\\?\\C:\\Windows\\SystemTemp\\WER.52091f09-1fc6-4b16-bb27-5a54b7858176.tmp.appcompat.txt\r\n\\\\?\\C:\\ProgramData\\Microsoft\\Windows\\WER\\Temp\\WER.1d4f772e-251d-41eb-bd2a-fd6b39a0bf21.tmp.WERI

Event #64
--------------------------------------------------------------------------------
Level: Information
Source: Windows Error Reporting
Event ID: 1001
Time: 2026-01-25 22:38:32
Message: <The description for Event ID ( 1001 ) in Source ( 'Windows Error Reporting' ) could not be found. It contains the following insertion string(s):', 0, LiveKernelEvent, Not available, 0, 141, ffffc008701f2010, fffff8015a883280, 0, ffffc0086aced080, 10_0_26100, 0_0, 256_1, , , \r\n\\\\?\\C:\\windows\\SystemTemp\\WER-24874687-0.sysdata.xml\r\n\\\\?\\C:\\ProgramData\\Microsoft\\Windows\\WER\\Temp\\WER.48f29511-bc19-4b61-b449-9fb3d0605cf8.tmp.WERInternalMetadata.xml\r\n\\\\?\\C:\\ProgramData\\Microso

Event #65
--------------------------------------------------------------------------------
Level: Information
Source: Software Protection Platform Service
Event ID: 16384
Time: 2026-01-25 22:38:20
Message: <The description for Event ID ( 16384 ) in Source ( 'Software Protection Platform Service' ) could not be found. It contains the following insertion string(s):'2126-01-01T17:08:19Z, RulesEngine'.>

Event #66
--------------------------------------------------------------------------------
Level: Information
Source: HotKeyServiceUWP
Event ID: 0
Time: 2026-01-25 22:37:52
Message: <The description for Event ID ( 0 ) in Source ( 'HotKeyServiceUWP' ) could not be found. It contains the following insertion string(s):'HP Audio Analytics Service (8.10.50.393) in OnStart'.>

Event #67
--------------------------------------------------------------------------------
Level: Information
Source: HotKeyServiceUWP
Event ID: 0
Time: 2026-01-25 22:37:51
Message: <The description for Event ID ( 0 ) in Source ( 'HotKeyServiceUWP' ) could not be found. It contains the following insertion string(s):'HP Audio Analytics Service in OnStop'.>

Event #68
--------------------------------------------------------------------------------
Level: Information
Source: HotKeyServiceUWP
Event ID: 0
Time: 2026-01-25 22:37:49
Message: <The description for Event ID ( 0 ) in Source ( 'HotKeyServiceUWP' ) could not be found. It contains the following insertion string(s):'OnSessionChange - Type = 0x8'.>

Event #69
--------------------------------------------------------------------------------
Level: Information
Source: HotKeyServiceUWP
Event ID: 0
Time: 2026-01-25 22:37:49
Message: <The description for Event ID ( 0 ) in Source ( 'HotKeyServiceUWP' ) could not be found. It contains the following insertion string(s):'OnSessionChange - Type = 0x8'.>

Event #70
--------------------------------------------------------------------------------
Level: Information
Source: Software Protection Platform Service
Event ID: 16394
Time: 2026-01-25 22:36:08
Message: <The description for Event ID ( 16394 ) in Source ( 'Software Protection Platform Service' ) could not be found. It contains the following insertion string(s):''.>

Event #71
--------------------------------------------------------------------------------
Level: Information
Source: Software Protection Platform Service
Event ID: 16384
Time: 2026-01-25 22:36:04
Message: <The description for Event ID ( 16384 ) in Source ( 'Software Protection Platform Service' ) could not be found. It contains the following insertion string(s):'2126-01-01T17:06:04Z, RulesEngine'.>

Event #72
--------------------------------------------------------------------------------
Level: Error
Source: IPF
Event ID: 17
Time: 2026-01-25 22:28:30
Message: <The description for Event ID ( 17 ) in Source ( 'IPF' ) could not be found. It contains the following insertion string(s):'ESIF(1.0.11904.2707) TYPE: ERROR MODULE: IPF TIME 182521964 ms\n\nDPTF Build Version:  9.0.11906.54998\nDPTF Build Date:  Jan 10 2025 15:36:53\nSource File:  IntelligentThermalManagementPolicy.cpp @ line 1090\nExecuting Function:  calculateAndSetPowerLimits\nMessage:  Failed to set power limits: Power limit is higher than maximum capability.\nPolicy:  Intelligent Thermal Ma

Event #73
--------------------------------------------------------------------------------
Level: Information
Source: HotKeyServiceUWP
Event ID: 0
Time: 2026-01-25 22:28:20
Message: <The description for Event ID ( 0 ) in Source ( 'HotKeyServiceUWP' ) could not be found. It contains the following insertion string(s):'OnSessionChange - Type = 0x7'.>

Event #74
--------------------------------------------------------------------------------
Level: Information
Source: HotKeyServiceUWP
Event ID: 0
Time: 2026-01-25 22:28:20
Message: <The description for Event ID ( 0 ) in Source ( 'HotKeyServiceUWP' ) could not be found. It contains the following insertion string(s):'OnSessionChange - Type = 0x7'.>

Event #75
--------------------------------------------------------------------------------
Level: Information
Source: Software Protection Platform Service
Event ID: 16394
Time: 2026-01-25 22:27:37
Message: <The description for Event ID ( 16394 ) in Source ( 'Software Protection Platform Service' ) could not be found. It contains the following insertion string(s):''.>

Event #76
--------------------------------------------------------------------------------
Level: Information
Source: Windows Error Reporting
Event ID: 1001
Time: 2026-01-25 22:11:00
Message: <The description for Event ID ( 1001 ) in Source ( 'Windows Error Reporting' ) could not be found. It contains the following insertion string(s):', 0, LiveKernelEvent, Not available, 0, 117, ffffca0ccff792e0, fffff80178e32b20, 0, ffffca0c8f179080, 10_0_26100, 0_0, 256_1, , , \r\n\\\\?\\C:\\windows\\LiveKernelReports\\WATCHDOG\\WATCHDOG-20260107-1116.dmp\r\n\\\\?\\C:\\windows\\SystemTemp\\WER-1630784890-0.sysdata.xml\r\n\\\\?\\C:\\ProgramData\\Microsoft\\Windows\\WER\\Temp\\WER.0c562836-be45-4a12

Event #77
--------------------------------------------------------------------------------
Level: Information
Source: Windows Error Reporting
Event ID: 1001
Time: 2026-01-25 22:10:59
Message: <The description for Event ID ( 1001 ) in Source ( 'Windows Error Reporting' ) could not be found. It contains the following insertion string(s):', 0, AppTermFailureEvent, Not available, 0, , , , , , , , , , , \r\n\\\\?\\C:\\Windows\\SystemTemp\\WER.7e69ca9e-1930-41fb-9a98-e358b14627c3.tmpatk.kdmp\r\n\\\\?\\C:\\Windows\\SystemTemp\\WER.70052fc3-2a71-4f21-b805-6ca35adcc532.tmp.appcompat.txt\r\n\\\\?\\C:\\ProgramData\\Microsoft\\Windows\\WER\\Temp\\WER.a3d1dd9b-5141-43c1-8013-6bd64ccb9677.tmp.WERI

Event #78
--------------------------------------------------------------------------------
Level: Information
Source: Windows Error Reporting
Event ID: 1001
Time: 2026-01-25 22:10:59
Message: <The description for Event ID ( 1001 ) in Source ( 'Windows Error Reporting' ) could not be found. It contains the following insertion string(s):', 0, LiveKernelEvent, Not available, 0, 117, ffffae0ff9789010, fffff80146b42b20, 0, ffffae0fe6107080, 10_0_26100, 0_0, 256_1, , , \r\n\\\\?\\C:\\windows\\LiveKernelReports\\WATCHDOG\\WATCHDOG-20251211-1044.dmp\r\n\\\\?\\C:\\windows\\SystemTemp\\WER-1478140437-0.sysdata.xml\r\n\\\\?\\C:\\ProgramData\\Microsoft\\Windows\\WER\\Temp\\WER.2fa5fe41-6670-4424

Event #79
--------------------------------------------------------------------------------
Level: Information
Source: Windows Error Reporting
Event ID: 1001
Time: 2026-01-25 22:10:59
Message: <The description for Event ID ( 1001 ) in Source ( 'Windows Error Reporting' ) could not be found. It contains the following insertion string(s):', 0, AppTermFailureEvent, Not available, 0, , , , , , , , , , , \r\n\\\\?\\C:\\Windows\\SystemTemp\\WER.d728db0b-9bfa-479c-9b15-3aa13ca6f999.tmpatk.kdmp\r\n\\\\?\\C:\\Windows\\SystemTemp\\WER.52091f09-1fc6-4b16-bb27-5a54b7858176.tmp.appcompat.txt\r\n\\\\?\\C:\\ProgramData\\Microsoft\\Windows\\WER\\Temp\\WER.1d4f772e-251d-41eb-bd2a-fd6b39a0bf21.tmp.WERI

Event #80
--------------------------------------------------------------------------------
Level: Information
Source: Windows Error Reporting
Event ID: 1001
Time: 2026-01-25 22:10:59
Message: <The description for Event ID ( 1001 ) in Source ( 'Windows Error Reporting' ) could not be found. It contains the following insertion string(s):', 0, LiveKernelEvent, Not available, 0, 141, ffffc008701f2010, fffff8015a883280, 0, ffffc0086aced080, 10_0_26100, 0_0, 256_1, , , \r\n\\\\?\\C:\\windows\\SystemTemp\\WER-24874687-0.sysdata.xml\r\n\\\\?\\C:\\ProgramData\\Microsoft\\Windows\\WER\\Temp\\WER.48f29511-bc19-4b61-b449-9fb3d0605cf8.tmp.WERInternalMetadata.xml\r\n\\\\?\\C:\\ProgramData\\Microso

Event #81
--------------------------------------------------------------------------------
Level: Information
Source: Software Protection Platform Service
Event ID: 16384
Time: 2026-01-25 22:03:44
Message: <The description for Event ID ( 16384 ) in Source ( 'Software Protection Platform Service' ) could not be found. It contains the following insertion string(s):'2126-01-01T16:33:44Z, RulesEngine'.>

Event #82
--------------------------------------------------------------------------------
Level: Information
Source: Software Protection Platform Service
Event ID: 16394
Time: 2026-01-25 22:02:33
Message: <The description for Event ID ( 16394 ) in Source ( 'Software Protection Platform Service' ) could not be found. It contains the following insertion string(s):''.>

Event #83
--------------------------------------------------------------------------------
Level: Information
Source: WecClientCertMaint
Event ID: 42040
Time: 2026-01-25 22:01:58
Message: <The description for Event ID ( 42040 ) in Source ( 'WecClientCertMaint' ) could not be found. It contains the following insertion string(s):'Found WEC client certificate and confirmed permissions already granted. Subject:CN=SOC-5CG5233YBT.clients.intel.com, O=Intel Corporation, S=California, C=US Thumbprint:46BE7C110235DB2DF2A788AD6FC2C55A403E2309 Path:C:\\ProgramData\\Application Data\\Microsoft\\Crypto\\Keys\\bb9ee996bae80270c378f559b6af7e17_979350a3-9d5e-47a7-8412-c198b17a6be4'.>

Event #84
--------------------------------------------------------------------------------
Level: Information
Source: Software Protection Platform Service
Event ID: 16384
Time: 2026-01-25 21:40:08
Message: <The description for Event ID ( 16384 ) in Source ( 'Software Protection Platform Service' ) could not be found. It contains the following insertion string(s):'2126-01-01T16:10:08Z, RulesEngine'.>

Event #85
--------------------------------------------------------------------------------
Level: Information
Source: Software Protection Platform Service
Event ID: 16394
Time: 2026-01-25 21:39:37
Message: <The description for Event ID ( 16394 ) in Source ( 'Software Protection Platform Service' ) could not be found. It contains the following insertion string(s):''.>

Event #86
--------------------------------------------------------------------------------
Level: Information
Source: Software Protection Platform Service
Event ID: 16384
Time: 2026-01-25 21:36:30
Message: <The description for Event ID ( 16384 ) in Source ( 'Software Protection Platform Service' ) could not be found. It contains the following insertion string(s):'2126-01-01T16:06:30Z, RulesEngine'.>

Event #87
--------------------------------------------------------------------------------
Level: Information
Source: Software Protection Platform Service
Event ID: 16394
Time: 2026-01-25 21:36:00
Message: <The description for Event ID ( 16394 ) in Source ( 'Software Protection Platform Service' ) could not be found. It contains the following insertion string(s):''.>

Event #88
--------------------------------------------------------------------------------
Level: Information
Source: Software Protection Platform Service
Event ID: 16384
Time: 2026-01-25 21:20:22
Message: <The description for Event ID ( 16384 ) in Source ( 'Software Protection Platform Service' ) could not be found. It contains the following insertion string(s):'2126-01-01T15:50:22Z, RulesEngine'.>

Event #89
--------------------------------------------------------------------------------
Level: Information
Source: Software Protection Platform Service
Event ID: 16394
Time: 2026-01-25 21:19:52
Message: <The description for Event ID ( 16394 ) in Source ( 'Software Protection Platform Service' ) could not be found. It contains the following insertion string(s):''.>

Event #90
--------------------------------------------------------------------------------
Level: Information
Source: Windows Error Reporting
Event ID: 1001
Time: 2026-01-25 21:19:21
Message: <The description for Event ID ( 1001 ) in Source ( 'Windows Error Reporting' ) could not be found. It contains the following insertion string(s):', 0, LiveKernelEvent, Not available, 0, 117, ffffca0ccff792e0, fffff80178e32b20, 0, ffffca0c8f179080, 10_0_26100, 0_0, 256_1, , , \r\n\\\\?\\C:\\windows\\LiveKernelReports\\WATCHDOG\\WATCHDOG-20260107-1116.dmp\r\n\\\\?\\C:\\windows\\SystemTemp\\WER-1630784890-0.sysdata.xml\r\n\\\\?\\C:\\ProgramData\\Microsoft\\Windows\\WER\\Temp\\WER.0c562836-be45-4a12

Event #91
--------------------------------------------------------------------------------
Level: Information
Source: Windows Error Reporting
Event ID: 1001
Time: 2026-01-25 21:19:21
Message: <The description for Event ID ( 1001 ) in Source ( 'Windows Error Reporting' ) could not be found. It contains the following insertion string(s):', 0, AppTermFailureEvent, Not available, 0, , , , , , , , , , , \r\n\\\\?\\C:\\Windows\\SystemTemp\\WER.7e69ca9e-1930-41fb-9a98-e358b14627c3.tmpatk.kdmp\r\n\\\\?\\C:\\Windows\\SystemTemp\\WER.70052fc3-2a71-4f21-b805-6ca35adcc532.tmp.appcompat.txt\r\n\\\\?\\C:\\ProgramData\\Microsoft\\Windows\\WER\\Temp\\WER.a3d1dd9b-5141-43c1-8013-6bd64ccb9677.tmp.WERI

Event #92
--------------------------------------------------------------------------------
Level: Information
Source: Windows Error Reporting
Event ID: 1001
Time: 2026-01-25 21:19:21
Message: <The description for Event ID ( 1001 ) in Source ( 'Windows Error Reporting' ) could not be found. It contains the following insertion string(s):', 0, LiveKernelEvent, Not available, 0, 117, ffffae0ff9789010, fffff80146b42b20, 0, ffffae0fe6107080, 10_0_26100, 0_0, 256_1, , , \r\n\\\\?\\C:\\windows\\LiveKernelReports\\WATCHDOG\\WATCHDOG-20251211-1044.dmp\r\n\\\\?\\C:\\windows\\SystemTemp\\WER-1478140437-0.sysdata.xml\r\n\\\\?\\C:\\ProgramData\\Microsoft\\Windows\\WER\\Temp\\WER.2fa5fe41-6670-4424

Event #93
--------------------------------------------------------------------------------
Level: Information
Source: Windows Error Reporting
Event ID: 1001
Time: 2026-01-25 21:19:20
Message: <The description for Event ID ( 1001 ) in Source ( 'Windows Error Reporting' ) could not be found. It contains the following insertion string(s):', 0, AppTermFailureEvent, Not available, 0, , , , , , , , , , , \r\n\\\\?\\C:\\Windows\\SystemTemp\\WER.d728db0b-9bfa-479c-9b15-3aa13ca6f999.tmpatk.kdmp\r\n\\\\?\\C:\\Windows\\SystemTemp\\WER.52091f09-1fc6-4b16-bb27-5a54b7858176.tmp.appcompat.txt\r\n\\\\?\\C:\\ProgramData\\Microsoft\\Windows\\WER\\Temp\\WER.1d4f772e-251d-41eb-bd2a-fd6b39a0bf21.tmp.WERI

Event #94
--------------------------------------------------------------------------------
Level: Information
Source: Windows Error Reporting
Event ID: 1001
Time: 2026-01-25 21:19:19
Message: <The description for Event ID ( 1001 ) in Source ( 'Windows Error Reporting' ) could not be found. It contains the following insertion string(s):', 0, LiveKernelEvent, Not available, 0, 141, ffffc008701f2010, fffff8015a883280, 0, ffffc0086aced080, 10_0_26100, 0_0, 256_1, , , \r\n\\\\?\\C:\\windows\\SystemTemp\\WER-24874687-0.sysdata.xml\r\n\\\\?\\C:\\ProgramData\\Microsoft\\Windows\\WER\\Temp\\WER.48f29511-bc19-4b61-b449-9fb3d0605cf8.tmp.WERInternalMetadata.xml\r\n\\\\?\\C:\\ProgramData\\Microso

Event #95
--------------------------------------------------------------------------------
Level: Information
Source: HotKeyServiceUWP
Event ID: 0
Time: 2026-01-25 21:18:48
Message: <The description for Event ID ( 0 ) in Source ( 'HotKeyServiceUWP' ) could not be found. It contains the following insertion string(s):'HP Audio Analytics Service (8.10.50.393) in OnStart'.>

Event #96
--------------------------------------------------------------------------------
Level: Information
Source: HotKeyServiceUWP
Event ID: 0
Time: 2026-01-25 21:18:45
Message: <The description for Event ID ( 0 ) in Source ( 'HotKeyServiceUWP' ) could not be found. It contains the following insertion string(s):'HP Audio Analytics Service in OnStop'.>

Event #97
--------------------------------------------------------------------------------
Level: Information
Source: HotKeyServiceUWP
Event ID: 0
Time: 2026-01-25 21:18:43
Message: <The description for Event ID ( 0 ) in Source ( 'HotKeyServiceUWP' ) could not be found. It contains the following insertion string(s):'OnSessionChange - Type = 0x8'.>

Event #98
--------------------------------------------------------------------------------
Level: Information
Source: HotKeyServiceUWP
Event ID: 0
Time: 2026-01-25 21:18:43
Message: <The description for Event ID ( 0 ) in Source ( 'HotKeyServiceUWP' ) could not be found. It contains the following insertion string(s):'OnSessionChange - Type = 0x8'.>

Event #99
--------------------------------------------------------------------------------
Level: Error
Source: IPF
Event ID: 17
Time: 2026-01-25 20:41:08
Message: <The description for Event ID ( 17 ) in Source ( 'IPF' ) could not be found. It contains the following insertion string(s):'ESIF(1.0.11904.2707) TYPE: ERROR MODULE: IPF TIME 176079931 ms\n\nDPTF Build Version:  9.0.11906.54998\nDPTF Build Date:  Jan 10 2025 15:36:53\nSource File:  IntelligentThermalManagementPolicy.cpp @ line 1090\nExecuting Function:  calculateAndSetPowerLimits\nMessage:  Failed to set power limits: Power limit is higher than maximum capability.\nPolicy:  Intelligent Thermal Ma

Event #100
--------------------------------------------------------------------------------
Level: Information
Source: HotKeyServiceUWP
Event ID: 0
Time: 2026-01-25 20:40:51
Message: <The description for Event ID ( 0 ) in Source ( 'HotKeyServiceUWP' ) could not be found. It contains the following insertion string(s):'OnSessionChange - Type = 0x7'.>

Event #101
--------------------------------------------------------------------------------
Level: Information
Source: Software Protection Platform Service
Event ID: 16384
Time: 2026-01-26 11:54:02
Message: <The description for Event ID ( 16384 ) in Source ( 'Software Protection Platform Service' ) could not be found. It contains the following insertion string(s):'2126-01-02T06:24:02Z, RulesEngine'.>

Event #102
--------------------------------------------------------------------------------
Level: Information
Source: Software Protection Platform Service
Event ID: 16394
Time: 2026-01-26 11:53:05
Message: <The description for Event ID ( 16394 ) in Source ( 'Software Protection Platform Service' ) could not be found. It contains the following insertion string(s):''.>

Event #103
--------------------------------------------------------------------------------
Level: Information
Source: Windows Error Reporting
Event ID: 1001
Time: 2026-01-26 11:51:48
Message: <The description for Event ID ( 1001 ) in Source ( 'Windows Error Reporting' ) could not be found. It contains the following insertion string(s):', 0, LiveKernelEvent, Not available, 0, 117, ffffca0ccff792e0, fffff80178e32b20, 0, ffffca0c8f179080, 10_0_26100, 0_0, 256_1, , , \r\n\\\\?\\C:\\windows\\LiveKernelReports\\WATCHDOG\\WATCHDOG-20260107-1116.dmp\r\n\\\\?\\C:\\windows\\SystemTemp\\WER-1630784890-0.sysdata.xml\r\n\\\\?\\C:\\ProgramData\\Microsoft\\Windows\\WER\\Temp\\WER.0c562836-be45-4a12

Event #104
--------------------------------------------------------------------------------
Level: Information
Source: Windows Error Reporting
Event ID: 1001
Time: 2026-01-26 11:51:48
Message: <The description for Event ID ( 1001 ) in Source ( 'Windows Error Reporting' ) could not be found. It contains the following insertion string(s):', 0, AppTermFailureEvent, Not available, 0, , , , , , , , , , , \r\n\\\\?\\C:\\Windows\\SystemTemp\\WER.7e69ca9e-1930-41fb-9a98-e358b14627c3.tmpatk.kdmp\r\n\\\\?\\C:\\Windows\\SystemTemp\\WER.70052fc3-2a71-4f21-b805-6ca35adcc532.tmp.appcompat.txt\r\n\\\\?\\C:\\ProgramData\\Microsoft\\Windows\\WER\\Temp\\WER.a3d1dd9b-5141-43c1-8013-6bd64ccb9677.tmp.WERI

Event #105
--------------------------------------------------------------------------------
Level: Information
Source: Windows Error Reporting
Event ID: 1001
Time: 2026-01-26 11:51:48
Message: <The description for Event ID ( 1001 ) in Source ( 'Windows Error Reporting' ) could not be found. It contains the following insertion string(s):', 0, LiveKernelEvent, Not available, 0, 117, ffffae0ff9789010, fffff80146b42b20, 0, ffffae0fe6107080, 10_0_26100, 0_0, 256_1, , , \r\n\\\\?\\C:\\windows\\LiveKernelReports\\WATCHDOG\\WATCHDOG-20251211-1044.dmp\r\n\\\\?\\C:\\windows\\SystemTemp\\WER-1478140437-0.sysdata.xml\r\n\\\\?\\C:\\ProgramData\\Microsoft\\Windows\\WER\\Temp\\WER.2fa5fe41-6670-4424

Event #106
--------------------------------------------------------------------------------
Level: Information
Source: Windows Error Reporting
Event ID: 1001
Time: 2026-01-26 11:51:48
Message: <The description for Event ID ( 1001 ) in Source ( 'Windows Error Reporting' ) could not be found. It contains the following insertion string(s):', 0, AppTermFailureEvent, Not available, 0, , , , , , , , , , , \r\n\\\\?\\C:\\Windows\\SystemTemp\\WER.d728db0b-9bfa-479c-9b15-3aa13ca6f999.tmpatk.kdmp\r\n\\\\?\\C:\\Windows\\SystemTemp\\WER.52091f09-1fc6-4b16-bb27-5a54b7858176.tmp.appcompat.txt\r\n\\\\?\\C:\\ProgramData\\Microsoft\\Windows\\WER\\Temp\\WER.1d4f772e-251d-41eb-bd2a-fd6b39a0bf21.tmp.WERI

Event #107
--------------------------------------------------------------------------------
Level: Information
Source: Windows Error Reporting
Event ID: 1001
Time: 2026-01-26 11:51:47
Message: <The description for Event ID ( 1001 ) in Source ( 'Windows Error Reporting' ) could not be found. It contains the following insertion string(s):', 0, LiveKernelEvent, Not available, 0, 141, ffffc008701f2010, fffff8015a883280, 0, ffffc0086aced080, 10_0_26100, 0_0, 256_1, , , \r\n\\\\?\\C:\\windows\\SystemTemp\\WER-24874687-0.sysdata.xml\r\n\\\\?\\C:\\ProgramData\\Microsoft\\Windows\\WER\\Temp\\WER.48f29511-bc19-4b61-b449-9fb3d0605cf8.tmp.WERInternalMetadata.xml\r\n\\\\?\\C:\\ProgramData\\Microso

Event #108
--------------------------------------------------------------------------------
Level: Information
Source: Software Protection Platform Service
Event ID: 16384
Time: 2026-01-26 11:50:52
Message: <The description for Event ID ( 16384 ) in Source ( 'Software Protection Platform Service' ) could not be found. It contains the following insertion string(s):'2126-01-02T06:20:52Z, RulesEngine'.>

Event #109
--------------------------------------------------------------------------------
Level: Information
Source: Software Protection Platform Service
Event ID: 16394
Time: 2026-01-26 11:50:21
Message: <The description for Event ID ( 16394 ) in Source ( 'Software Protection Platform Service' ) could not be found. It contains the following insertion string(s):''.>

Event #110
--------------------------------------------------------------------------------
Level: Information
Source: edgeupdate
Event ID: 0
Time: 2026-01-26 11:49:38
Message: <The description for Event ID ( 0 ) in Source ( 'edgeupdate' ) could not be found. It contains the following insertion string(s):'Service stopped'.>

Event #111
--------------------------------------------------------------------------------
Level: Information
Source: Software Protection Platform Service
Event ID: 16384
Time: 2026-01-26 11:49:35
Message: <The description for Event ID ( 16384 ) in Source ( 'Software Protection Platform Service' ) could not be found. It contains the following insertion string(s):'2126-01-02T06:19:35Z, RulesEngine'.>

Event #112
--------------------------------------------------------------------------------
Level: Information
Source: Microsoft-Windows-AppXDeploymentServer/Operational
Event ID: 2562
Time: 2026-01-26 11:49:03
Message: <The description for Event ID ( 2562 ) in Source ( 'Microsoft-Windows-AppXDeploymentServer/Operational' ) could not be found. It contains the following insertion string(s):'MSIXDeployment, windows.applicationData, DeleteMachineFolder, Package Microsoft.Winget.Source_2026.125.1329.37_neutral__8wekyb3d8bbwe removed machine folder C:\\ProgramData\\Microsoft\\Windows\\AppRepository\\Families\\ApplicationData\\Microsoft.Winget.Source_8wekyb3d8bbwe: The system cannot find the path specified.'.>

Event #113
--------------------------------------------------------------------------------
Level: Information
Source: Software Protection Platform Service
Event ID: 16394
Time: 2026-01-26 11:48:54
Message: <The description for Event ID ( 16394 ) in Source ( 'Software Protection Platform Service' ) could not be found. It contains the following insertion string(s):''.>

Event #114
--------------------------------------------------------------------------------
Level: Information
Source: Windows Error Reporting
Event ID: 1001
Time: 2026-01-26 11:48:53
Message: <The description for Event ID ( 1001 ) in Source ( 'Windows Error Reporting' ) could not be found. It contains the following insertion string(s):', 0, LiveKernelEvent, Not available, 0, 117, ffffca0ccff792e0, fffff80178e32b20, 0, ffffca0c8f179080, 10_0_26100, 0_0, 256_1, , , \r\n\\\\?\\C:\\windows\\LiveKernelReports\\WATCHDOG\\WATCHDOG-20260107-1116.dmp\r\n\\\\?\\C:\\windows\\SystemTemp\\WER-1630784890-0.sysdata.xml\r\n\\\\?\\C:\\ProgramData\\Microsoft\\Windows\\WER\\Temp\\WER.0c562836-be45-4a12

Event #115
--------------------------------------------------------------------------------
Level: Information
Source: Windows Error Reporting
Event ID: 1001
Time: 2026-01-26 11:48:52
Message: <The description for Event ID ( 1001 ) in Source ( 'Windows Error Reporting' ) could not be found. It contains the following insertion string(s):', 0, AppTermFailureEvent, Not available, 0, , , , , , , , , , , \r\n\\\\?\\C:\\Windows\\SystemTemp\\WER.7e69ca9e-1930-41fb-9a98-e358b14627c3.tmpatk.kdmp\r\n\\\\?\\C:\\Windows\\SystemTemp\\WER.70052fc3-2a71-4f21-b805-6ca35adcc532.tmp.appcompat.txt\r\n\\\\?\\C:\\ProgramData\\Microsoft\\Windows\\WER\\Temp\\WER.a3d1dd9b-5141-43c1-8013-6bd64ccb9677.tmp.WERI

Event #116
--------------------------------------------------------------------------------
Level: Information
Source: Windows Error Reporting
Event ID: 1001
Time: 2026-01-26 11:48:52
Message: <The description for Event ID ( 1001 ) in Source ( 'Windows Error Reporting' ) could not be found. It contains the following insertion string(s):', 0, LiveKernelEvent, Not available, 0, 117, ffffae0ff9789010, fffff80146b42b20, 0, ffffae0fe6107080, 10_0_26100, 0_0, 256_1, , , \r\n\\\\?\\C:\\windows\\LiveKernelReports\\WATCHDOG\\WATCHDOG-20251211-1044.dmp\r\n\\\\?\\C:\\windows\\SystemTemp\\WER-1478140437-0.sysdata.xml\r\n\\\\?\\C:\\ProgramData\\Microsoft\\Windows\\WER\\Temp\\WER.2fa5fe41-6670-4424

Event #117
--------------------------------------------------------------------------------
Level: Information
Source: Windows Error Reporting
Event ID: 1001
Time: 2026-01-26 11:48:52
Message: <The description for Event ID ( 1001 ) in Source ( 'Windows Error Reporting' ) could not be found. It contains the following insertion string(s):', 0, AppTermFailureEvent, Not available, 0, , , , , , , , , , , \r\n\\\\?\\C:\\Windows\\SystemTemp\\WER.d728db0b-9bfa-479c-9b15-3aa13ca6f999.tmpatk.kdmp\r\n\\\\?\\C:\\Windows\\SystemTemp\\WER.52091f09-1fc6-4b16-bb27-5a54b7858176.tmp.appcompat.txt\r\n\\\\?\\C:\\ProgramData\\Microsoft\\Windows\\WER\\Temp\\WER.1d4f772e-251d-41eb-bd2a-fd6b39a0bf21.tmp.WERI

Event #118
--------------------------------------------------------------------------------
Level: Information
Source: Windows Error Reporting
Event ID: 1001
Time: 2026-01-26 11:48:52
Message: <The description for Event ID ( 1001 ) in Source ( 'Windows Error Reporting' ) could not be found. It contains the following insertion string(s):', 0, LiveKernelEvent, Not available, 0, 141, ffffc008701f2010, fffff8015a883280, 0, ffffc0086aced080, 10_0_26100, 0_0, 256_1, , , \r\n\\\\?\\C:\\windows\\SystemTemp\\WER-24874687-0.sysdata.xml\r\n\\\\?\\C:\\ProgramData\\Microsoft\\Windows\\WER\\Temp\\WER.48f29511-bc19-4b61-b449-9fb3d0605cf8.tmp.WERInternalMetadata.xml\r\n\\\\?\\C:\\ProgramData\\Microso

Event #119
--------------------------------------------------------------------------------
Level: Information
Source: Windows Error Reporting
Event ID: 1001
Time: 2026-01-26 11:48:51
Message: <The description for Event ID ( 1001 ) in Source ( 'Windows Error Reporting' ) could not be found. It contains the following insertion string(s):', 0, LiveKernelEvent, Not available, 0, 117, ffffca0ccff792e0, fffff80178e32b20, 0, ffffca0c8f179080, 10_0_26100, 0_0, 256_1, , , \r\n\\\\?\\C:\\windows\\LiveKernelReports\\WATCHDOG\\WATCHDOG-20260107-1116.dmp\r\n\\\\?\\C:\\windows\\SystemTemp\\WER-1630784890-0.sysdata.xml\r\n\\\\?\\C:\\ProgramData\\Microsoft\\Windows\\WER\\Temp\\WER.0c562836-be45-4a12

Event #120
--------------------------------------------------------------------------------
Level: Information
Source: Windows Error Reporting
Event ID: 1001
Time: 2026-01-26 11:48:50
Message: <The description for Event ID ( 1001 ) in Source ( 'Windows Error Reporting' ) could not be found. It contains the following insertion string(s):', 0, AppTermFailureEvent, Not available, 0, , , , , , , , , , , \r\n\\\\?\\C:\\Windows\\SystemTemp\\WER.7e69ca9e-1930-41fb-9a98-e358b14627c3.tmpatk.kdmp\r\n\\\\?\\C:\\Windows\\SystemTemp\\WER.70052fc3-2a71-4f21-b805-6ca35adcc532.tmp.appcompat.txt\r\n\\\\?\\C:\\ProgramData\\Microsoft\\Windows\\WER\\Temp\\WER.a3d1dd9b-5141-43c1-8013-6bd64ccb9677.tmp.WERI

Event #121
--------------------------------------------------------------------------------
Level: Information
Source: Windows Error Reporting
Event ID: 1001
Time: 2026-01-26 11:48:49
Message: <The description for Event ID ( 1001 ) in Source ( 'Windows Error Reporting' ) could not be found. It contains the following insertion string(s):', 0, LiveKernelEvent, Not available, 0, 117, ffffae0ff9789010, fffff80146b42b20, 0, ffffae0fe6107080, 10_0_26100, 0_0, 256_1, , , \r\n\\\\?\\C:\\windows\\LiveKernelReports\\WATCHDOG\\WATCHDOG-20251211-1044.dmp\r\n\\\\?\\C:\\windows\\SystemTemp\\WER-1478140437-0.sysdata.xml\r\n\\\\?\\C:\\ProgramData\\Microsoft\\Windows\\WER\\Temp\\WER.2fa5fe41-6670-4424

Event #122
--------------------------------------------------------------------------------
Level: Information
Source: Windows Error Reporting
Event ID: 1001
Time: 2026-01-26 11:48:49
Message: <The description for Event ID ( 1001 ) in Source ( 'Windows Error Reporting' ) could not be found. It contains the following insertion string(s):', 0, AppTermFailureEvent, Not available, 0, , , , , , , , , , , \r\n\\\\?\\C:\\Windows\\SystemTemp\\WER.d728db0b-9bfa-479c-9b15-3aa13ca6f999.tmpatk.kdmp\r\n\\\\?\\C:\\Windows\\SystemTemp\\WER.52091f09-1fc6-4b16-bb27-5a54b7858176.tmp.appcompat.txt\r\n\\\\?\\C:\\ProgramData\\Microsoft\\Windows\\WER\\Temp\\WER.1d4f772e-251d-41eb-bd2a-fd6b39a0bf21.tmp.WERI

Event #123
--------------------------------------------------------------------------------
Level: Information
Source: Windows Error Reporting
Event ID: 1001
Time: 2026-01-26 11:48:48
Message: <The description for Event ID ( 1001 ) in Source ( 'Windows Error Reporting' ) could not be found. It contains the following insertion string(s):', 0, LiveKernelEvent, Not available, 0, 141, ffffc008701f2010, fffff8015a883280, 0, ffffc0086aced080, 10_0_26100, 0_0, 256_1, , , \r\n\\\\?\\C:\\windows\\SystemTemp\\WER-24874687-0.sysdata.xml\r\n\\\\?\\C:\\ProgramData\\Microsoft\\Windows\\WER\\Temp\\WER.48f29511-bc19-4b61-b449-9fb3d0605cf8.tmp.WERInternalMetadata.xml\r\n\\\\?\\C:\\ProgramData\\Microso

Event #124
--------------------------------------------------------------------------------
Level: Information
Source: HotKeyServiceUWP
Event ID: 0
Time: 2026-01-26 11:48:49
Message: <The description for Event ID ( 0 ) in Source ( 'HotKeyServiceUWP' ) could not be found. It contains the following insertion string(s):'PowerEvent-default - 0xa'.>

Event #125
--------------------------------------------------------------------------------
Level: Information
Source: IT Cloud Service
Event ID: 0
Time: 2026-01-26 11:48:49
Message: <The description for Event ID ( 0 ) in Source ( 'IT Cloud Service' ) could not be found. It contains the following insertion string(s):'PowerEvent handled successfully by the service.'.>

Event #126
--------------------------------------------------------------------------------
Level: Information
Source: Updater Utility Service Components Controller
Event ID: 0
Time: 2026-01-26 11:48:49
Message: <The description for Event ID ( 0 ) in Source ( 'Updater Utility Service Components Controller' ) could not be found. It contains the following insertion string(s):'PowerEvent handled successfully by the service.'.>

Event #127
--------------------------------------------------------------------------------
Level: Information
Source: HotKeyServiceUWP
Event ID: 0
Time: 2026-01-26 11:48:49
Message: <The description for Event ID ( 0 ) in Source ( 'HotKeyServiceUWP' ) could not be found. It contains the following insertion string(s):'PowerEvent-default - 0xa'.>

Event #128
--------------------------------------------------------------------------------
Level: Information
Source: HotKeyServiceUWP
Event ID: 0
Time: 2026-01-26 11:48:46
Message: <The description for Event ID ( 0 ) in Source ( 'HotKeyServiceUWP' ) could not be found. It contains the following insertion string(s):'PowerEvent-default - 0xa'.>

Event #129
--------------------------------------------------------------------------------
Level: Information
Source: IT Cloud Service
Event ID: 0
Time: 2026-01-26 11:48:46
Message: <The description for Event ID ( 0 ) in Source ( 'IT Cloud Service' ) could not be found. It contains the following insertion string(s):'PowerEvent handled successfully by the service.'.>

Event #130
--------------------------------------------------------------------------------
Level: Information
Source: Updater Utility Service Components Controller
Event ID: 0
Time: 2026-01-26 11:48:46
Message: <The description for Event ID ( 0 ) in Source ( 'Updater Utility Service Components Controller' ) could not be found. It contains the following insertion string(s):'PowerEvent handled successfully by the service.'.>

Event #131
--------------------------------------------------------------------------------
Level: Information
Source: HotKeyServiceUWP
Event ID: 0
Time: 2026-01-26 11:48:46
Message: <The description for Event ID ( 0 ) in Source ( 'HotKeyServiceUWP' ) could not be found. It contains the following insertion string(s):'PowerEvent-default - 0xa'.>

Event #132
--------------------------------------------------------------------------------
Level: Information
Source: Software Protection Platform Service
Event ID: 16384
Time: 2026-01-26 11:46:56
Message: <The description for Event ID ( 16384 ) in Source ( 'Software Protection Platform Service' ) could not be found. It contains the following insertion string(s):'2126-01-02T06:16:56Z, RulesEngine'.>

Event #133
--------------------------------------------------------------------------------
Level: Information
Source: Software Protection Platform Service
Event ID: 16394
Time: 2026-01-26 11:46:25
Message: <The description for Event ID ( 16394 ) in Source ( 'Software Protection Platform Service' ) could not be found. It contains the following insertion string(s):''.>

Event #134
--------------------------------------------------------------------------------
Level: Information
Source: Software Protection Platform Service
Event ID: 16384
Time: 2026-01-26 11:45:21
Message: <The description for Event ID ( 16384 ) in Source ( 'Software Protection Platform Service' ) could not be found. It contains the following insertion string(s):'2126-01-02T06:15:21Z, RulesEngine'.>

Event #135
--------------------------------------------------------------------------------
Level: Information
Source: Software Protection Platform Service
Event ID: 16394
Time: 2026-01-26 11:44:51
Message: <The description for Event ID ( 16394 ) in Source ( 'Software Protection Platform Service' ) could not be found. It contains the following insertion string(s):''.>

Event #136
--------------------------------------------------------------------------------
Level: Information
Source: edgeupdate
Event ID: 0
Time: 2026-01-26 11:39:41
Message: <The description for Event ID ( 0 ) in Source ( 'edgeupdate' ) could not be found. It contains the following insertion string(s):'Service stopped'.>

Event #137
--------------------------------------------------------------------------------
Level: Information
Source: Software Protection Platform Service
Event ID: 16384
Time: 2026-01-26 11:38:46
Message: <The description for Event ID ( 16384 ) in Source ( 'Software Protection Platform Service' ) could not be found. It contains the following insertion string(s):'2126-01-02T06:08:46Z, RulesEngine'.>

Event #138
--------------------------------------------------------------------------------
Level: Information
Source: Software Protection Platform Service
Event ID: 16394
Time: 2026-01-26 11:38:15
Message: <The description for Event ID ( 16394 ) in Source ( 'Software Protection Platform Service' ) could not be found. It contains the following insertion string(s):''.>

Event #139
--------------------------------------------------------------------------------
Level: Information
Source: HotKeyServiceUWP
Event ID: 0
Time: 2026-01-26 11:38:13
Message: <The description for Event ID ( 0 ) in Source ( 'HotKeyServiceUWP' ) could not be found. It contains the following insertion string(s):'PowerEvent-default - 0xa'.>

Event #140
--------------------------------------------------------------------------------
Level: Information
Source: IT Cloud Service
Event ID: 0
Time: 2026-01-26 11:38:12
Message: <The description for Event ID ( 0 ) in Source ( 'IT Cloud Service' ) could not be found. It contains the following insertion string(s):'PowerEvent handled successfully by the service.'.>

Event #141
--------------------------------------------------------------------------------
Level: Information
Source: IT Cloud Service
Event ID: 0
Time: 2026-01-26 11:38:12
Message: <The description for Event ID ( 0 ) in Source ( 'IT Cloud Service' ) could not be found. It contains the following insertion string(s):'PowerEvent handled successfully by the service.'.>

Event #142
--------------------------------------------------------------------------------
Level: Information
Source: Updater Utility Service Components Controller
Event ID: 0
Time: 2026-01-26 11:38:12
Message: <The description for Event ID ( 0 ) in Source ( 'Updater Utility Service Components Controller' ) could not be found. It contains the following insertion string(s):'PowerEvent handled successfully by the service.'.>

Event #143
--------------------------------------------------------------------------------
Level: Information
Source: Updater Utility Service Components Controller
Event ID: 0
Time: 2026-01-26 11:38:12
Message: <The description for Event ID ( 0 ) in Source ( 'Updater Utility Service Components Controller' ) could not be found. It contains the following insertion string(s):'PowerEvent handled successfully by the service.'.>

Event #144
--------------------------------------------------------------------------------
Level: Information
Source: HotKeyServiceUWP
Event ID: 0
Time: 2026-01-26 11:38:12
Message: <The description for Event ID ( 0 ) in Source ( 'HotKeyServiceUWP' ) could not be found. It contains the following insertion string(s):'PowerEvent-default - 0xa'.>

Event #145
--------------------------------------------------------------------------------
Level: Information
Source: HotKeyServiceUWP
Event ID: 0
Time: 2026-01-26 11:38:12
Message: <The description for Event ID ( 0 ) in Source ( 'HotKeyServiceUWP' ) could not be found. It contains the following insertion string(s):'HP Audio Analytics Service (8.10.50.393) in OnStart'.>

Event #146
--------------------------------------------------------------------------------
Level: Information
Source: HotKeyServiceUWP
Event ID: 0
Time: 2026-01-26 11:38:09
Message: <The description for Event ID ( 0 ) in Source ( 'HotKeyServiceUWP' ) could not be found. It contains the following insertion string(s):'HP Audio Analytics Service in OnStop'.>

Event #147
--------------------------------------------------------------------------------
Level: Information
Source: HotKeyServiceUWP
Event ID: 0
Time: 2026-01-26 11:38:03
Message: <The description for Event ID ( 0 ) in Source ( 'HotKeyServiceUWP' ) could not be found. It contains the following insertion string(s):'OnSessionChange - Type = 0x8'.>

Event #148
--------------------------------------------------------------------------------
Level: Information
Source: HotKeyServiceUWP
Event ID: 0
Time: 2026-01-26 11:38:03
Message: <The description for Event ID ( 0 ) in Source ( 'HotKeyServiceUWP' ) could not be found. It contains the following insertion string(s):'OnSessionChange - Type = 0x8'.>

Event #149
--------------------------------------------------------------------------------
Level: Information
Source: HotKeyServiceUWP
Event ID: 0
Time: 2026-01-26 11:38:01
Message: <The description for Event ID ( 0 ) in Source ( 'HotKeyServiceUWP' ) could not be found. It contains the following insertion string(s):'PowerEvent-default - 0x7'.>

Event #150
--------------------------------------------------------------------------------
Level: Information
Source: IT Cloud Service
Event ID: 0
Time: 2026-01-26 11:38:00
Message: <The description for Event ID ( 0 ) in Source ( 'IT Cloud Service' ) could not be found. It contains the following insertion string(s):'PowerEvent handled successfully by the service.'.>

Event #151
--------------------------------------------------------------------------------
Level: Information
Source: Updater Utility Service Components Controller
Event ID: 0
Time: 2026-01-26 11:37:59
Message: <The description for Event ID ( 0 ) in Source ( 'Updater Utility Service Components Controller' ) could not be found. It contains the following insertion string(s):'PowerEvent handled successfully by the service.'.>

Event #152
--------------------------------------------------------------------------------
Level: Information
Source: HotKeyServiceUWP
Event ID: 0
Time: 2026-01-26 11:37:58
Message: <The description for Event ID ( 0 ) in Source ( 'HotKeyServiceUWP' ) could not be found. It contains the following insertion string(s):'PowerEvent-default - 0x7'.>

Event #153
--------------------------------------------------------------------------------
Level: Information
Source: ISH Offload Item Service
Event ID: 3
Time: 2026-01-26 11:37:58
Message: <The description for Event ID ( 3 ) in Source ( 'ISH Offload Item Service' ) could not be found. It contains the following insertion string(s):'ISH Offload Item Service, Service send 2 offload items success.'.>

Event #154
--------------------------------------------------------------------------------
Level: Information
Source: ISH Offload Item Service
Event ID: 3
Time: 2026-01-26 11:37:58
Message: <The description for Event ID ( 3 ) in Source ( 'ISH Offload Item Service' ) could not be found. It contains the following insertion string(s):'ISH Offload Item Service, Heci Device interface connected successfully.'.>

Event #155
--------------------------------------------------------------------------------
Level: Information
Source: ISH Offload Item Service
Event ID: 3
Time: 2026-01-26 11:37:58
Message: <The description for Event ID ( 3 ) in Source ( 'ISH Offload Item Service' ) could not be found. It contains the following insertion string(s):'ISH Offload Item Service, Heci Device state changed. IsDeviceRemove: 0'.>

Event #156
--------------------------------------------------------------------------------
Level: Information
Source: IT Cloud Service
Event ID: 0
Time: 2026-01-25 23:34:14
Message: <The description for Event ID ( 0 ) in Source ( 'IT Cloud Service' ) could not be found. It contains the following insertion string(s):'PowerEvent handled successfully by the service.'.>

Event #157
--------------------------------------------------------------------------------
Level: Information
Source: Updater Utility Service Components Controller
Event ID: 0
Time: 2026-01-25 23:34:14
Message: <The description for Event ID ( 0 ) in Source ( 'Updater Utility Service Components Controller' ) could not be found. It contains the following insertion string(s):'PowerEvent handled successfully by the service.'.>

Event #158
--------------------------------------------------------------------------------
Level: Information
Source: HotKeyServiceUWP
Event ID: 0
Time: 2026-01-25 22:44:36
Message: <The description for Event ID ( 0 ) in Source ( 'HotKeyServiceUWP' ) could not be found. It contains the following insertion string(s):'OnSessionChange - Type = 0x7'.>

Event #159
--------------------------------------------------------------------------------
Level: Information
Source: HotKeyServiceUWP
Event ID: 0
Time: 2026-01-25 22:44:36
Message: <The description for Event ID ( 0 ) in Source ( 'HotKeyServiceUWP' ) could not be found. It contains the following insertion string(s):'OnSessionChange - Type = 0x7'.>

Event #160
--------------------------------------------------------------------------------
Level: Information
Source: Windows Error Reporting
Event ID: 1001
Time: 2026-01-25 22:38:36
Message: <The description for Event ID ( 1001 ) in Source ( 'Windows Error Reporting' ) could not be found. It contains the following insertion string(s):', 0, LiveKernelEvent, Not available, 0, 117, ffffca0ccff792e0, fffff80178e32b20, 0, ffffca0c8f179080, 10_0_26100, 0_0, 256_1, , , \r\n\\\\?\\C:\\windows\\LiveKernelReports\\WATCHDOG\\WATCHDOG-20260107-1116.dmp\r\n\\\\?\\C:\\windows\\SystemTemp\\WER-1630784890-0.sysdata.xml\r\n\\\\?\\C:\\ProgramData\\Microsoft\\Windows\\WER\\Temp\\WER.0c562836-be45-4a12

Event #161
--------------------------------------------------------------------------------
Level: Information
Source: Windows Error Reporting
Event ID: 1001
Time: 2026-01-25 22:38:34
Message: <The description for Event ID ( 1001 ) in Source ( 'Windows Error Reporting' ) could not be found. It contains the following insertion string(s):', 0, AppTermFailureEvent, Not available, 0, , , , , , , , , , , \r\n\\\\?\\C:\\Windows\\SystemTemp\\WER.7e69ca9e-1930-41fb-9a98-e358b14627c3.tmpatk.kdmp\r\n\\\\?\\C:\\Windows\\SystemTemp\\WER.70052fc3-2a71-4f21-b805-6ca35adcc532.tmp.appcompat.txt\r\n\\\\?\\C:\\ProgramData\\Microsoft\\Windows\\WER\\Temp\\WER.a3d1dd9b-5141-43c1-8013-6bd64ccb9677.tmp.WERI

Event #162
--------------------------------------------------------------------------------
Level: Information
Source: Windows Error Reporting
Event ID: 1001
Time: 2026-01-25 22:38:33
Message: <The description for Event ID ( 1001 ) in Source ( 'Windows Error Reporting' ) could not be found. It contains the following insertion string(s):', 0, LiveKernelEvent, Not available, 0, 117, ffffae0ff9789010, fffff80146b42b20, 0, ffffae0fe6107080, 10_0_26100, 0_0, 256_1, , , \r\n\\\\?\\C:\\windows\\LiveKernelReports\\WATCHDOG\\WATCHDOG-20251211-1044.dmp\r\n\\\\?\\C:\\windows\\SystemTemp\\WER-1478140437-0.sysdata.xml\r\n\\\\?\\C:\\ProgramData\\Microsoft\\Windows\\WER\\Temp\\WER.2fa5fe41-6670-4424

Event #163
--------------------------------------------------------------------------------
Level: Information
Source: Windows Error Reporting
Event ID: 1001
Time: 2026-01-25 22:38:33
Message: <The description for Event ID ( 1001 ) in Source ( 'Windows Error Reporting' ) could not be found. It contains the following insertion string(s):', 0, AppTermFailureEvent, Not available, 0, , , , , , , , , , , \r\n\\\\?\\C:\\Windows\\SystemTemp\\WER.d728db0b-9bfa-479c-9b15-3aa13ca6f999.tmpatk.kdmp\r\n\\\\?\\C:\\Windows\\SystemTemp\\WER.52091f09-1fc6-4b16-bb27-5a54b7858176.tmp.appcompat.txt\r\n\\\\?\\C:\\ProgramData\\Microsoft\\Windows\\WER\\Temp\\WER.1d4f772e-251d-41eb-bd2a-fd6b39a0bf21.tmp.WERI

Event #164
--------------------------------------------------------------------------------
Level: Information
Source: Windows Error Reporting
Event ID: 1001
Time: 2026-01-25 22:38:32
Message: <The description for Event ID ( 1001 ) in Source ( 'Windows Error Reporting' ) could not be found. It contains the following insertion string(s):', 0, LiveKernelEvent, Not available, 0, 141, ffffc008701f2010, fffff8015a883280, 0, ffffc0086aced080, 10_0_26100, 0_0, 256_1, , , \r\n\\\\?\\C:\\windows\\SystemTemp\\WER-24874687-0.sysdata.xml\r\n\\\\?\\C:\\ProgramData\\Microsoft\\Windows\\WER\\Temp\\WER.48f29511-bc19-4b61-b449-9fb3d0605cf8.tmp.WERInternalMetadata.xml\r\n\\\\?\\C:\\ProgramData\\Microso

Event #165
--------------------------------------------------------------------------------
Level: Information
Source: Software Protection Platform Service
Event ID: 16384
Time: 2026-01-25 22:38:20
Message: <The description for Event ID ( 16384 ) in Source ( 'Software Protection Platform Service' ) could not be found. It contains the following insertion string(s):'2126-01-01T17:08:19Z, RulesEngine'.>

Event #166
--------------------------------------------------------------------------------
Level: Information
Source: HotKeyServiceUWP
Event ID: 0
Time: 2026-01-25 22:37:52
Message: <The description for Event ID ( 0 ) in Source ( 'HotKeyServiceUWP' ) could not be found. It contains the following insertion string(s):'HP Audio Analytics Service (8.10.50.393) in OnStart'.>

Event #167
--------------------------------------------------------------------------------
Level: Information
Source: HotKeyServiceUWP
Event ID: 0
Time: 2026-01-25 22:37:51
Message: <The description for Event ID ( 0 ) in Source ( 'HotKeyServiceUWP' ) could not be found. It contains the following insertion string(s):'HP Audio Analytics Service in OnStop'.>

Event #168
--------------------------------------------------------------------------------
Level: Information
Source: HotKeyServiceUWP
Event ID: 0
Time: 2026-01-25 22:37:49
Message: <The description for Event ID ( 0 ) in Source ( 'HotKeyServiceUWP' ) could not be found. It contains the following insertion string(s):'OnSessionChange - Type = 0x8'.>

Event #169
--------------------------------------------------------------------------------
Level: Information
Source: HotKeyServiceUWP
Event ID: 0
Time: 2026-01-25 22:37:49
Message: <The description for Event ID ( 0 ) in Source ( 'HotKeyServiceUWP' ) could not be found. It contains the following insertion string(s):'OnSessionChange - Type = 0x8'.>

Event #170
--------------------------------------------------------------------------------
Level: Information
Source: Software Protection Platform Service
Event ID: 16394
Time: 2026-01-25 22:36:08
Message: <The description for Event ID ( 16394 ) in Source ( 'Software Protection Platform Service' ) could not be found. It contains the following insertion string(s):''.>

Event #171
--------------------------------------------------------------------------------
Level: Information
Source: Software Protection Platform Service
Event ID: 16384
Time: 2026-01-25 22:36:04
Message: <The description for Event ID ( 16384 ) in Source ( 'Software Protection Platform Service' ) could not be found. It contains the following insertion string(s):'2126-01-01T17:06:04Z, RulesEngine'.>

Event #172
--------------------------------------------------------------------------------
Level: Error
Source: IPF
Event ID: 17
Time: 2026-01-25 22:28:30
Message: <The description for Event ID ( 17 ) in Source ( 'IPF' ) could not be found. It contains the following insertion string(s):'ESIF(1.0.11904.2707) TYPE: ERROR MODULE: IPF TIME 182521964 ms\n\nDPTF Build Version:  9.0.11906.54998\nDPTF Build Date:  Jan 10 2025 15:36:53\nSource File:  IntelligentThermalManagementPolicy.cpp @ line 1090\nExecuting Function:  calculateAndSetPowerLimits\nMessage:  Failed to set power limits: Power limit is higher than maximum capability.\nPolicy:  Intelligent Thermal Ma

Event #173
--------------------------------------------------------------------------------
Level: Information
Source: HotKeyServiceUWP
Event ID: 0
Time: 2026-01-25 22:28:20
Message: <The description for Event ID ( 0 ) in Source ( 'HotKeyServiceUWP' ) could not be found. It contains the following insertion string(s):'OnSessionChange - Type = 0x7'.>

Event #174
--------------------------------------------------------------------------------
Level: Information
Source: HotKeyServiceUWP
Event ID: 0
Time: 2026-01-25 22:28:20
Message: <The description for Event ID ( 0 ) in Source ( 'HotKeyServiceUWP' ) could not be found. It contains the following insertion string(s):'OnSessionChange - Type = 0x7'.>

Event #175
--------------------------------------------------------------------------------
Level: Information
Source: Software Protection Platform Service
Event ID: 16394
Time: 2026-01-25 22:27:37
Message: <The description for Event ID ( 16394 ) in Source ( 'Software Protection Platform Service' ) could not be found. It contains the following insertion string(s):''.>

Event #176
--------------------------------------------------------------------------------
Level: Information
Source: Windows Error Reporting
Event ID: 1001
Time: 2026-01-25 22:11:00
Message: <The description for Event ID ( 1001 ) in Source ( 'Windows Error Reporting' ) could not be found. It contains the following insertion string(s):', 0, LiveKernelEvent, Not available, 0, 117, ffffca0ccff792e0, fffff80178e32b20, 0, ffffca0c8f179080, 10_0_26100, 0_0, 256_1, , , \r\n\\\\?\\C:\\windows\\LiveKernelReports\\WATCHDOG\\WATCHDOG-20260107-1116.dmp\r\n\\\\?\\C:\\windows\\SystemTemp\\WER-1630784890-0.sysdata.xml\r\n\\\\?\\C:\\ProgramData\\Microsoft\\Windows\\WER\\Temp\\WER.0c562836-be45-4a12

Event #177
--------------------------------------------------------------------------------
Level: Information
Source: Windows Error Reporting
Event ID: 1001
Time: 2026-01-25 22:10:59
Message: <The description for Event ID ( 1001 ) in Source ( 'Windows Error Reporting' ) could not be found. It contains the following insertion string(s):', 0, AppTermFailureEvent, Not available, 0, , , , , , , , , , , \r\n\\\\?\\C:\\Windows\\SystemTemp\\WER.7e69ca9e-1930-41fb-9a98-e358b14627c3.tmpatk.kdmp\r\n\\\\?\\C:\\Windows\\SystemTemp\\WER.70052fc3-2a71-4f21-b805-6ca35adcc532.tmp.appcompat.txt\r\n\\\\?\\C:\\ProgramData\\Microsoft\\Windows\\WER\\Temp\\WER.a3d1dd9b-5141-43c1-8013-6bd64ccb9677.tmp.WERI

Event #178
--------------------------------------------------------------------------------
Level: Information
Source: Windows Error Reporting
Event ID: 1001
Time: 2026-01-25 22:10:59
Message: <The description for Event ID ( 1001 ) in Source ( 'Windows Error Reporting' ) could not be found. It contains the following insertion string(s):', 0, LiveKernelEvent, Not available, 0, 117, ffffae0ff9789010, fffff80146b42b20, 0, ffffae0fe6107080, 10_0_26100, 0_0, 256_1, , , \r\n\\\\?\\C:\\windows\\LiveKernelReports\\WATCHDOG\\WATCHDOG-20251211-1044.dmp\r\n\\\\?\\C:\\windows\\SystemTemp\\WER-1478140437-0.sysdata.xml\r\n\\\\?\\C:\\ProgramData\\Microsoft\\Windows\\WER\\Temp\\WER.2fa5fe41-6670-4424

Event #179
--------------------------------------------------------------------------------
Level: Information
Source: Windows Error Reporting
Event ID: 1001
Time: 2026-01-25 22:10:59
Message: <The description for Event ID ( 1001 ) in Source ( 'Windows Error Reporting' ) could not be found. It contains the following insertion string(s):', 0, AppTermFailureEvent, Not available, 0, , , , , , , , , , , \r\n\\\\?\\C:\\Windows\\SystemTemp\\WER.d728db0b-9bfa-479c-9b15-3aa13ca6f999.tmpatk.kdmp\r\n\\\\?\\C:\\Windows\\SystemTemp\\WER.52091f09-1fc6-4b16-bb27-5a54b7858176.tmp.appcompat.txt\r\n\\\\?\\C:\\ProgramData\\Microsoft\\Windows\\WER\\Temp\\WER.1d4f772e-251d-41eb-bd2a-fd6b39a0bf21.tmp.WERI

Event #180
--------------------------------------------------------------------------------
Level: Information
Source: Windows Error Reporting
Event ID: 1001
Time: 2026-01-25 22:10:59
Message: <The description for Event ID ( 1001 ) in Source ( 'Windows Error Reporting' ) could not be found. It contains the following insertion string(s):', 0, LiveKernelEvent, Not available, 0, 141, ffffc008701f2010, fffff8015a883280, 0, ffffc0086aced080, 10_0_26100, 0_0, 256_1, , , \r\n\\\\?\\C:\\windows\\SystemTemp\\WER-24874687-0.sysdata.xml\r\n\\\\?\\C:\\ProgramData\\Microsoft\\Windows\\WER\\Temp\\WER.48f29511-bc19-4b61-b449-9fb3d0605cf8.tmp.WERInternalMetadata.xml\r\n\\\\?\\C:\\ProgramData\\Microso

Event #181
--------------------------------------------------------------------------------
Level: Information
Source: Software Protection Platform Service
Event ID: 16384
Time: 2026-01-25 22:03:44
Message: <The description for Event ID ( 16384 ) in Source ( 'Software Protection Platform Service' ) could not be found. It contains the following insertion string(s):'2126-01-01T16:33:44Z, RulesEngine'.>

Event #182
--------------------------------------------------------------------------------
Level: Information
Source: Software Protection Platform Service
Event ID: 16394
Time: 2026-01-25 22:02:33
Message: <The description for Event ID ( 16394 ) in Source ( 'Software Protection Platform Service' ) could not be found. It contains the following insertion string(s):''.>

Event #183
--------------------------------------------------------------------------------
Level: Information
Source: WecClientCertMaint
Event ID: 42040
Time: 2026-01-25 22:01:58
Message: <The description for Event ID ( 42040 ) in Source ( 'WecClientCertMaint' ) could not be found. It contains the following insertion string(s):'Found WEC client certificate and confirmed permissions already granted. Subject:CN=SOC-5CG5233YBT.clients.intel.com, O=Intel Corporation, S=California, C=US Thumbprint:46BE7C110235DB2DF2A788AD6FC2C55A403E2309 Path:C:\\ProgramData\\Application Data\\Microsoft\\Crypto\\Keys\\bb9ee996bae80270c378f559b6af7e17_979350a3-9d5e-47a7-8412-c198b17a6be4'.>

Event #184
--------------------------------------------------------------------------------
Level: Information
Source: Software Protection Platform Service
Event ID: 16384
Time: 2026-01-25 21:40:08
Message: <The description for Event ID ( 16384 ) in Source ( 'Software Protection Platform Service' ) could not be found. It contains the following insertion string(s):'2126-01-01T16:10:08Z, RulesEngine'.>

Event #185
--------------------------------------------------------------------------------
Level: Information
Source: Software Protection Platform Service
Event ID: 16394
Time: 2026-01-25 21:39:37
Message: <The description for Event ID ( 16394 ) in Source ( 'Software Protection Platform Service' ) could not be found. It contains the following insertion string(s):''.>

Event #186
--------------------------------------------------------------------------------
Level: Information
Source: Software Protection Platform Service
Event ID: 16384
Time: 2026-01-25 21:36:30
Message: <The description for Event ID ( 16384 ) in Source ( 'Software Protection Platform Service' ) could not be found. It contains the following insertion string(s):'2126-01-01T16:06:30Z, RulesEngine'.>

Event #187
--------------------------------------------------------------------------------
Level: Information
Source: Software Protection Platform Service
Event ID: 16394
Time: 2026-01-25 21:36:00
Message: <The description for Event ID ( 16394 ) in Source ( 'Software Protection Platform Service' ) could not be found. It contains the following insertion string(s):''.>

Event #188
--------------------------------------------------------------------------------
Level: Information
Source: Software Protection Platform Service
Event ID: 16384
Time: 2026-01-25 21:20:22
Message: <The description for Event ID ( 16384 ) in Source ( 'Software Protection Platform Service' ) could not be found. It contains the following insertion string(s):'2126-01-01T15:50:22Z, RulesEngine'.>

Event #189
--------------------------------------------------------------------------------
Level: Information
Source: Software Protection Platform Service
Event ID: 16394
Time: 2026-01-25 21:19:52
Message: <The description for Event ID ( 16394 ) in Source ( 'Software Protection Platform Service' ) could not be found. It contains the following insertion string(s):''.>

Event #190
--------------------------------------------------------------------------------
Level: Information
Source: Windows Error Reporting
Event ID: 1001
Time: 2026-01-25 21:19:21
Message: <The description for Event ID ( 1001 ) in Source ( 'Windows Error Reporting' ) could not be found. It contains the following insertion string(s):', 0, LiveKernelEvent, Not available, 0, 117, ffffca0ccff792e0, fffff80178e32b20, 0, ffffca0c8f179080, 10_0_26100, 0_0, 256_1, , , \r\n\\\\?\\C:\\windows\\LiveKernelReports\\WATCHDOG\\WATCHDOG-20260107-1116.dmp\r\n\\\\?\\C:\\windows\\SystemTemp\\WER-1630784890-0.sysdata.xml\r\n\\\\?\\C:\\ProgramData\\Microsoft\\Windows\\WER\\Temp\\WER.0c562836-be45-4a12

Event #191
--------------------------------------------------------------------------------
Level: Information
Source: Windows Error Reporting
Event ID: 1001
Time: 2026-01-25 21:19:21
Message: <The description for Event ID ( 1001 ) in Source ( 'Windows Error Reporting' ) could not be found. It contains the following insertion string(s):', 0, AppTermFailureEvent, Not available, 0, , , , , , , , , , , \r\n\\\\?\\C:\\Windows\\SystemTemp\\WER.7e69ca9e-1930-41fb-9a98-e358b14627c3.tmpatk.kdmp\r\n\\\\?\\C:\\Windows\\SystemTemp\\WER.70052fc3-2a71-4f21-b805-6ca35adcc532.tmp.appcompat.txt\r\n\\\\?\\C:\\ProgramData\\Microsoft\\Windows\\WER\\Temp\\WER.a3d1dd9b-5141-43c1-8013-6bd64ccb9677.tmp.WERI

Event #192
--------------------------------------------------------------------------------
Level: Information
Source: Windows Error Reporting
Event ID: 1001
Time: 2026-01-25 21:19:21
Message: <The description for Event ID ( 1001 ) in Source ( 'Windows Error Reporting' ) could not be found. It contains the following insertion string(s):', 0, LiveKernelEvent, Not available, 0, 117, ffffae0ff9789010, fffff80146b42b20, 0, ffffae0fe6107080, 10_0_26100, 0_0, 256_1, , , \r\n\\\\?\\C:\\windows\\LiveKernelReports\\WATCHDOG\\WATCHDOG-20251211-1044.dmp\r\n\\\\?\\C:\\windows\\SystemTemp\\WER-1478140437-0.sysdata.xml\r\n\\\\?\\C:\\ProgramData\\Microsoft\\Windows\\WER\\Temp\\WER.2fa5fe41-6670-4424

Event #193
--------------------------------------------------------------------------------
Level: Information
Source: Windows Error Reporting
Event ID: 1001
Time: 2026-01-25 21:19:20
Message: <The description for Event ID ( 1001 ) in Source ( 'Windows Error Reporting' ) could not be found. It contains the following insertion string(s):', 0, AppTermFailureEvent, Not available, 0, , , , , , , , , , , \r\n\\\\?\\C:\\Windows\\SystemTemp\\WER.d728db0b-9bfa-479c-9b15-3aa13ca6f999.tmpatk.kdmp\r\n\\\\?\\C:\\Windows\\SystemTemp\\WER.52091f09-1fc6-4b16-bb27-5a54b7858176.tmp.appcompat.txt\r\n\\\\?\\C:\\ProgramData\\Microsoft\\Windows\\WER\\Temp\\WER.1d4f772e-251d-41eb-bd2a-fd6b39a0bf21.tmp.WERI

Event #194
--------------------------------------------------------------------------------
Level: Information
Source: Windows Error Reporting
Event ID: 1001
Time: 2026-01-25 21:19:19
Message: <The description for Event ID ( 1001 ) in Source ( 'Windows Error Reporting' ) could not be found. It contains the following insertion string(s):', 0, LiveKernelEvent, Not available, 0, 141, ffffc008701f2010, fffff8015a883280, 0, ffffc0086aced080, 10_0_26100, 0_0, 256_1, , , \r\n\\\\?\\C:\\windows\\SystemTemp\\WER-24874687-0.sysdata.xml\r\n\\\\?\\C:\\ProgramData\\Microsoft\\Windows\\WER\\Temp\\WER.48f29511-bc19-4b61-b449-9fb3d0605cf8.tmp.WERInternalMetadata.xml\r\n\\\\?\\C:\\ProgramData\\Microso

Event #195
--------------------------------------------------------------------------------
Level: Information
Source: HotKeyServiceUWP
Event ID: 0
Time: 2026-01-25 21:18:48
Message: <The description for Event ID ( 0 ) in Source ( 'HotKeyServiceUWP' ) could not be found. It contains the following insertion string(s):'HP Audio Analytics Service (8.10.50.393) in OnStart'.>

Event #196
--------------------------------------------------------------------------------
Level: Information
Source: HotKeyServiceUWP
Event ID: 0
Time: 2026-01-25 21:18:45
Message: <The description for Event ID ( 0 ) in Source ( 'HotKeyServiceUWP' ) could not be found. It contains the following insertion string(s):'HP Audio Analytics Service in OnStop'.>

Event #197
--------------------------------------------------------------------------------
Level: Information
Source: HotKeyServiceUWP
Event ID: 0
Time: 2026-01-25 21:18:43
Message: <The description for Event ID ( 0 ) in Source ( 'HotKeyServiceUWP' ) could not be found. It contains the following insertion string(s):'OnSessionChange - Type = 0x8'.>

Event #198
--------------------------------------------------------------------------------
Level: Information
Source: HotKeyServiceUWP
Event ID: 0
Time: 2026-01-25 21:18:43
Message: <The description for Event ID ( 0 ) in Source ( 'HotKeyServiceUWP' ) could not be found. It contains the following insertion string(s):'OnSessionChange - Type = 0x8'.>

Event #199
--------------------------------------------------------------------------------
Level: Error
Source: IPF
Event ID: 17
Time: 2026-01-25 20:41:08
Message: <The description for Event ID ( 17 ) in Source ( 'IPF' ) could not be found. It contains the following insertion string(s):'ESIF(1.0.11904.2707) TYPE: ERROR MODULE: IPF TIME 176079931 ms\n\nDPTF Build Version:  9.0.11906.54998\nDPTF Build Date:  Jan 10 2025 15:36:53\nSource File:  IntelligentThermalManagementPolicy.cpp @ line 1090\nExecuting Function:  calculateAndSetPowerLimits\nMessage:  Failed to set power limits: Power limit is higher than maximum capability.\nPolicy:  Intelligent Thermal Ma

Event #200
--------------------------------------------------------------------------------
Level: Information
Source: HotKeyServiceUWP
Event ID: 0
Time: 2026-01-25 20:40:51
Message: <The description for Event ID ( 0 ) in Source ( 'HotKeyServiceUWP' ) could not be found. It contains the following insertion string(s):'OnSessionChange - Type = 0x7'.>

