================================================================================
NETWORK EVENTS - DHCP
================================================================================
Generated: 2026-02-25 15:24:07
Total Events: 159

Summary:
  Errors: 0
  Warnings: 2
  Information: 157

================================================================================

Event #1
--------------------------------------------------------------------------------
Level: Information
Source: Microsoft-Windows-Dhcp-Client
Event ID: 50065
Time: /Date(1772013230502
Message: DHCP has found a match in the cache for Service Set Identifier(SSID) RSN2OfficeWLAN(Hexadecimal value of SSID: 2535E423F4666696365675C414E4) for the Network Card with the network address 0xD0577E0C60CF

Event #2
--------------------------------------------------------------------------------
Level: Information
Source: Microsoft-Windows-Dhcp-Client
Event ID: 50067
Time: /Date(1772013230502
Message: DHCP has received a Service Set Identifier(SSID) RSN2OfficeWLAN(Hexadecimal value of SSID: 2535E423F4666696365675C414E4) for the Network Card with the network address 0xD0577E0C60CF

Event #3
--------------------------------------------------------------------------------
Level: Information
Source: Microsoft-Windows-Dhcp-Client
Event ID: 50065
Time: /Date(1772012135279
Message: DHCP has found a match in the cache for Service Set Identifier(SSID) RSN2OfficeWLAN(Hexadecimal value of SSID: 2535E423F4666696365675C414E4) for the Network Card with the network address 0xD0577E0C60CF

Event #4
--------------------------------------------------------------------------------
Level: Information
Source: Microsoft-Windows-Dhcp-Client
Event ID: 50067
Time: /Date(1772012135279
Message: DHCP has received a Service Set Identifier(SSID) RSN2OfficeWLAN(Hexadecimal value of SSID: 2535E423F4666696365675C414E4) for the Network Card with the network address 0xD0577E0C60CF

Event #5
--------------------------------------------------------------------------------
Level: Information
Source: Microsoft-Windows-Dhcp-Client
Event ID: 50065
Time: /Date(1772012057339
Message: DHCP has found a match in the cache for Service Set Identifier(SSID) RSN2OfficeWLAN(Hexadecimal value of SSID: 2535E423F4666696365675C414E4) for the Network Card with the network address 0xD0577E0C60CF

Event #6
--------------------------------------------------------------------------------
Level: Information
Source: Microsoft-Windows-Dhcp-Client
Event ID: 50067
Time: /Date(1772012057339
Message: DHCP has received a Service Set Identifier(SSID) RSN2OfficeWLAN(Hexadecimal value of SSID: 2535E423F4666696365675C414E4) for the Network Card with the network address 0xD0577E0C60CF

Event #7
--------------------------------------------------------------------------------
Level: Information
Source: Microsoft-Windows-Dhcp-Client
Event ID: 50065
Time: /Date(1772010566544
Message: DHCP has found a match in the cache for Service Set Identifier(SSID) RSN2OfficeWLAN(Hexadecimal value of SSID: 2535E423F4666696365675C414E4) for the Network Card with the network address 0xD0577E0C60CF

Event #8
--------------------------------------------------------------------------------
Level: Information
Source: Microsoft-Windows-Dhcp-Client
Event ID: 50067
Time: /Date(1772010566544
Message: DHCP has received a Service Set Identifier(SSID) RSN2OfficeWLAN(Hexadecimal value of SSID: 2535E423F4666696365675C414E4) for the Network Card with the network address 0xD0577E0C60CF

Event #9
--------------------------------------------------------------------------------
Level: Information
Source: Microsoft-Windows-Dhcp-Client
Event ID: 50065
Time: /Date(1772010344397
Message: DHCP has found a match in the cache for Service Set Identifier(SSID) RSN2OfficeWLAN(Hexadecimal value of SSID: 2535E423F4666696365675C414E4) for the Network Card with the network address 0xD0577E0C60CF

Event #10
--------------------------------------------------------------------------------
Level: Information
Source: Microsoft-Windows-Dhcp-Client
Event ID: 50067
Time: /Date(1772010344397
Message: DHCP has received a Service Set Identifier(SSID) RSN2OfficeWLAN(Hexadecimal value of SSID: 2535E423F4666696365675C414E4) for the Network Card with the network address 0xD0577E0C60CF

Event #11
--------------------------------------------------------------------------------
Level: Information
Source: Microsoft-Windows-Dhcp-Client
Event ID: 50065
Time: /Date(1772008987674
Message: DHCP has found a match in the cache for Service Set Identifier(SSID) RSN2OfficeWLAN(Hexadecimal value of SSID: 2535E423F4666696365675C414E4) for the Network Card with the network address 0xD0577E0C60CF

Event #12
--------------------------------------------------------------------------------
Level: Information
Source: Microsoft-Windows-Dhcp-Client
Event ID: 50067
Time: /Date(1772008987674
Message: DHCP has received a Service Set Identifier(SSID) RSN2OfficeWLAN(Hexadecimal value of SSID: 2535E423F4666696365675C414E4) for the Network Card with the network address 0xD0577E0C60CF

Event #13
--------------------------------------------------------------------------------
Level: Information
Source: Microsoft-Windows-Dhcp-Client
Event ID: 50065
Time: /Date(1772008315504
Message: DHCP has found a match in the cache for Service Set Identifier(SSID) RSN2OfficeWLAN(Hexadecimal value of SSID: 2535E423F4666696365675C414E4) for the Network Card with the network address 0xD0577E0C60CF

Event #14
--------------------------------------------------------------------------------
Level: Information
Source: Microsoft-Windows-Dhcp-Client
Event ID: 50067
Time: /Date(1772008315504
Message: DHCP has received a Service Set Identifier(SSID) RSN2OfficeWLAN(Hexadecimal value of SSID: 2535E423F4666696365675C414E4) for the Network Card with the network address 0xD0577E0C60CF

Event #15
--------------------------------------------------------------------------------
Level: Information
Source: Microsoft-Windows-Dhcp-Client
Event ID: 50065
Time: /Date(1772008034294
Message: DHCP has found a match in the cache for Service Set Identifier(SSID) RSN2OfficeWLAN(Hexadecimal value of SSID: 2535E423F4666696365675C414E4) for the Network Card with the network address 0xD0577E0C60CF

Event #16
--------------------------------------------------------------------------------
Level: Information
Source: Microsoft-Windows-Dhcp-Client
Event ID: 50067
Time: /Date(1772008034294
Message: DHCP has received a Service Set Identifier(SSID) RSN2OfficeWLAN(Hexadecimal value of SSID: 2535E423F4666696365675C414E4) for the Network Card with the network address 0xD0577E0C60CF

Event #17
--------------------------------------------------------------------------------
Level: Information
Source: Microsoft-Windows-Dhcp-Client
Event ID: 50065
Time: /Date(1772007960535
Message: DHCP has found a match in the cache for Service Set Identifier(SSID) RSN2OfficeWLAN(Hexadecimal value of SSID: 2535E423F4666696365675C414E4) for the Network Card with the network address 0xD0577E0C60CF

Event #18
--------------------------------------------------------------------------------
Level: Information
Source: Microsoft-Windows-Dhcp-Client
Event ID: 50067
Time: /Date(1772007960535
Message: DHCP has received a Service Set Identifier(SSID) RSN2OfficeWLAN(Hexadecimal value of SSID: 2535E423F4666696365675C414E4) for the Network Card with the network address 0xD0577E0C60CF

Event #19
--------------------------------------------------------------------------------
Level: Information
Source: Microsoft-Windows-Dhcp-Client
Event ID: 50065
Time: /Date(1772007835823
Message: DHCP has found a match in the cache for Service Set Identifier(SSID) RSN2OfficeWLAN(Hexadecimal value of SSID: 2535E423F4666696365675C414E4) for the Network Card with the network address 0xD0577E0C60CF

Event #20
--------------------------------------------------------------------------------
Level: Information
Source: Microsoft-Windows-Dhcp-Client
Event ID: 50067
Time: /Date(1772007835823
Message: DHCP has received a Service Set Identifier(SSID) RSN2OfficeWLAN(Hexadecimal value of SSID: 2535E423F4666696365675C414E4) for the Network Card with the network address 0xD0577E0C60CF

Event #21
--------------------------------------------------------------------------------
Level: Information
Source: Microsoft-Windows-Dhcp-Client
Event ID: 50065
Time: /Date(1772007652935
Message: DHCP has found a match in the cache for Service Set Identifier(SSID) RSN2OfficeWLAN(Hexadecimal value of SSID: 2535E423F4666696365675C414E4) for the Network Card with the network address 0xD0577E0C60CF

Event #22
--------------------------------------------------------------------------------
Level: Information
Source: Microsoft-Windows-Dhcp-Client
Event ID: 50067
Time: /Date(1772007652935
Message: DHCP has received a Service Set Identifier(SSID) RSN2OfficeWLAN(Hexadecimal value of SSID: 2535E423F4666696365675C414E4) for the Network Card with the network address 0xD0577E0C60CF

Event #23
--------------------------------------------------------------------------------
Level: Information
Source: Microsoft-Windows-Dhcp-Client
Event ID: 50065
Time: /Date(1772007649222
Message: DHCP has found a match in the cache for Service Set Identifier(SSID) RSN2OfficeWLAN(Hexadecimal value of SSID: 2535E423F4666696365675C414E4) for the Network Card with the network address 0xD0577E0C60CF

Event #24
--------------------------------------------------------------------------------
Level: Information
Source: Microsoft-Windows-Dhcp-Client
Event ID: 50067
Time: /Date(1772007649222
Message: DHCP has received a Service Set Identifier(SSID) RSN2OfficeWLAN(Hexadecimal value of SSID: 2535E423F4666696365675C414E4) for the Network Card with the network address 0xD0577E0C60CF

Event #25
--------------------------------------------------------------------------------
Level: Information
Source: Microsoft-Windows-Dhcp-Client
Event ID: 50065
Time: /Date(1772007582008
Message: DHCP has found a match in the cache for Service Set Identifier(SSID) RSN2OfficeWLAN(Hexadecimal value of SSID: 2535E423F4666696365675C414E4) for the Network Card with the network address 0xD0577E0C60CF

Event #26
--------------------------------------------------------------------------------
Level: Information
Source: Microsoft-Windows-Dhcp-Client
Event ID: 50067
Time: /Date(1772007582008
Message: DHCP has received a Service Set Identifier(SSID) RSN2OfficeWLAN(Hexadecimal value of SSID: 2535E423F4666696365675C414E4) for the Network Card with the network address 0xD0577E0C60CF

Event #27
--------------------------------------------------------------------------------
Level: Information
Source: Microsoft-Windows-Dhcp-Client
Event ID: 50065
Time: /Date(1772007574983
Message: DHCP has found a match in the cache for Service Set Identifier(SSID) RSN2OfficeWLAN(Hexadecimal value of SSID: 2535E423F4666696365675C414E4) for the Network Card with the network address 0xD0577E0C60CF

Event #28
--------------------------------------------------------------------------------
Level: Information
Source: Microsoft-Windows-Dhcp-Client
Event ID: 50067
Time: /Date(1772007574983
Message: DHCP has received a Service Set Identifier(SSID) RSN2OfficeWLAN(Hexadecimal value of SSID: 2535E423F4666696365675C414E4) for the Network Card with the network address 0xD0577E0C60CF

Event #29
--------------------------------------------------------------------------------
Level: Information
Source: Microsoft-Windows-Dhcp-Client
Event ID: 50065
Time: /Date(1772006245369
Message: DHCP has found a match in the cache for Service Set Identifier(SSID) RSN2OfficeWLAN(Hexadecimal value of SSID: 2535E423F4666696365675C414E4) for the Network Card with the network address 0xD0577E0C60CF

Event #30
--------------------------------------------------------------------------------
Level: Information
Source: Microsoft-Windows-Dhcp-Client
Event ID: 50067
Time: /Date(1772006245369
Message: DHCP has received a Service Set Identifier(SSID) RSN2OfficeWLAN(Hexadecimal value of SSID: 2535E423F4666696365675C414E4) for the Network Card with the network address 0xD0577E0C60CF

Event #31
--------------------------------------------------------------------------------
Level: Information
Source: Microsoft-Windows-Dhcp-Client
Event ID: 50065
Time: /Date(1772006241795
Message: DHCP has found a match in the cache for Service Set Identifier(SSID) RSN2OfficeWLAN(Hexadecimal value of SSID: 2535E423F4666696365675C414E4) for the Network Card with the network address 0xD0577E0C60CF

Event #32
--------------------------------------------------------------------------------
Level: Information
Source: Microsoft-Windows-Dhcp-Client
Event ID: 50067
Time: /Date(1772006241795
Message: DHCP has received a Service Set Identifier(SSID) RSN2OfficeWLAN(Hexadecimal value of SSID: 2535E423F4666696365675C414E4) for the Network Card with the network address 0xD0577E0C60CF

Event #33
--------------------------------------------------------------------------------
Level: Information
Source: Microsoft-Windows-Dhcp-Client
Event ID: 50065
Time: /Date(1772005963117
Message: DHCP has found a match in the cache for Service Set Identifier(SSID) RSN2OfficeWLAN(Hexadecimal value of SSID: 2535E423F4666696365675C414E4) for the Network Card with the network address 0xD0577E0C60CF

Event #34
--------------------------------------------------------------------------------
Level: Information
Source: Microsoft-Windows-Dhcp-Client
Event ID: 50067
Time: /Date(1772005963117
Message: DHCP has received a Service Set Identifier(SSID) RSN2OfficeWLAN(Hexadecimal value of SSID: 2535E423F4666696365675C414E4) for the Network Card with the network address 0xD0577E0C60CF

Event #35
--------------------------------------------------------------------------------
Level: Information
Source: Microsoft-Windows-Dhcp-Client
Event ID: 50065
Time: /Date(1772005959933
Message: DHCP has found a match in the cache for Service Set Identifier(SSID) RSN2OfficeWLAN(Hexadecimal value of SSID: 2535E423F4666696365675C414E4) for the Network Card with the network address 0xD0577E0C60CF

Event #36
--------------------------------------------------------------------------------
Level: Information
Source: Microsoft-Windows-Dhcp-Client
Event ID: 50067
Time: /Date(1772005959933
Message: DHCP has received a Service Set Identifier(SSID) RSN2OfficeWLAN(Hexadecimal value of SSID: 2535E423F4666696365675C414E4) for the Network Card with the network address 0xD0577E0C60CF

Event #37
--------------------------------------------------------------------------------
Level: Information
Source: Microsoft-Windows-Dhcp-Client
Event ID: 50065
Time: /Date(1772005956578
Message: DHCP has found a match in the cache for Service Set Identifier(SSID) RSN2OfficeWLAN(Hexadecimal value of SSID: 2535E423F4666696365675C414E4) for the Network Card with the network address 0xD0577E0C60CF

Event #38
--------------------------------------------------------------------------------
Level: Information
Source: Microsoft-Windows-Dhcp-Client
Event ID: 50067
Time: /Date(1772005956578
Message: DHCP has received a Service Set Identifier(SSID) RSN2OfficeWLAN(Hexadecimal value of SSID: 2535E423F4666696365675C414E4) for the Network Card with the network address 0xD0577E0C60CF

Event #39
--------------------------------------------------------------------------------
Level: Information
Source: Microsoft-Windows-Dhcp-Client
Event ID: 50065
Time: /Date(1772005951468
Message: DHCP has found a match in the cache for Service Set Identifier(SSID) RSN2OfficeWLAN(Hexadecimal value of SSID: 2535E423F4666696365675C414E4) for the Network Card with the network address 0xD0577E0C60CF

Event #40
--------------------------------------------------------------------------------
Level: Information
Source: Microsoft-Windows-Dhcp-Client
Event ID: 50067
Time: /Date(1772005951468
Message: DHCP has received a Service Set Identifier(SSID) RSN2OfficeWLAN(Hexadecimal value of SSID: 2535E423F4666696365675C414E4) for the Network Card with the network address 0xD0577E0C60CF

Event #41
--------------------------------------------------------------------------------
Level: Information
Source: Microsoft-Windows-Dhcp-Client
Event ID: 50065
Time: /Date(1772005302544
Message: DHCP has found a match in the cache for Service Set Identifier(SSID) RSN2OfficeWLAN(Hexadecimal value of SSID: 2535E423F4666696365675C414E4) for the Network Card with the network address 0xD0577E0C60CF

Event #42
--------------------------------------------------------------------------------
Level: Information
Source: Microsoft-Windows-Dhcp-Client
Event ID: 50067
Time: /Date(1772005302544
Message: DHCP has received a Service Set Identifier(SSID) RSN2OfficeWLAN(Hexadecimal value of SSID: 2535E423F4666696365675C414E4) for the Network Card with the network address 0xD0577E0C60CF

Event #43
--------------------------------------------------------------------------------
Level: Information
Source: Microsoft-Windows-Dhcp-Client
Event ID: 50065
Time: /Date(1772005294365
Message: DHCP has found a match in the cache for Service Set Identifier(SSID) RSN2OfficeWLAN(Hexadecimal value of SSID: 2535E423F4666696365675C414E4) for the Network Card with the network address 0xD0577E0C60CF

Event #44
--------------------------------------------------------------------------------
Level: Information
Source: Microsoft-Windows-Dhcp-Client
Event ID: 50067
Time: /Date(1772005294365
Message: DHCP has received a Service Set Identifier(SSID) RSN2OfficeWLAN(Hexadecimal value of SSID: 2535E423F4666696365675C414E4) for the Network Card with the network address 0xD0577E0C60CF

Event #45
--------------------------------------------------------------------------------
Level: Information
Source: Microsoft-Windows-Dhcp-Client
Event ID: 50065
Time: /Date(1772005234833
Message: DHCP has found a match in the cache for Service Set Identifier(SSID) RSN2OfficeWLAN(Hexadecimal value of SSID: 2535E423F4666696365675C414E4) for the Network Card with the network address 0xD0577E0C60CF

Event #46
--------------------------------------------------------------------------------
Level: Information
Source: Microsoft-Windows-Dhcp-Client
Event ID: 50067
Time: /Date(1772005234833
Message: DHCP has received a Service Set Identifier(SSID) RSN2OfficeWLAN(Hexadecimal value of SSID: 2535E423F4666696365675C414E4) for the Network Card with the network address 0xD0577E0C60CF

Event #47
--------------------------------------------------------------------------------
Level: Information
Source: Microsoft-Windows-Dhcp-Client
Event ID: 50065
Time: /Date(1772005229547
Message: DHCP has found a match in the cache for Service Set Identifier(SSID) RSN2OfficeWLAN(Hexadecimal value of SSID: 2535E423F4666696365675C414E4) for the Network Card with the network address 0xD0577E0C60CF

Event #48
--------------------------------------------------------------------------------
Level: Information
Source: Microsoft-Windows-Dhcp-Client
Event ID: 50067
Time: /Date(1772005229547
Message: DHCP has received a Service Set Identifier(SSID) RSN2OfficeWLAN(Hexadecimal value of SSID: 2535E423F4666696365675C414E4) for the Network Card with the network address 0xD0577E0C60CF

Event #49
--------------------------------------------------------------------------------
Level: Information
Source: Microsoft-Windows-Dhcp-Client
Event ID: 50065
Time: /Date(1772004284744
Message: DHCP has found a match in the cache for Service Set Identifier(SSID) RSN2OfficeWLAN(Hexadecimal value of SSID: 2535E423F4666696365675C414E4) for the Network Card with the network address 0xD0577E0C60CF

Event #50
--------------------------------------------------------------------------------
Level: Information
Source: Microsoft-Windows-Dhcp-Client
Event ID: 50067
Time: /Date(1772004284744
Message: DHCP has received a Service Set Identifier(SSID) RSN2OfficeWLAN(Hexadecimal value of SSID: 2535E423F4666696365675C414E4) for the Network Card with the network address 0xD0577E0C60CF

Event #51
--------------------------------------------------------------------------------
Level: Information
Source: Microsoft-Windows-Dhcp-Client
Event ID: 50065
Time: /Date(1772004281178
Message: DHCP has found a match in the cache for Service Set Identifier(SSID) RSN2OfficeWLAN(Hexadecimal value of SSID: 2535E423F4666696365675C414E4) for the Network Card with the network address 0xD0577E0C60CF

Event #52
--------------------------------------------------------------------------------
Level: Information
Source: Microsoft-Windows-Dhcp-Client
Event ID: 50067
Time: /Date(1772004281178
Message: DHCP has received a Service Set Identifier(SSID) RSN2OfficeWLAN(Hexadecimal value of SSID: 2535E423F4666696365675C414E4) for the Network Card with the network address 0xD0577E0C60CF

Event #53
--------------------------------------------------------------------------------
Level: Information
Source: Microsoft-Windows-Dhcp-Client
Event ID: 50065
Time: /Date(1772004231250
Message: DHCP has found a match in the cache for Service Set Identifier(SSID) RSN2OfficeWLAN(Hexadecimal value of SSID: 2535E423F4666696365675C414E4) for the Network Card with the network address 0xD0577E0C60CF

Event #54
--------------------------------------------------------------------------------
Level: Information
Source: Microsoft-Windows-Dhcp-Client
Event ID: 50067
Time: /Date(1772004231250
Message: DHCP has received a Service Set Identifier(SSID) RSN2OfficeWLAN(Hexadecimal value of SSID: 2535E423F4666696365675C414E4) for the Network Card with the network address 0xD0577E0C60CF

Event #55
--------------------------------------------------------------------------------
Level: Information
Source: Microsoft-Windows-Dhcp-Client
Event ID: 50065
Time: /Date(1772004224928
Message: DHCP has found a match in the cache for Service Set Identifier(SSID) RSN2OfficeWLAN(Hexadecimal value of SSID: 2535E423F4666696365675C414E4) for the Network Card with the network address 0xD0577E0C60CF

Event #56
--------------------------------------------------------------------------------
Level: Information
Source: Microsoft-Windows-Dhcp-Client
Event ID: 50067
Time: /Date(1772004224928
Message: DHCP has received a Service Set Identifier(SSID) RSN2OfficeWLAN(Hexadecimal value of SSID: 2535E423F4666696365675C414E4) for the Network Card with the network address 0xD0577E0C60CF

Event #57
--------------------------------------------------------------------------------
Level: Information
Source: Microsoft-Windows-Dhcp-Client
Event ID: 50065
Time: /Date(1772004219220
Message: DHCP has found a match in the cache for Service Set Identifier(SSID) RSN2OfficeWLAN(Hexadecimal value of SSID: 2535E423F4666696365675C414E4) for the Network Card with the network address 0xD0577E0C60CF

Event #58
--------------------------------------------------------------------------------
Level: Information
Source: Microsoft-Windows-Dhcp-Client
Event ID: 50067
Time: /Date(1772004219220
Message: DHCP has received a Service Set Identifier(SSID) RSN2OfficeWLAN(Hexadecimal value of SSID: 2535E423F4666696365675C414E4) for the Network Card with the network address 0xD0577E0C60CF

Event #59
--------------------------------------------------------------------------------
Level: Information
Source: Microsoft-Windows-Dhcp-Client
Event ID: 50065
Time: /Date(1772000125753
Message: DHCP has found a match in the cache for Service Set Identifier(SSID) RSN2OfficeWLAN(Hexadecimal value of SSID: 2535E423F4666696365675C414E4) for the Network Card with the network address 0xD0577E0C60CF

Event #60
--------------------------------------------------------------------------------
Level: Information
Source: Microsoft-Windows-Dhcp-Client
Event ID: 50067
Time: /Date(1772000125753
Message: DHCP has received a Service Set Identifier(SSID) RSN2OfficeWLAN(Hexadecimal value of SSID: 2535E423F4666696365675C414E4) for the Network Card with the network address 0xD0577E0C60CF

Event #61
--------------------------------------------------------------------------------
Level: Information
Source: Microsoft-Windows-Dhcp-Client
Event ID: 50065
Time: /Date(1772000120332
Message: DHCP has found a match in the cache for Service Set Identifier(SSID) RSN2OfficeWLAN(Hexadecimal value of SSID: 2535E423F4666696365675C414E4) for the Network Card with the network address 0xD0577E0C60CF

Event #62
--------------------------------------------------------------------------------
Level: Information
Source: Microsoft-Windows-Dhcp-Client
Event ID: 50067
Time: /Date(1772000120332
Message: DHCP has received a Service Set Identifier(SSID) RSN2OfficeWLAN(Hexadecimal value of SSID: 2535E423F4666696365675C414E4) for the Network Card with the network address 0xD0577E0C60CF

Event #63
--------------------------------------------------------------------------------
Level: Information
Source: Microsoft-Windows-Dhcp-Client
Event ID: 50065
Time: /Date(1772000054621
Message: DHCP has found a match in the cache for Service Set Identifier(SSID) RSN2OfficeWLAN(Hexadecimal value of SSID: 2535E423F4666696365675C414E4) for the Network Card with the network address 0xD0577E0C60CF

Event #64
--------------------------------------------------------------------------------
Level: Information
Source: Microsoft-Windows-Dhcp-Client
Event ID: 50067
Time: /Date(1772000054621
Message: DHCP has received a Service Set Identifier(SSID) RSN2OfficeWLAN(Hexadecimal value of SSID: 2535E423F4666696365675C414E4) for the Network Card with the network address 0xD0577E0C60CF

Event #65
--------------------------------------------------------------------------------
Level: Information
Source: Microsoft-Windows-Dhcp-Client
Event ID: 50065
Time: /Date(1772000048271
Message: DHCP has found a match in the cache for Service Set Identifier(SSID) RSN2OfficeWLAN(Hexadecimal value of SSID: 2535E423F4666696365675C414E4) for the Network Card with the network address 0xD0577E0C60CF

Event #66
--------------------------------------------------------------------------------
Level: Information
Source: Microsoft-Windows-Dhcp-Client
Event ID: 50067
Time: /Date(1772000048271
Message: DHCP has received a Service Set Identifier(SSID) RSN2OfficeWLAN(Hexadecimal value of SSID: 2535E423F4666696365675C414E4) for the Network Card with the network address 0xD0577E0C60CF

Event #67
--------------------------------------------------------------------------------
Level: Information
Source: Microsoft-Windows-Dhcp-Client
Event ID: 50065
Time: /Date(1772000042564
Message: DHCP has found a match in the cache for Service Set Identifier(SSID) RSN2OfficeWLAN(Hexadecimal value of SSID: 2535E423F4666696365675C414E4) for the Network Card with the network address 0xD0577E0C60CF

Event #68
--------------------------------------------------------------------------------
Level: Information
Source: Microsoft-Windows-Dhcp-Client
Event ID: 50067
Time: /Date(1772000042564
Message: DHCP has received a Service Set Identifier(SSID) RSN2OfficeWLAN(Hexadecimal value of SSID: 2535E423F4666696365675C414E4) for the Network Card with the network address 0xD0577E0C60CF

Event #69
--------------------------------------------------------------------------------
Level: Information
Source: Microsoft-Windows-Dhcp-Client
Event ID: 50065
Time: /Date(1771999535023
Message: DHCP has found a match in the cache for Service Set Identifier(SSID) RSN2OfficeWLAN(Hexadecimal value of SSID: 2535E423F4666696365675C414E4) for the Network Card with the network address 0xD0577E0C60CF

Event #70
--------------------------------------------------------------------------------
Level: Information
Source: Microsoft-Windows-Dhcp-Client
Event ID: 50067
Time: /Date(1771999535023
Message: DHCP has received a Service Set Identifier(SSID) RSN2OfficeWLAN(Hexadecimal value of SSID: 2535E423F4666696365675C414E4) for the Network Card with the network address 0xD0577E0C60CF

Event #71
--------------------------------------------------------------------------------
Level: Information
Source: Microsoft-Windows-Dhcp-Client
Event ID: 50065
Time: /Date(1771999528488
Message: DHCP has found a match in the cache for Service Set Identifier(SSID) RSN2OfficeWLAN(Hexadecimal value of SSID: 2535E423F4666696365675C414E4) for the Network Card with the network address 0xD0577E0C60CF

Event #72
--------------------------------------------------------------------------------
Level: Information
Source: Microsoft-Windows-Dhcp-Client
Event ID: 50067
Time: /Date(1771999528488
Message: DHCP has received a Service Set Identifier(SSID) RSN2OfficeWLAN(Hexadecimal value of SSID: 2535E423F4666696365675C414E4) for the Network Card with the network address 0xD0577E0C60CF

Event #73
--------------------------------------------------------------------------------
Level: Information
Source: Microsoft-Windows-Dhcp-Client
Event ID: 50065
Time: /Date(1771998249570
Message: DHCP has found a match in the cache for Service Set Identifier(SSID) RSN2OfficeWLAN(Hexadecimal value of SSID: 2535E423F4666696365675C414E4) for the Network Card with the network address 0xD0577E0C60CF

Event #74
--------------------------------------------------------------------------------
Level: Information
Source: Microsoft-Windows-Dhcp-Client
Event ID: 50067
Time: /Date(1771998249570
Message: DHCP has received a Service Set Identifier(SSID) RSN2OfficeWLAN(Hexadecimal value of SSID: 2535E423F4666696365675C414E4) for the Network Card with the network address 0xD0577E0C60CF

Event #75
--------------------------------------------------------------------------------
Level: Information
Source: Microsoft-Windows-Dhcp-Client
Event ID: 50065
Time: /Date(1771998143585
Message: DHCP has found a match in the cache for Service Set Identifier(SSID) RSN2OfficeWLAN(Hexadecimal value of SSID: 2535E423F4666696365675C414E4) for the Network Card with the network address 0xD0577E0C60CF

Event #76
--------------------------------------------------------------------------------
Level: Information
Source: Microsoft-Windows-Dhcp-Client
Event ID: 50067
Time: /Date(1771998143585
Message: DHCP has received a Service Set Identifier(SSID) RSN2OfficeWLAN(Hexadecimal value of SSID: 2535E423F4666696365675C414E4) for the Network Card with the network address 0xD0577E0C60CF

Event #77
--------------------------------------------------------------------------------
Level: Information
Source: Microsoft-Windows-Dhcp-Client
Event ID: 50065
Time: /Date(1771998077909
Message: DHCP has found a match in the cache for Service Set Identifier(SSID) RSN2OfficeWLAN(Hexadecimal value of SSID: 2535E423F4666696365675C414E4) for the Network Card with the network address 0xD0577E0C60CF

Event #78
--------------------------------------------------------------------------------
Level: Information
Source: Microsoft-Windows-Dhcp-Client
Event ID: 50067
Time: /Date(1771998077909
Message: DHCP has received a Service Set Identifier(SSID) RSN2OfficeWLAN(Hexadecimal value of SSID: 2535E423F4666696365675C414E4) for the Network Card with the network address 0xD0577E0C60CF

Event #79
--------------------------------------------------------------------------------
Level: Information
Source: Microsoft-Windows-Dhcp-Client
Event ID: 50065
Time: /Date(1771997893632
Message: DHCP has found a match in the cache for Service Set Identifier(SSID) RSN2OfficeWLAN(Hexadecimal value of SSID: 2535E423F4666696365675C414E4) for the Network Card with the network address 0xD0577E0C60CF

Event #80
--------------------------------------------------------------------------------
Level: Information
Source: Microsoft-Windows-Dhcp-Client
Event ID: 50067
Time: /Date(1771997893632
Message: DHCP has received a Service Set Identifier(SSID) RSN2OfficeWLAN(Hexadecimal value of SSID: 2535E423F4666696365675C414E4) for the Network Card with the network address 0xD0577E0C60CF

Event #81
--------------------------------------------------------------------------------
Level: Information
Source: Microsoft-Windows-Dhcp-Client
Event ID: 50065
Time: /Date(1771997358372
Message: DHCP has found a match in the cache for Service Set Identifier(SSID) RSN2OfficeWLAN(Hexadecimal value of SSID: 2535E423F4666696365675C414E4) for the Network Card with the network address 0xD0577E0C60CF

Event #82
--------------------------------------------------------------------------------
Level: Information
Source: Microsoft-Windows-Dhcp-Client
Event ID: 50067
Time: /Date(1771997358372
Message: DHCP has received a Service Set Identifier(SSID) RSN2OfficeWLAN(Hexadecimal value of SSID: 2535E423F4666696365675C414E4) for the Network Card with the network address 0xD0577E0C60CF

Event #83
--------------------------------------------------------------------------------
Level: Information
Source: Microsoft-Windows-Dhcp-Client
Event ID: 50065
Time: /Date(1771997322164
Message: DHCP has found a match in the cache for Service Set Identifier(SSID) RSN2OfficeWLAN(Hexadecimal value of SSID: 2535E423F4666696365675C414E4) for the Network Card with the network address 0xD0577E0C60CF

Event #84
--------------------------------------------------------------------------------
Level: Information
Source: Microsoft-Windows-Dhcp-Client
Event ID: 50067
Time: /Date(1771997322164
Message: DHCP has received a Service Set Identifier(SSID) RSN2OfficeWLAN(Hexadecimal value of SSID: 2535E423F4666696365675C414E4) for the Network Card with the network address 0xD0577E0C60CF

Event #85
--------------------------------------------------------------------------------
Level: Warning
Source: Microsoft-Windows-Dhcp-Client
Event ID: 1003
Time: /Date(1771997306200
Message: Your computer was not able to renew its address from the network (from the DHCP Server) for the Network Card with network address 0xD0577E0C60CF.  The following error occurred: 0x490. Your computer will continue to try and obtain an address on its own from the network address (DHCP) server.

Event #86
--------------------------------------------------------------------------------
Level: Information
Source: Microsoft-Windows-Dhcp-Client
Event ID: 50065
Time: /Date(1771997306191
Message: DHCP has found a match in the cache for Service Set Identifier(SSID) RSN2OfficeWLAN(Hexadecimal value of SSID: 2535E423F4666696365675C414E4) for the Network Card with the network address 0xD0577E0C60CF

Event #87
--------------------------------------------------------------------------------
Level: Information
Source: Microsoft-Windows-Dhcp-Client
Event ID: 50067
Time: /Date(1771997306191
Message: DHCP has received a Service Set Identifier(SSID) RSN2OfficeWLAN(Hexadecimal value of SSID: 2535E423F4666696365675C414E4) for the Network Card with the network address 0xD0577E0C60CF

Event #88
--------------------------------------------------------------------------------
Level: Information
Source: Microsoft-Windows-Dhcp-Client
Event ID: 50065
Time: /Date(1771995954991
Message: DHCP has found a match in the cache for Service Set Identifier(SSID) RSN2OfficeWLAN(Hexadecimal value of SSID: 2535E423F4666696365675C414E4) for the Network Card with the network address 0xD0577E0C60CF

Event #89
--------------------------------------------------------------------------------
Level: Information
Source: Microsoft-Windows-Dhcp-Client
Event ID: 50067
Time: /Date(1771995954991
Message: DHCP has received a Service Set Identifier(SSID) RSN2OfficeWLAN(Hexadecimal value of SSID: 2535E423F4666696365675C414E4) for the Network Card with the network address 0xD0577E0C60CF

Event #90
--------------------------------------------------------------------------------
Level: Information
Source: Microsoft-Windows-Dhcp-Client
Event ID: 50065
Time: /Date(1771995949904
Message: DHCP has found a match in the cache for Service Set Identifier(SSID) RSN2OfficeWLAN(Hexadecimal value of SSID: 2535E423F4666696365675C414E4) for the Network Card with the network address 0xD0577E0C60CF

Event #91
--------------------------------------------------------------------------------
Level: Information
Source: Microsoft-Windows-Dhcp-Client
Event ID: 50067
Time: /Date(1771995949904
Message: DHCP has received a Service Set Identifier(SSID) RSN2OfficeWLAN(Hexadecimal value of SSID: 2535E423F4666696365675C414E4) for the Network Card with the network address 0xD0577E0C60CF

Event #92
--------------------------------------------------------------------------------
Level: Information
Source: Microsoft-Windows-Dhcp-Client
Event ID: 50065
Time: /Date(1771995849149
Message: DHCP has found a match in the cache for Service Set Identifier(SSID) RSN2OfficeWLAN(Hexadecimal value of SSID: 2535E423F4666696365675C414E4) for the Network Card with the network address 0xD0577E0C60CF

Event #93
--------------------------------------------------------------------------------
Level: Information
Source: Microsoft-Windows-Dhcp-Client
Event ID: 50067
Time: /Date(1771995849149
Message: DHCP has received a Service Set Identifier(SSID) RSN2OfficeWLAN(Hexadecimal value of SSID: 2535E423F4666696365675C414E4) for the Network Card with the network address 0xD0577E0C60CF

Event #94
--------------------------------------------------------------------------------
Level: Information
Source: Microsoft-Windows-Dhcp-Client
Event ID: 50065
Time: /Date(1771995655857
Message: DHCP has found a match in the cache for Service Set Identifier(SSID) RSN2OfficeWLAN(Hexadecimal value of SSID: 2535E423F4666696365675C414E4) for the Network Card with the network address 0xD0577E0C60CF

Event #95
--------------------------------------------------------------------------------
Level: Information
Source: Microsoft-Windows-Dhcp-Client
Event ID: 50067
Time: /Date(1771995655857
Message: DHCP has received a Service Set Identifier(SSID) RSN2OfficeWLAN(Hexadecimal value of SSID: 2535E423F4666696365675C414E4) for the Network Card with the network address 0xD0577E0C60CF

Event #96
--------------------------------------------------------------------------------
Level: Information
Source: Microsoft-Windows-Dhcp-Client
Event ID: 50065
Time: /Date(1771995631805
Message: DHCP has found a match in the cache for Service Set Identifier(SSID) RSN2OfficeWLAN(Hexadecimal value of SSID: 2535E423F4666696365675C414E4) for the Network Card with the network address 0xD0577E0C60CF

Event #97
--------------------------------------------------------------------------------
Level: Information
Source: Microsoft-Windows-Dhcp-Client
Event ID: 50067
Time: /Date(1771995631805
Message: DHCP has received a Service Set Identifier(SSID) RSN2OfficeWLAN(Hexadecimal value of SSID: 2535E423F4666696365675C414E4) for the Network Card with the network address 0xD0577E0C60CF

Event #98
--------------------------------------------------------------------------------
Level: Information
Source: Microsoft-Windows-Dhcp-Client
Event ID: 50065
Time: /Date(1771994242347
Message: DHCP has found a match in the cache for Service Set Identifier(SSID) RSN2OfficeWLAN(Hexadecimal value of SSID: 2535E423F4666696365675C414E4) for the Network Card with the network address 0xD0577E0C60CF

Event #99
--------------------------------------------------------------------------------
Level: Information
Source: Microsoft-Windows-Dhcp-Client
Event ID: 50067
Time: /Date(1771994242347
Message: DHCP has received a Service Set Identifier(SSID) RSN2OfficeWLAN(Hexadecimal value of SSID: 2535E423F4666696365675C414E4) for the Network Card with the network address 0xD0577E0C60CF

Event #100
--------------------------------------------------------------------------------
Level: Information
Source: Microsoft-Windows-Dhcp-Client
Event ID: 50065
Time: /Date(1771994196587
Message: DHCP has found a match in the cache for Service Set Identifier(SSID) RSN2OfficeWLAN(Hexadecimal value of SSID: 2535E423F4666696365675C414E4) for the Network Card with the network address 0xD0577E0C60CF

Event #101
--------------------------------------------------------------------------------
Level: Information
Source: Microsoft-Windows-Dhcp-Client
Event ID: 50067
Time: /Date(1771994196587
Message: DHCP has received a Service Set Identifier(SSID) RSN2OfficeWLAN(Hexadecimal value of SSID: 2535E423F4666696365675C414E4) for the Network Card with the network address 0xD0577E0C60CF

Event #102
--------------------------------------------------------------------------------
Level: Information
Source: Microsoft-Windows-Dhcp-Client
Event ID: 50065
Time: /Date(1771994139407
Message: DHCP has found a match in the cache for Service Set Identifier(SSID) RSN2OfficeWLAN(Hexadecimal value of SSID: 2535E423F4666696365675C414E4) for the Network Card with the network address 0xD0577E0C60CF

Event #103
--------------------------------------------------------------------------------
Level: Information
Source: Microsoft-Windows-Dhcp-Client
Event ID: 50067
Time: /Date(1771994139407
Message: DHCP has received a Service Set Identifier(SSID) RSN2OfficeWLAN(Hexadecimal value of SSID: 2535E423F4666696365675C414E4) for the Network Card with the network address 0xD0577E0C60CF

Event #104
--------------------------------------------------------------------------------
Level: Information
Source: Microsoft-Windows-Dhcp-Client
Event ID: 50065
Time: /Date(1771993954731
Message: DHCP has found a match in the cache for Service Set Identifier(SSID) RSN2OfficeWLAN(Hexadecimal value of SSID: 2535E423F4666696365675C414E4) for the Network Card with the network address 0xD0577E0C60CF

Event #105
--------------------------------------------------------------------------------
Level: Information
Source: Microsoft-Windows-Dhcp-Client
Event ID: 50067
Time: /Date(1771993954731
Message: DHCP has received a Service Set Identifier(SSID) RSN2OfficeWLAN(Hexadecimal value of SSID: 2535E423F4666696365675C414E4) for the Network Card with the network address 0xD0577E0C60CF

Event #106
--------------------------------------------------------------------------------
Level: Information
Source: Microsoft-Windows-Dhcp-Client
Event ID: 50065
Time: /Date(1771993729205
Message: DHCP has found a match in the cache for Service Set Identifier(SSID) RSN2OfficeWLAN(Hexadecimal value of SSID: 2535E423F4666696365675C414E4) for the Network Card with the network address 0xD0577E0C60CF

Event #107
--------------------------------------------------------------------------------
Level: Information
Source: Microsoft-Windows-Dhcp-Client
Event ID: 50067
Time: /Date(1771993729205
Message: DHCP has received a Service Set Identifier(SSID) RSN2OfficeWLAN(Hexadecimal value of SSID: 2535E423F4666696365675C414E4) for the Network Card with the network address 0xD0577E0C60CF

Event #108
--------------------------------------------------------------------------------
Level: Information
Source: Microsoft-Windows-Dhcp-Client
Event ID: 50065
Time: /Date(1771993709185
Message: DHCP has found a match in the cache for Service Set Identifier(SSID) RSN2OfficeWLAN(Hexadecimal value of SSID: 2535E423F4666696365675C414E4) for the Network Card with the network address 0xD0577E0C60CF

Event #109
--------------------------------------------------------------------------------
Level: Information
Source: Microsoft-Windows-Dhcp-Client
Event ID: 50067
Time: /Date(1771993709185
Message: DHCP has received a Service Set Identifier(SSID) RSN2OfficeWLAN(Hexadecimal value of SSID: 2535E423F4666696365675C414E4) for the Network Card with the network address 0xD0577E0C60CF

Event #110
--------------------------------------------------------------------------------
Level: Information
Source: Microsoft-Windows-Dhcp-Client
Event ID: 50066
Time: /Date(1771993709146
Message: DHCP has plumbed an address using Service Set Identifier(SSID) RSN2OfficeWLAN(Hexadecimal value of SSID: 2535E423F4666696365675C414E4) for the Network Card with the network address 0xD0577E0C60CF

Event #111
--------------------------------------------------------------------------------
Level: Information
Source: Microsoft-Windows-Dhcp-Client
Event ID: 50065
Time: /Date(1771993700859
Message: DHCP has found a match in the cache for Service Set Identifier(SSID) RSN2OfficeWLAN(Hexadecimal value of SSID: 2535E423F4666696365675C414E4) for the Network Card with the network address 0xD0577E0C60CF

Event #112
--------------------------------------------------------------------------------
Level: Information
Source: Microsoft-Windows-Dhcp-Client
Event ID: 50067
Time: /Date(1771993700859
Message: DHCP has received a Service Set Identifier(SSID) RSN2OfficeWLAN(Hexadecimal value of SSID: 2535E423F4666696365675C414E4) for the Network Card with the network address 0xD0577E0C60CF

Event #113
--------------------------------------------------------------------------------
Level: Information
Source: Microsoft-Windows-Dhcp-Client
Event ID: 50065
Time: /Date(1771958399726
Message: DHCP has found a match in the cache for Service Set Identifier(SSID) Sunil 5G(Hexadecimal value of SSID: 3557E696C6025374) for the Network Card with the network address 0xD0577E0C60CF

Event #114
--------------------------------------------------------------------------------
Level: Information
Source: Microsoft-Windows-Dhcp-Client
Event ID: 50067
Time: /Date(1771958399726
Message: DHCP has received a Service Set Identifier(SSID) Sunil 5G(Hexadecimal value of SSID: 3557E696C6025374) for the Network Card with the network address 0xD0577E0C60CF

Event #115
--------------------------------------------------------------------------------
Level: Information
Source: Microsoft-Windows-Dhcp-Client
Event ID: 50065
Time: /Date(1771953961823
Message: DHCP has found a match in the cache for Service Set Identifier(SSID) Sunil 5G(Hexadecimal value of SSID: 3557E696C6025374) for the Network Card with the network address 0xD0577E0C60CF

Event #116
--------------------------------------------------------------------------------
Level: Information
Source: Microsoft-Windows-Dhcp-Client
Event ID: 50067
Time: /Date(1771953961823
Message: DHCP has received a Service Set Identifier(SSID) Sunil 5G(Hexadecimal value of SSID: 3557E696C6025374) for the Network Card with the network address 0xD0577E0C60CF

Event #117
--------------------------------------------------------------------------------
Level: Information
Source: Microsoft-Windows-Dhcp-Client
Event ID: 50065
Time: /Date(1771953945192
Message: DHCP has found a match in the cache for Service Set Identifier(SSID) Sunil 5G(Hexadecimal value of SSID: 3557E696C6025374) for the Network Card with the network address 0xD0577E0C60CF

Event #118
--------------------------------------------------------------------------------
Level: Information
Source: Microsoft-Windows-Dhcp-Client
Event ID: 50067
Time: /Date(1771953945192
Message: DHCP has received a Service Set Identifier(SSID) Sunil 5G(Hexadecimal value of SSID: 3557E696C6025374) for the Network Card with the network address 0xD0577E0C60CF

Event #119
--------------------------------------------------------------------------------
Level: Information
Source: Microsoft-Windows-Dhcp-Client
Event ID: 50065
Time: /Date(1771952531461
Message: DHCP has found a match in the cache for Service Set Identifier(SSID) Sunil 5G(Hexadecimal value of SSID: 3557E696C6025374) for the Network Card with the network address 0xD0577E0C60CF

Event #120
--------------------------------------------------------------------------------
Level: Information
Source: Microsoft-Windows-Dhcp-Client
Event ID: 50067
Time: /Date(1771952531461
Message: DHCP has received a Service Set Identifier(SSID) Sunil 5G(Hexadecimal value of SSID: 3557E696C6025374) for the Network Card with the network address 0xD0577E0C60CF

Event #121
--------------------------------------------------------------------------------
Level: Information
Source: Microsoft-Windows-Dhcp-Client
Event ID: 50065
Time: /Date(1771949333825
Message: DHCP has found a match in the cache for Service Set Identifier(SSID) Sunil 5G(Hexadecimal value of SSID: 3557E696C6025374) for the Network Card with the network address 0xD0577E0C60CF

Event #122
--------------------------------------------------------------------------------
Level: Information
Source: Microsoft-Windows-Dhcp-Client
Event ID: 50067
Time: /Date(1771949333825
Message: DHCP has received a Service Set Identifier(SSID) Sunil 5G(Hexadecimal value of SSID: 3557E696C6025374) for the Network Card with the network address 0xD0577E0C60CF

Event #123
--------------------------------------------------------------------------------
Level: Information
Source: Microsoft-Windows-Dhcp-Client
Event ID: 50065
Time: /Date(1771943882234
Message: DHCP has found a match in the cache for Service Set Identifier(SSID) Sunil 5G(Hexadecimal value of SSID: 3557E696C6025374) for the Network Card with the network address 0xD0577E0C60CF

Event #124
--------------------------------------------------------------------------------
Level: Information
Source: Microsoft-Windows-Dhcp-Client
Event ID: 50067
Time: /Date(1771943882234
Message: DHCP has received a Service Set Identifier(SSID) Sunil 5G(Hexadecimal value of SSID: 3557E696C6025374) for the Network Card with the network address 0xD0577E0C60CF

Event #125
--------------------------------------------------------------------------------
Level: Information
Source: Microsoft-Windows-Dhcp-Client
Event ID: 50066
Time: /Date(1771940353567
Message: DHCP has plumbed an address using Service Set Identifier(SSID) Sunil 5G(Hexadecimal value of SSID: 3557E696C6025374) for the Network Card with the network address 0xD0577E0C60CF

Event #126
--------------------------------------------------------------------------------
Level: Information
Source: Microsoft-Windows-Dhcp-Client
Event ID: 50065
Time: /Date(1771940351113
Message: DHCP has found a match in the cache for Service Set Identifier(SSID) Sunil 5G(Hexadecimal value of SSID: 3557E696C6025374) for the Network Card with the network address 0xD0577E0C60CF

Event #127
--------------------------------------------------------------------------------
Level: Information
Source: Microsoft-Windows-Dhcp-Client
Event ID: 50067
Time: /Date(1771940351112
Message: DHCP has received a Service Set Identifier(SSID) Sunil 5G(Hexadecimal value of SSID: 3557E696C6025374) for the Network Card with the network address 0xD0577E0C60CF

Event #128
--------------------------------------------------------------------------------
Level: Information
Source: Microsoft-Windows-Dhcp-Client
Event ID: 50065
Time: /Date(1771932182285
Message: DHCP has found a match in the cache for Service Set Identifier(SSID) ECO-216(Hexadecimal value of SSID: 5434F4D2231363) for the Network Card with the network address 0xD0577E0C60CF

Event #129
--------------------------------------------------------------------------------
Level: Information
Source: Microsoft-Windows-Dhcp-Client
Event ID: 50067
Time: /Date(1771932182285
Message: DHCP has received a Service Set Identifier(SSID) ECO-216(Hexadecimal value of SSID: 5434F4D2231363) for the Network Card with the network address 0xD0577E0C60CF

Event #130
--------------------------------------------------------------------------------
Level: Information
Source: Microsoft-Windows-Dhcp-Client
Event ID: 50076
Time: /Date(1771929770234
Message: DHCP has not plumbed an address using Service Set Identifier(SSID) ECO-216(Hexadecimal value of SSID: 5434F4D2231363) for the Network Card with the network address 0xD0577E0C60CF since the lease has expired

Event #131
--------------------------------------------------------------------------------
Level: Information
Source: Microsoft-Windows-Dhcp-Client
Event ID: 50065
Time: /Date(1771929769867
Message: DHCP has found a match in the cache for Service Set Identifier(SSID) ECO-216(Hexadecimal value of SSID: 5434F4D2231363) for the Network Card with the network address 0xD0577E0C60CF

Event #132
--------------------------------------------------------------------------------
Level: Information
Source: Microsoft-Windows-Dhcp-Client
Event ID: 50067
Time: /Date(1771929769867
Message: DHCP has received a Service Set Identifier(SSID) ECO-216(Hexadecimal value of SSID: 5434F4D2231363) for the Network Card with the network address 0xD0577E0C60CF

Event #133
--------------------------------------------------------------------------------
Level: Information
Source: Microsoft-Windows-Dhcp-Client
Event ID: 50065
Time: /Date(1771928743531
Message: DHCP has found a match in the cache for Service Set Identifier(SSID) RSN2OfficeWLAN(Hexadecimal value of SSID: 2535E423F4666696365675C414E4) for the Network Card with the network address 0xD0577E0C60CF

Event #134
--------------------------------------------------------------------------------
Level: Information
Source: Microsoft-Windows-Dhcp-Client
Event ID: 50067
Time: /Date(1771928743531
Message: DHCP has received a Service Set Identifier(SSID) RSN2OfficeWLAN(Hexadecimal value of SSID: 2535E423F4666696365675C414E4) for the Network Card with the network address 0xD0577E0C60CF

Event #135
--------------------------------------------------------------------------------
Level: Information
Source: Microsoft-Windows-Dhcp-Client
Event ID: 50065
Time: /Date(1771928714172
Message: DHCP has found a match in the cache for Service Set Identifier(SSID) RSN2OfficeWLAN(Hexadecimal value of SSID: 2535E423F4666696365675C414E4) for the Network Card with the network address 0xD0577E0C60CF

Event #136
--------------------------------------------------------------------------------
Level: Information
Source: Microsoft-Windows-Dhcp-Client
Event ID: 50067
Time: /Date(1771928714172
Message: DHCP has received a Service Set Identifier(SSID) RSN2OfficeWLAN(Hexadecimal value of SSID: 2535E423F4666696365675C414E4) for the Network Card with the network address 0xD0577E0C60CF

Event #137
--------------------------------------------------------------------------------
Level: Information
Source: Microsoft-Windows-Dhcp-Client
Event ID: 50065
Time: /Date(1771928699367
Message: DHCP has found a match in the cache for Service Set Identifier(SSID) RSN2OfficeWLAN(Hexadecimal value of SSID: 2535E423F4666696365675C414E4) for the Network Card with the network address 0xD0577E0C60CF

Event #138
--------------------------------------------------------------------------------
Level: Information
Source: Microsoft-Windows-Dhcp-Client
Event ID: 50067
Time: /Date(1771928699367
Message: DHCP has received a Service Set Identifier(SSID) RSN2OfficeWLAN(Hexadecimal value of SSID: 2535E423F4666696365675C414E4) for the Network Card with the network address 0xD0577E0C60CF

Event #139
--------------------------------------------------------------------------------
Level: Warning
Source: Microsoft-Windows-Dhcp-Client
Event ID: 1003
Time: /Date(1771928417967
Message: Your computer was not able to renew its address from the network (from the DHCP Server) for the Network Card with network address 0xD0577E0C60CF.  The following error occurred: 0x79. Your computer will continue to try and obtain an address on its own from the network address (DHCP) server.

Event #140
--------------------------------------------------------------------------------
Level: Information
Source: Microsoft-Windows-Dhcp-Client
Event ID: 50065
Time: /Date(1771928398082
Message: DHCP has found a match in the cache for Service Set Identifier(SSID) RSN2OfficeWLAN(Hexadecimal value of SSID: 2535E423F4666696365675C414E4) for the Network Card with the network address 0xD0577E0C60CF

Event #141
--------------------------------------------------------------------------------
Level: Information
Source: Microsoft-Windows-Dhcp-Client
Event ID: 50067
Time: /Date(1771928398082
Message: DHCP has received a Service Set Identifier(SSID) RSN2OfficeWLAN(Hexadecimal value of SSID: 2535E423F4666696365675C414E4) for the Network Card with the network address 0xD0577E0C60CF

Event #142
--------------------------------------------------------------------------------
Level: Information
Source: Microsoft-Windows-Dhcp-Client
Event ID: 50065
Time: /Date(1771928065221
Message: DHCP has found a match in the cache for Service Set Identifier(SSID) RSN2OfficeWLAN(Hexadecimal value of SSID: 2535E423F4666696365675C414E4) for the Network Card with the network address 0xD0577E0C60CF

Event #143
--------------------------------------------------------------------------------
Level: Information
Source: Microsoft-Windows-Dhcp-Client
Event ID: 50067
Time: /Date(1771928065221
Message: DHCP has received a Service Set Identifier(SSID) RSN2OfficeWLAN(Hexadecimal value of SSID: 2535E423F4666696365675C414E4) for the Network Card with the network address 0xD0577E0C60CF

Event #144
--------------------------------------------------------------------------------
Level: Information
Source: Microsoft-Windows-Dhcp-Client
Event ID: 50065
Time: /Date(1771928062357
Message: DHCP has found a match in the cache for Service Set Identifier(SSID) RSN2OfficeWLAN(Hexadecimal value of SSID: 2535E423F4666696365675C414E4) for the Network Card with the network address 0xD0577E0C60CF

Event #145
--------------------------------------------------------------------------------
Level: Information
Source: Microsoft-Windows-Dhcp-Client
Event ID: 50067
Time: /Date(1771928062357
Message: DHCP has received a Service Set Identifier(SSID) RSN2OfficeWLAN(Hexadecimal value of SSID: 2535E423F4666696365675C414E4) for the Network Card with the network address 0xD0577E0C60CF

Event #146
--------------------------------------------------------------------------------
Level: Information
Source: Microsoft-Windows-Dhcp-Client
Event ID: 50065
Time: /Date(1771928052444
Message: DHCP has found a match in the cache for Service Set Identifier(SSID) RSN2OfficeWLAN(Hexadecimal value of SSID: 2535E423F4666696365675C414E4) for the Network Card with the network address 0xD0577E0C60CF

Event #147
--------------------------------------------------------------------------------
Level: Information
Source: Microsoft-Windows-Dhcp-Client
Event ID: 50067
Time: /Date(1771928052444
Message: DHCP has received a Service Set Identifier(SSID) RSN2OfficeWLAN(Hexadecimal value of SSID: 2535E423F4666696365675C414E4) for the Network Card with the network address 0xD0577E0C60CF

Event #148
--------------------------------------------------------------------------------
Level: Information
Source: Microsoft-Windows-Dhcp-Client
Event ID: 50065
Time: /Date(1771928046678
Message: DHCP has found a match in the cache for Service Set Identifier(SSID) RSN2OfficeWLAN(Hexadecimal value of SSID: 2535E423F4666696365675C414E4) for the Network Card with the network address 0xD0577E0C60CF

Event #149
--------------------------------------------------------------------------------
Level: Information
Source: Microsoft-Windows-Dhcp-Client
Event ID: 50067
Time: /Date(1771928046678
Message: DHCP has received a Service Set Identifier(SSID) RSN2OfficeWLAN(Hexadecimal value of SSID: 2535E423F4666696365675C414E4) for the Network Card with the network address 0xD0577E0C60CF

Event #150
--------------------------------------------------------------------------------
Level: Information
Source: Microsoft-Windows-Dhcp-Client
Event ID: 50065
Time: /Date(1771928040475
Message: DHCP has found a match in the cache for Service Set Identifier(SSID) RSN2OfficeWLAN(Hexadecimal value of SSID: 2535E423F4666696365675C414E4) for the Network Card with the network address 0xD0577E0C60CF

Event #151
--------------------------------------------------------------------------------
Level: Information
Source: Microsoft-Windows-Dhcp-Client
Event ID: 50067
Time: /Date(1771928040475
Message: DHCP has received a Service Set Identifier(SSID) RSN2OfficeWLAN(Hexadecimal value of SSID: 2535E423F4666696365675C414E4) for the Network Card with the network address 0xD0577E0C60CF

Event #152
--------------------------------------------------------------------------------
Level: Information
Source: Microsoft-Windows-Dhcp-Client
Event ID: 50065
Time: /Date(1771928031451
Message: DHCP has found a match in the cache for Service Set Identifier(SSID) RSN2OfficeWLAN(Hexadecimal value of SSID: 2535E423F4666696365675C414E4) for the Network Card with the network address 0xD0577E0C60CF

Event #153
--------------------------------------------------------------------------------
Level: Information
Source: Microsoft-Windows-Dhcp-Client
Event ID: 50067
Time: /Date(1771928031451
Message: DHCP has received a Service Set Identifier(SSID) RSN2OfficeWLAN(Hexadecimal value of SSID: 2535E423F4666696365675C414E4) for the Network Card with the network address 0xD0577E0C60CF

Event #154
--------------------------------------------------------------------------------
Level: Information
Source: Microsoft-Windows-Dhcp-Client
Event ID: 50065
Time: /Date(1771927382365
Message: DHCP has found a match in the cache for Service Set Identifier(SSID) RSN2OfficeWLAN(Hexadecimal value of SSID: 2535E423F4666696365675C414E4) for the Network Card with the network address 0xD0577E0C60CF

Event #155
--------------------------------------------------------------------------------
Level: Information
Source: Microsoft-Windows-Dhcp-Client
Event ID: 50067
Time: /Date(1771927382365
Message: DHCP has received a Service Set Identifier(SSID) RSN2OfficeWLAN(Hexadecimal value of SSID: 2535E423F4666696365675C414E4) for the Network Card with the network address 0xD0577E0C60CF

Event #156
--------------------------------------------------------------------------------
Level: Information
Source: Microsoft-Windows-Dhcp-Client
Event ID: 50065
Time: /Date(1771926916799
Message: DHCP has found a match in the cache for Service Set Identifier(SSID) RSN2OfficeWLAN(Hexadecimal value of SSID: 2535E423F4666696365675C414E4) for the Network Card with the network address 0xD0577E0C60CF

Event #157
--------------------------------------------------------------------------------
Level: Information
Source: Microsoft-Windows-Dhcp-Client
Event ID: 50067
Time: /Date(1771926916799
Message: DHCP has received a Service Set Identifier(SSID) RSN2OfficeWLAN(Hexadecimal value of SSID: 2535E423F4666696365675C414E4) for the Network Card with the network address 0xD0577E0C60CF

Event #158
--------------------------------------------------------------------------------
Level: Information
Source: Microsoft-Windows-Dhcp-Client
Event ID: 50065
Time: /Date(1771926853564
Message: DHCP has found a match in the cache for Service Set Identifier(SSID) RSN2OfficeWLAN(Hexadecimal value of SSID: 2535E423F4666696365675C414E4) for the Network Card with the network address 0xD0577E0C60CF

Event #159
--------------------------------------------------------------------------------
Level: Information
Source: Microsoft-Windows-Dhcp-Client
Event ID: 50067
Time: /Date(1771926853564
Message: DHCP has received a Service Set Identifier(SSID) RSN2OfficeWLAN(Hexadecimal value of SSID: 2535E423F4666696365675C414E4) for the Network Card with the network address 0xD0577E0C60CF

